{"/Users/a4243342/Desktop/XCMAX/FHD/frontend/src/composables/useChatView.ts": {"path":"/Users/a4243342/Desktop/XCMAX/FHD/frontend/src/composables/useChatView.ts","all":false,"statementMap":{"0":{"start":{"line":1,"column":0},"end":{"line":1,"column":14}},"1":{"start":{"line":2,"column":0},"end":{"line":2,"column":80}},"71":{"start":{"line":72,"column":0},"end":{"line":72,"column":65}},"72":{"start":{"line":73,"column":0},"end":{"line":73,"column":63}},"74":{"start":{"line":75,"column":0},"end":{"line":75,"column":92}},"75":{"start":{"line":76,"column":0},"end":{"line":76,"column":56}},"76":{"start":{"line":77,"column":0},"end":{"line":77,"column":7}},"77":{"start":{"line":78,"column":0},"end":{"line":78,"column":82}},"78":{"start":{"line":79,"column":0},"end":{"line":79,"column":25}},"79":{"start":{"line":80,"column":0},"end":{"line":80,"column":34}},"80":{"start":{"line":81,"column":0},"end":{"line":81,"column":63}},"81":{"start":{"line":82,"column":0},"end":{"line":82,"column":11}},"82":{"start":{"line":83,"column":0},"end":{"line":83,"column":15}},"83":{"start":{"line":84,"column":0},"end":{"line":84,"column":3}},"84":{"start":{"line":85,"column":0},"end":{"line":85,"column":1}},"86":{"start":{"line":87,"column":0},"end":{"line":87,"column":91}},"87":{"start":{"line":88,"column":0},"end":{"line":88,"column":51}},"88":{"start":{"line":89,"column":0},"end":{"line":89,"column":7}},"89":{"start":{"line":90,"column":0},"end":{"line":90,"column":58}},"90":{"start":{"line":91,"column":0},"end":{"line":91,"column":44}},"91":{"start":{"line":92,"column":0},"end":{"line":92,"column":57}},"92":{"start":{"line":93,"column":0},"end":{"line":93,"column":11}},"94":{"start":{"line":95,"column":0},"end":{"line":95,"column":3}},"95":{"start":{"line":96,"column":0},"end":{"line":96,"column":1}},"99":{"start":{"line":100,"column":0},"end":{"line":100,"column":64}},"100":{"start":{"line":101,"column":0},"end":{"line":101,"column":22}},"101":{"start":{"line":102,"column":0},"end":{"line":102,"column":22}},"102":{"start":{"line":103,"column":0},"end":{"line":103,"column":36}},"103":{"start":{"line":104,"column":0},"end":{"line":104,"column":28}},"104":{"start":{"line":105,"column":0},"end":{"line":105,"column":42}},"105":{"start":{"line":106,"column":0},"end":{"line":106,"column":31}},"106":{"start":{"line":107,"column":0},"end":{"line":107,"column":32}},"107":{"start":{"line":108,"column":0},"end":{"line":108,"column":28}},"108":{"start":{"line":109,"column":0},"end":{"line":109,"column":30}},"109":{"start":{"line":110,"column":0},"end":{"line":110,"column":29}},"110":{"start":{"line":111,"column":0},"end":{"line":111,"column":3}},"111":{"start":{"line":112,"column":0},"end":{"line":112,"column":33}},"112":{"start":{"line":113,"column":0},"end":{"line":113,"column":38}},"113":{"start":{"line":114,"column":0},"end":{"line":114,"column":20}},"114":{"start":{"line":115,"column":0},"end":{"line":115,"column":12}},"115":{"start":{"line":116,"column":0},"end":{"line":116,"column":3}},"116":{"start":{"line":117,"column":0},"end":{"line":117,"column":11}},"117":{"start":{"line":118,"column":0},"end":{"line":118,"column":1}},"119":{"start":{"line":120,"column":0},"end":{"line":120,"column":76}},"120":{"start":{"line":121,"column":0},"end":{"line":121,"column":48}},"121":{"start":{"line":122,"column":0},"end":{"line":122,"column":99}},"122":{"start":{"line":123,"column":0},"end":{"line":123,"column":39}},"123":{"start":{"line":124,"column":0},"end":{"line":124,"column":25}},"124":{"start":{"line":125,"column":0},"end":{"line":125,"column":48}},"125":{"start":{"line":126,"column":0},"end":{"line":126,"column":53}},"126":{"start":{"line":127,"column":0},"end":{"line":127,"column":23}},"127":{"start":{"line":128,"column":0},"end":{"line":128,"column":87}},"128":{"start":{"line":129,"column":0},"end":{"line":129,"column":6}},"129":{"start":{"line":130,"column":0},"end":{"line":130,"column":17}},"130":{"start":{"line":131,"column":0},"end":{"line":131,"column":3}},"131":{"start":{"line":132,"column":0},"end":{"line":132,"column":97}},"132":{"start":{"line":133,"column":0},"end":{"line":133,"column":45}},"133":{"start":{"line":134,"column":0},"end":{"line":134,"column":39}},"134":{"start":{"line":135,"column":0},"end":{"line":135,"column":18}},"135":{"start":{"line":136,"column":0},"end":{"line":136,"column":56}},"136":{"start":{"line":137,"column":0},"end":{"line":137,"column":4}},"137":{"start":{"line":138,"column":0},"end":{"line":138,"column":15}},"138":{"start":{"line":139,"column":0},"end":{"line":139,"column":1}},"140":{"start":{"line":141,"column":0},"end":{"line":141,"column":116}},"141":{"start":{"line":142,"column":0},"end":{"line":142,"column":78}},"142":{"start":{"line":143,"column":0},"end":{"line":143,"column":99}},"143":{"start":{"line":144,"column":0},"end":{"line":144,"column":45}},"144":{"start":{"line":145,"column":0},"end":{"line":145,"column":48}},"145":{"start":{"line":146,"column":0},"end":{"line":146,"column":41}},"146":{"start":{"line":147,"column":0},"end":{"line":147,"column":67}},"147":{"start":{"line":148,"column":0},"end":{"line":148,"column":71}},"148":{"start":{"line":149,"column":0},"end":{"line":149,"column":4}},"149":{"start":{"line":150,"column":0},"end":{"line":150,"column":26}},"150":{"start":{"line":151,"column":0},"end":{"line":151,"column":93}},"151":{"start":{"line":152,"column":0},"end":{"line":152,"column":73}},"152":{"start":{"line":153,"column":0},"end":{"line":153,"column":62}},"153":{"start":{"line":154,"column":0},"end":{"line":154,"column":20}},"154":{"start":{"line":155,"column":0},"end":{"line":155,"column":17}},"155":{"start":{"line":156,"column":0},"end":{"line":156,"column":101}},"156":{"start":{"line":157,"column":0},"end":{"line":157,"column":23}},"157":{"start":{"line":158,"column":0},"end":{"line":158,"column":66}},"158":{"start":{"line":159,"column":0},"end":{"line":159,"column":58}},"159":{"start":{"line":160,"column":0},"end":{"line":160,"column":64}},"160":{"start":{"line":161,"column":0},"end":{"line":161,"column":69}},"161":{"start":{"line":162,"column":0},"end":{"line":162,"column":30}},"162":{"start":{"line":163,"column":0},"end":{"line":163,"column":10}},"163":{"start":{"line":164,"column":0},"end":{"line":164,"column":39}},"164":{"start":{"line":165,"column":0},"end":{"line":165,"column":41}},"165":{"start":{"line":166,"column":0},"end":{"line":166,"column":28}},"166":{"start":{"line":167,"column":0},"end":{"line":167,"column":28}},"167":{"start":{"line":168,"column":0},"end":{"line":168,"column":28}},"168":{"start":{"line":169,"column":0},"end":{"line":169,"column":29}},"169":{"start":{"line":170,"column":0},"end":{"line":170,"column":3}},"170":{"start":{"line":171,"column":0},"end":{"line":171,"column":1}},"173":{"start":{"line":174,"column":0},"end":{"line":174,"column":71}},"174":{"start":{"line":175,"column":0},"end":{"line":175,"column":36}},"175":{"start":{"line":176,"column":0},"end":{"line":176,"column":49}},"176":{"start":{"line":177,"column":0},"end":{"line":177,"column":51}},"177":{"start":{"line":178,"column":0},"end":{"line":178,"column":77}},"178":{"start":{"line":179,"column":0},"end":{"line":179,"column":15}},"179":{"start":{"line":180,"column":0},"end":{"line":180,"column":3}},"180":{"start":{"line":181,"column":0},"end":{"line":181,"column":30}},"181":{"start":{"line":182,"column":0},"end":{"line":182,"column":19}},"182":{"start":{"line":183,"column":0},"end":{"line":183,"column":51}},"183":{"start":{"line":184,"column":0},"end":{"line":184,"column":57}},"184":{"start":{"line":185,"column":0},"end":{"line":185,"column":3}},"185":{"start":{"line":186,"column":0},"end":{"line":186,"column":30}},"186":{"start":{"line":187,"column":0},"end":{"line":187,"column":25}},"187":{"start":{"line":188,"column":0},"end":{"line":188,"column":17}},"188":{"start":{"line":189,"column":0},"end":{"line":189,"column":65}},"189":{"start":{"line":190,"column":0},"end":{"line":190,"column":135}},"190":{"start":{"line":191,"column":0},"end":{"line":191,"column":33}},"191":{"start":{"line":192,"column":0},"end":{"line":192,"column":7}},"192":{"start":{"line":193,"column":0},"end":{"line":193,"column":55}},"193":{"start":{"line":194,"column":0},"end":{"line":194,"column":52}},"194":{"start":{"line":195,"column":0},"end":{"line":195,"column":5}},"195":{"start":{"line":196,"column":0},"end":{"line":196,"column":3}},"196":{"start":{"line":197,"column":0},"end":{"line":197,"column":13}},"197":{"start":{"line":198,"column":0},"end":{"line":198,"column":1}},"231":{"start":{"line":232,"column":0},"end":{"line":232,"column":90}},"232":{"start":{"line":233,"column":0},"end":{"line":233,"column":45}},"233":{"start":{"line":234,"column":0},"end":{"line":234,"column":64}},"234":{"start":{"line":235,"column":0},"end":{"line":235,"column":7}},"235":{"start":{"line":236,"column":0},"end":{"line":236,"column":76}},"236":{"start":{"line":237,"column":0},"end":{"line":237,"column":25}},"237":{"start":{"line":238,"column":0},"end":{"line":238,"column":34}},"238":{"start":{"line":239,"column":0},"end":{"line":239,"column":58}},"239":{"start":{"line":240,"column":0},"end":{"line":240,"column":92}},"240":{"start":{"line":241,"column":0},"end":{"line":241,"column":74}},"241":{"start":{"line":242,"column":0},"end":{"line":242,"column":74}},"242":{"start":{"line":243,"column":0},"end":{"line":243,"column":95}},"243":{"start":{"line":244,"column":0},"end":{"line":244,"column":10}},"244":{"start":{"line":245,"column":0},"end":{"line":245,"column":69}},"245":{"start":{"line":246,"column":0},"end":{"line":246,"column":145}},"246":{"start":{"line":247,"column":0},"end":{"line":247,"column":104}},"247":{"start":{"line":248,"column":0},"end":{"line":248,"column":51}},"248":{"start":{"line":249,"column":0},"end":{"line":249,"column":12}},"249":{"start":{"line":250,"column":0},"end":{"line":250,"column":12}},"250":{"start":{"line":251,"column":0},"end":{"line":251,"column":15}},"251":{"start":{"line":252,"column":0},"end":{"line":252,"column":19}},"252":{"start":{"line":253,"column":0},"end":{"line":253,"column":22}},"253":{"start":{"line":254,"column":0},"end":{"line":254,"column":17}},"254":{"start":{"line":255,"column":0},"end":{"line":255,"column":18}},"255":{"start":{"line":256,"column":0},"end":{"line":256,"column":57}},"256":{"start":{"line":257,"column":0},"end":{"line":257,"column":5}},"257":{"start":{"line":258,"column":0},"end":{"line":258,"column":11}},"258":{"start":{"line":259,"column":0},"end":{"line":259,"column":15}},"259":{"start":{"line":260,"column":0},"end":{"line":260,"column":3}},"260":{"start":{"line":261,"column":0},"end":{"line":261,"column":1}},"262":{"start":{"line":263,"column":0},"end":{"line":263,"column":90}},"263":{"start":{"line":264,"column":0},"end":{"line":264,"column":45}},"264":{"start":{"line":265,"column":0},"end":{"line":265,"column":59}},"265":{"start":{"line":266,"column":0},"end":{"line":266,"column":7}},"266":{"start":{"line":267,"column":0},"end":{"line":267,"column":87}},"267":{"start":{"line":268,"column":0},"end":{"line":268,"column":11}},"269":{"start":{"line":270,"column":0},"end":{"line":270,"column":3}},"270":{"start":{"line":271,"column":0},"end":{"line":271,"column":1}},"272":{"start":{"line":273,"column":0},"end":{"line":273,"column":65}},"273":{"start":{"line":274,"column":0},"end":{"line":274,"column":45}},"274":{"start":{"line":275,"column":0},"end":{"line":275,"column":59}},"275":{"start":{"line":276,"column":0},"end":{"line":276,"column":7}},"276":{"start":{"line":277,"column":0},"end":{"line":277,"column":67}},"277":{"start":{"line":278,"column":0},"end":{"line":278,"column":11}},"279":{"start":{"line":280,"column":0},"end":{"line":280,"column":3}},"280":{"start":{"line":281,"column":0},"end":{"line":281,"column":1}},"282":{"start":{"line":283,"column":0},"end":{"line":283,"column":58}},"283":{"start":{"line":284,"column":0},"end":{"line":284,"column":28}},"284":{"start":{"line":285,"column":0},"end":{"line":285,"column":42}},"285":{"start":{"line":286,"column":0},"end":{"line":286,"column":34}},"286":{"start":{"line":287,"column":0},"end":{"line":287,"column":64}},"287":{"start":{"line":288,"column":0},"end":{"line":288,"column":31}},"288":{"start":{"line":289,"column":0},"end":{"line":289,"column":71}},"290":{"start":{"line":291,"column":0},"end":{"line":291,"column":9}},"291":{"start":{"line":292,"column":0},"end":{"line":292,"column":13}},"292":{"start":{"line":293,"column":0},"end":{"line":293,"column":16}},"293":{"start":{"line":294,"column":0},"end":{"line":294,"column":15}},"294":{"start":{"line":295,"column":0},"end":{"line":295,"column":44}},"295":{"start":{"line":296,"column":0},"end":{"line":296,"column":16}},"296":{"start":{"line":297,"column":0},"end":{"line":297,"column":25}},"297":{"start":{"line":298,"column":0},"end":{"line":298,"column":33}},"298":{"start":{"line":299,"column":0},"end":{"line":299,"column":18}},"299":{"start":{"line":300,"column":0},"end":{"line":300,"column":17}},"300":{"start":{"line":301,"column":0},"end":{"line":301,"column":19}},"301":{"start":{"line":302,"column":0},"end":{"line":302,"column":15}},"302":{"start":{"line":303,"column":0},"end":{"line":303,"column":19}},"303":{"start":{"line":304,"column":0},"end":{"line":304,"column":32}},"306":{"start":{"line":307,"column":0},"end":{"line":307,"column":55}},"307":{"start":{"line":308,"column":0},"end":{"line":308,"column":76}},"309":{"start":{"line":310,"column":0},"end":{"line":310,"column":44}},"310":{"start":{"line":311,"column":0},"end":{"line":311,"column":30}},"311":{"start":{"line":312,"column":0},"end":{"line":312,"column":67}},"312":{"start":{"line":313,"column":0},"end":{"line":313,"column":19}},"313":{"start":{"line":314,"column":0},"end":{"line":314,"column":23}},"314":{"start":{"line":315,"column":0},"end":{"line":315,"column":5}},"315":{"start":{"line":316,"column":0},"end":{"line":316,"column":3}},"317":{"start":{"line":318,"column":0},"end":{"line":318,"column":35}},"318":{"start":{"line":319,"column":0},"end":{"line":319,"column":20}},"319":{"start":{"line":320,"column":0},"end":{"line":320,"column":40}},"320":{"start":{"line":321,"column":0},"end":{"line":321,"column":55}},"321":{"start":{"line":322,"column":0},"end":{"line":322,"column":20}},"322":{"start":{"line":323,"column":0},"end":{"line":323,"column":55}},"323":{"start":{"line":324,"column":0},"end":{"line":324,"column":47}},"324":{"start":{"line":325,"column":0},"end":{"line":325,"column":6}},"325":{"start":{"line":326,"column":0},"end":{"line":326,"column":3}},"327":{"start":{"line":328,"column":0},"end":{"line":328,"column":52}},"328":{"start":{"line":329,"column":0},"end":{"line":329,"column":40}},"329":{"start":{"line":330,"column":0},"end":{"line":330,"column":30}},"330":{"start":{"line":331,"column":0},"end":{"line":331,"column":37}},"331":{"start":{"line":332,"column":0},"end":{"line":332,"column":32}},"332":{"start":{"line":333,"column":0},"end":{"line":333,"column":86}},"333":{"start":{"line":334,"column":0},"end":{"line":334,"column":122}},"334":{"start":{"line":335,"column":0},"end":{"line":335,"column":38}},"335":{"start":{"line":336,"column":0},"end":{"line":336,"column":38}},"336":{"start":{"line":337,"column":0},"end":{"line":337,"column":43}},"337":{"start":{"line":338,"column":0},"end":{"line":338,"column":73}},"338":{"start":{"line":339,"column":0},"end":{"line":339,"column":31}},"340":{"start":{"line":341,"column":0},"end":{"line":341,"column":68}},"342":{"start":{"line":343,"column":0},"end":{"line":343,"column":47}},"344":{"start":{"line":345,"column":0},"end":{"line":345,"column":76}},"345":{"start":{"line":346,"column":0},"end":{"line":346,"column":84}},"346":{"start":{"line":347,"column":0},"end":{"line":347,"column":32}},"347":{"start":{"line":348,"column":0},"end":{"line":348,"column":60}},"348":{"start":{"line":349,"column":0},"end":{"line":349,"column":60}},"349":{"start":{"line":350,"column":0},"end":{"line":350,"column":58}},"350":{"start":{"line":351,"column":0},"end":{"line":351,"column":35}},"351":{"start":{"line":352,"column":0},"end":{"line":352,"column":105}},"352":{"start":{"line":353,"column":0},"end":{"line":353,"column":26}},"353":{"start":{"line":354,"column":0},"end":{"line":354,"column":6}},"354":{"start":{"line":355,"column":0},"end":{"line":355,"column":3}},"356":{"start":{"line":357,"column":0},"end":{"line":357,"column":83}},"357":{"start":{"line":358,"column":0},"end":{"line":358,"column":84}},"358":{"start":{"line":359,"column":0},"end":{"line":359,"column":54}},"359":{"start":{"line":360,"column":0},"end":{"line":360,"column":21}},"360":{"start":{"line":361,"column":0},"end":{"line":361,"column":25}},"361":{"start":{"line":362,"column":0},"end":{"line":362,"column":29}},"362":{"start":{"line":363,"column":0},"end":{"line":363,"column":32}},"363":{"start":{"line":364,"column":0},"end":{"line":364,"column":30}},"364":{"start":{"line":365,"column":0},"end":{"line":365,"column":30}},"365":{"start":{"line":366,"column":0},"end":{"line":366,"column":12}},"366":{"start":{"line":367,"column":0},"end":{"line":367,"column":5}},"367":{"start":{"line":368,"column":0},"end":{"line":368,"column":109}},"368":{"start":{"line":369,"column":0},"end":{"line":369,"column":43}},"369":{"start":{"line":370,"column":0},"end":{"line":370,"column":78}},"370":{"start":{"line":371,"column":0},"end":{"line":371,"column":58}},"371":{"start":{"line":372,"column":0},"end":{"line":372,"column":104}},"372":{"start":{"line":373,"column":0},"end":{"line":373,"column":84}},"373":{"start":{"line":374,"column":0},"end":{"line":374,"column":30}},"374":{"start":{"line":375,"column":0},"end":{"line":375,"column":37}},"375":{"start":{"line":376,"column":0},"end":{"line":376,"column":18}},"376":{"start":{"line":377,"column":0},"end":{"line":377,"column":3}},"378":{"start":{"line":379,"column":0},"end":{"line":379,"column":9}},"379":{"start":{"line":380,"column":0},"end":{"line":380,"column":26}},"380":{"start":{"line":381,"column":0},"end":{"line":381,"column":46}},"381":{"start":{"line":382,"column":0},"end":{"line":382,"column":27}},"382":{"start":{"line":383,"column":0},"end":{"line":383,"column":34}},"383":{"start":{"line":384,"column":0},"end":{"line":384,"column":24}},"384":{"start":{"line":385,"column":0},"end":{"line":385,"column":22}},"385":{"start":{"line":386,"column":0},"end":{"line":386,"column":22}},"386":{"start":{"line":387,"column":0},"end":{"line":387,"column":57}},"388":{"start":{"line":389,"column":0},"end":{"line":389,"column":9}},"389":{"start":{"line":390,"column":0},"end":{"line":390,"column":15}},"390":{"start":{"line":391,"column":0},"end":{"line":391,"column":21}},"391":{"start":{"line":392,"column":0},"end":{"line":392,"column":28}},"392":{"start":{"line":393,"column":0},"end":{"line":393,"column":23}},"394":{"start":{"line":395,"column":0},"end":{"line":395,"column":72}},"395":{"start":{"line":396,"column":0},"end":{"line":396,"column":61}},"396":{"start":{"line":397,"column":0},"end":{"line":397,"column":41}},"399":{"start":{"line":400,"column":0},"end":{"line":400,"column":62}},"400":{"start":{"line":401,"column":0},"end":{"line":401,"column":79}},"402":{"start":{"line":403,"column":0},"end":{"line":403,"column":9}},"403":{"start":{"line":404,"column":0},"end":{"line":404,"column":26}},"404":{"start":{"line":405,"column":0},"end":{"line":405,"column":25}},"405":{"start":{"line":406,"column":0},"end":{"line":406,"column":18}},"406":{"start":{"line":407,"column":0},"end":{"line":407,"column":29}},"407":{"start":{"line":408,"column":0},"end":{"line":408,"column":37}},"408":{"start":{"line":409,"column":0},"end":{"line":409,"column":23}},"409":{"start":{"line":410,"column":0},"end":{"line":410,"column":32}},"410":{"start":{"line":411,"column":0},"end":{"line":411,"column":5}},"411":{"start":{"line":412,"column":0},"end":{"line":412,"column":54}},"412":{"start":{"line":413,"column":0},"end":{"line":413,"column":70}},"413":{"start":{"line":414,"column":0},"end":{"line":414,"column":25}},"414":{"start":{"line":415,"column":0},"end":{"line":415,"column":30}},"415":{"start":{"line":416,"column":0},"end":{"line":416,"column":65}},"416":{"start":{"line":417,"column":0},"end":{"line":417,"column":18}},"417":{"start":{"line":418,"column":0},"end":{"line":418,"column":69}},"418":{"start":{"line":419,"column":0},"end":{"line":419,"column":51}},"419":{"start":{"line":420,"column":0},"end":{"line":420,"column":68}},"420":{"start":{"line":421,"column":0},"end":{"line":421,"column":9}},"421":{"start":{"line":422,"column":0},"end":{"line":422,"column":48}},"422":{"start":{"line":423,"column":0},"end":{"line":423,"column":42}},"423":{"start":{"line":424,"column":0},"end":{"line":424,"column":73}},"424":{"start":{"line":425,"column":0},"end":{"line":425,"column":56}},"425":{"start":{"line":426,"column":0},"end":{"line":426,"column":75}},"426":{"start":{"line":427,"column":0},"end":{"line":427,"column":19}},"427":{"start":{"line":428,"column":0},"end":{"line":428,"column":37}},"428":{"start":{"line":429,"column":0},"end":{"line":429,"column":51}},"429":{"start":{"line":430,"column":0},"end":{"line":430,"column":35}},"430":{"start":{"line":431,"column":0},"end":{"line":431,"column":11}},"431":{"start":{"line":432,"column":0},"end":{"line":432,"column":11}},"432":{"start":{"line":433,"column":0},"end":{"line":433,"column":69}},"433":{"start":{"line":434,"column":0},"end":{"line":434,"column":49}},"434":{"start":{"line":435,"column":0},"end":{"line":435,"column":44}},"435":{"start":{"line":436,"column":0},"end":{"line":436,"column":63}},"436":{"start":{"line":437,"column":0},"end":{"line":437,"column":63}},"437":{"start":{"line":438,"column":0},"end":{"line":438,"column":27}},"438":{"start":{"line":439,"column":0},"end":{"line":439,"column":55}},"439":{"start":{"line":440,"column":0},"end":{"line":440,"column":61}},"440":{"start":{"line":441,"column":0},"end":{"line":441,"column":74}},"443":{"start":{"line":444,"column":0},"end":{"line":444,"column":107}},"444":{"start":{"line":445,"column":0},"end":{"line":445,"column":25}},"445":{"start":{"line":446,"column":0},"end":{"line":446,"column":35}},"446":{"start":{"line":447,"column":0},"end":{"line":447,"column":73}},"447":{"start":{"line":448,"column":0},"end":{"line":448,"column":28}},"448":{"start":{"line":449,"column":0},"end":{"line":449,"column":11}},"449":{"start":{"line":450,"column":0},"end":{"line":450,"column":10}},"450":{"start":{"line":451,"column":0},"end":{"line":451,"column":101}},"451":{"start":{"line":452,"column":0},"end":{"line":452,"column":19}},"452":{"start":{"line":453,"column":0},"end":{"line":453,"column":22}},"453":{"start":{"line":454,"column":0},"end":{"line":454,"column":24}},"454":{"start":{"line":455,"column":0},"end":{"line":455,"column":30}},"455":{"start":{"line":456,"column":0},"end":{"line":456,"column":28}},"456":{"start":{"line":457,"column":0},"end":{"line":457,"column":32}},"457":{"start":{"line":458,"column":0},"end":{"line":458,"column":30}},"458":{"start":{"line":459,"column":0},"end":{"line":459,"column":26}},"459":{"start":{"line":460,"column":0},"end":{"line":460,"column":20}},"460":{"start":{"line":461,"column":0},"end":{"line":461,"column":45}},"461":{"start":{"line":462,"column":0},"end":{"line":462,"column":12}},"462":{"start":{"line":463,"column":0},"end":{"line":463,"column":9}},"463":{"start":{"line":464,"column":0},"end":{"line":464,"column":8}},"464":{"start":{"line":465,"column":0},"end":{"line":465,"column":41}},"465":{"start":{"line":466,"column":0},"end":{"line":466,"column":20}},"466":{"start":{"line":467,"column":0},"end":{"line":467,"column":36}},"467":{"start":{"line":468,"column":0},"end":{"line":468,"column":39}},"468":{"start":{"line":469,"column":0},"end":{"line":469,"column":32}},"469":{"start":{"line":470,"column":0},"end":{"line":470,"column":26}},"470":{"start":{"line":471,"column":0},"end":{"line":471,"column":28}},"471":{"start":{"line":472,"column":0},"end":{"line":472,"column":21}},"472":{"start":{"line":473,"column":0},"end":{"line":473,"column":10}},"473":{"start":{"line":474,"column":0},"end":{"line":474,"column":8}},"474":{"start":{"line":475,"column":0},"end":{"line":475,"column":50}},"475":{"start":{"line":476,"column":0},"end":{"line":476,"column":101}},"476":{"start":{"line":477,"column":0},"end":{"line":477,"column":25}},"477":{"start":{"line":478,"column":0},"end":{"line":478,"column":20}},"478":{"start":{"line":479,"column":0},"end":{"line":479,"column":22}},"479":{"start":{"line":480,"column":0},"end":{"line":480,"column":28}},"480":{"start":{"line":481,"column":0},"end":{"line":481,"column":26}},"481":{"start":{"line":482,"column":0},"end":{"line":482,"column":30}},"482":{"start":{"line":483,"column":0},"end":{"line":483,"column":28}},"483":{"start":{"line":484,"column":0},"end":{"line":484,"column":46}},"484":{"start":{"line":485,"column":0},"end":{"line":485,"column":21}},"485":{"start":{"line":486,"column":0},"end":{"line":486,"column":10}},"486":{"start":{"line":487,"column":0},"end":{"line":487,"column":8}},"487":{"start":{"line":488,"column":0},"end":{"line":488,"column":48}},"488":{"start":{"line":489,"column":0},"end":{"line":489,"column":101}},"489":{"start":{"line":490,"column":0},"end":{"line":490,"column":25}},"490":{"start":{"line":491,"column":0},"end":{"line":491,"column":22}},"491":{"start":{"line":492,"column":0},"end":{"line":492,"column":59}},"492":{"start":{"line":493,"column":0},"end":{"line":493,"column":16}},"493":{"start":{"line":494,"column":0},"end":{"line":494,"column":52}},"494":{"start":{"line":495,"column":0},"end":{"line":495,"column":9}},"495":{"start":{"line":496,"column":0},"end":{"line":496,"column":7}},"496":{"start":{"line":497,"column":0},"end":{"line":497,"column":5}},"497":{"start":{"line":498,"column":0},"end":{"line":498,"column":3}},"499":{"start":{"line":500,"column":0},"end":{"line":500,"column":59}},"501":{"start":{"line":502,"column":0},"end":{"line":502,"column":32}},"502":{"start":{"line":503,"column":0},"end":{"line":503,"column":40}},"503":{"start":{"line":504,"column":0},"end":{"line":504,"column":35}},"504":{"start":{"line":505,"column":0},"end":{"line":505,"column":30}},"508":{"start":{"line":509,"column":0},"end":{"line":509,"column":8}},"509":{"start":{"line":510,"column":0},"end":{"line":510,"column":46}},"510":{"start":{"line":511,"column":0},"end":{"line":511,"column":11}},"511":{"start":{"line":512,"column":0},"end":{"line":512,"column":29}},"512":{"start":{"line":513,"column":0},"end":{"line":513,"column":30}},"513":{"start":{"line":514,"column":0},"end":{"line":514,"column":31}},"514":{"start":{"line":515,"column":0},"end":{"line":515,"column":48}},"515":{"start":{"line":516,"column":0},"end":{"line":516,"column":56}},"516":{"start":{"line":517,"column":0},"end":{"line":517,"column":7}},"517":{"start":{"line":518,"column":0},"end":{"line":518,"column":5}},"518":{"start":{"line":519,"column":0},"end":{"line":519,"column":3}},"519":{"start":{"line":520,"column":0},"end":{"line":520,"column":31}},"520":{"start":{"line":521,"column":0},"end":{"line":521,"column":55}},"521":{"start":{"line":522,"column":0},"end":{"line":522,"column":43}},"522":{"start":{"line":523,"column":0},"end":{"line":523,"column":46}},"523":{"start":{"line":524,"column":0},"end":{"line":524,"column":43}},"525":{"start":{"line":526,"column":0},"end":{"line":526,"column":30}},"526":{"start":{"line":527,"column":0},"end":{"line":527,"column":44}},"527":{"start":{"line":528,"column":0},"end":{"line":528,"column":55}},"528":{"start":{"line":529,"column":0},"end":{"line":529,"column":51}},"529":{"start":{"line":530,"column":0},"end":{"line":530,"column":4}},"530":{"start":{"line":531,"column":0},"end":{"line":531,"column":88}},"531":{"start":{"line":532,"column":0},"end":{"line":532,"column":84}},"532":{"start":{"line":533,"column":0},"end":{"line":533,"column":79}},"534":{"start":{"line":535,"column":0},"end":{"line":535,"column":40}},"535":{"start":{"line":536,"column":0},"end":{"line":536,"column":73}},"536":{"start":{"line":537,"column":0},"end":{"line":537,"column":3}},"538":{"start":{"line":539,"column":0},"end":{"line":539,"column":29}},"539":{"start":{"line":540,"column":0},"end":{"line":540,"column":32}},"540":{"start":{"line":541,"column":0},"end":{"line":541,"column":74}},"541":{"start":{"line":542,"column":0},"end":{"line":542,"column":5}},"542":{"start":{"line":543,"column":0},"end":{"line":543,"column":3}},"544":{"start":{"line":545,"column":0},"end":{"line":545,"column":63}},"545":{"start":{"line":546,"column":0},"end":{"line":546,"column":34}},"546":{"start":{"line":547,"column":0},"end":{"line":547,"column":49}},"547":{"start":{"line":548,"column":0},"end":{"line":548,"column":45}},"548":{"start":{"line":549,"column":0},"end":{"line":549,"column":26}},"549":{"start":{"line":550,"column":0},"end":{"line":550,"column":47}},"550":{"start":{"line":551,"column":0},"end":{"line":551,"column":3}},"552":{"start":{"line":553,"column":0},"end":{"line":553,"column":46}},"553":{"start":{"line":554,"column":0},"end":{"line":554,"column":28}},"554":{"start":{"line":555,"column":0},"end":{"line":555,"column":36}},"555":{"start":{"line":556,"column":0},"end":{"line":556,"column":30}},"556":{"start":{"line":557,"column":0},"end":{"line":557,"column":31}},"557":{"start":{"line":558,"column":0},"end":{"line":558,"column":13}},"558":{"start":{"line":559,"column":0},"end":{"line":559,"column":3}},"560":{"start":{"line":561,"column":0},"end":{"line":561,"column":82}},"561":{"start":{"line":562,"column":0},"end":{"line":562,"column":100}},"562":{"start":{"line":563,"column":0},"end":{"line":563,"column":3}},"564":{"start":{"line":565,"column":0},"end":{"line":565,"column":53}},"565":{"start":{"line":566,"column":0},"end":{"line":566,"column":51}},"566":{"start":{"line":567,"column":0},"end":{"line":567,"column":39}},"567":{"start":{"line":568,"column":0},"end":{"line":568,"column":3}},"569":{"start":{"line":570,"column":0},"end":{"line":570,"column":64}},"570":{"start":{"line":571,"column":0},"end":{"line":571,"column":58}},"571":{"start":{"line":572,"column":0},"end":{"line":572,"column":43}},"572":{"start":{"line":573,"column":0},"end":{"line":573,"column":75}},"573":{"start":{"line":574,"column":0},"end":{"line":574,"column":29}},"574":{"start":{"line":575,"column":0},"end":{"line":575,"column":96}},"575":{"start":{"line":576,"column":0},"end":{"line":576,"column":29}},"576":{"start":{"line":577,"column":0},"end":{"line":577,"column":32}},"577":{"start":{"line":578,"column":0},"end":{"line":578,"column":77}},"578":{"start":{"line":579,"column":0},"end":{"line":579,"column":9}},"579":{"start":{"line":580,"column":0},"end":{"line":580,"column":16}},"580":{"start":{"line":581,"column":0},"end":{"line":581,"column":21}},"581":{"start":{"line":582,"column":0},"end":{"line":582,"column":26}},"582":{"start":{"line":583,"column":0},"end":{"line":583,"column":16}},"583":{"start":{"line":584,"column":0},"end":{"line":584,"column":74}},"584":{"start":{"line":585,"column":0},"end":{"line":585,"column":119}},"585":{"start":{"line":586,"column":0},"end":{"line":586,"column":30}},"586":{"start":{"line":587,"column":0},"end":{"line":587,"column":9}},"587":{"start":{"line":588,"column":0},"end":{"line":588,"column":8}},"588":{"start":{"line":589,"column":0},"end":{"line":589,"column":22}},"589":{"start":{"line":590,"column":0},"end":{"line":590,"column":3}},"591":{"start":{"line":592,"column":0},"end":{"line":592,"column":79}},"592":{"start":{"line":593,"column":0},"end":{"line":593,"column":52}},"593":{"start":{"line":594,"column":0},"end":{"line":594,"column":62}},"594":{"start":{"line":595,"column":0},"end":{"line":595,"column":9}},"595":{"start":{"line":596,"column":0},"end":{"line":596,"column":102}},"596":{"start":{"line":597,"column":0},"end":{"line":597,"column":25}},"597":{"start":{"line":598,"column":0},"end":{"line":598,"column":36}},"598":{"start":{"line":599,"column":0},"end":{"line":599,"column":43}},"599":{"start":{"line":600,"column":0},"end":{"line":600,"column":19}},"600":{"start":{"line":601,"column":0},"end":{"line":601,"column":29}},"601":{"start":{"line":602,"column":0},"end":{"line":602,"column":79}},"602":{"start":{"line":603,"column":0},"end":{"line":603,"column":46}},"603":{"start":{"line":604,"column":0},"end":{"line":604,"column":128}},"604":{"start":{"line":605,"column":0},"end":{"line":605,"column":11}},"605":{"start":{"line":606,"column":0},"end":{"line":606,"column":65}},"606":{"start":{"line":607,"column":0},"end":{"line":607,"column":13}},"607":{"start":{"line":608,"column":0},"end":{"line":608,"column":15}},"608":{"start":{"line":609,"column":0},"end":{"line":609,"column":5}},"609":{"start":{"line":610,"column":0},"end":{"line":610,"column":3}},"611":{"start":{"line":612,"column":0},"end":{"line":612,"column":86}},"612":{"start":{"line":613,"column":0},"end":{"line":613,"column":52}},"613":{"start":{"line":614,"column":0},"end":{"line":614,"column":64}},"614":{"start":{"line":615,"column":0},"end":{"line":615,"column":9}},"615":{"start":{"line":616,"column":0},"end":{"line":616,"column":105}},"616":{"start":{"line":617,"column":0},"end":{"line":617,"column":27}},"617":{"start":{"line":618,"column":0},"end":{"line":618,"column":36}},"618":{"start":{"line":619,"column":0},"end":{"line":619,"column":65}},"619":{"start":{"line":620,"column":0},"end":{"line":620,"column":13}},"620":{"start":{"line":621,"column":0},"end":{"line":621,"column":17}},"621":{"start":{"line":622,"column":0},"end":{"line":622,"column":5}},"622":{"start":{"line":623,"column":0},"end":{"line":623,"column":3}},"624":{"start":{"line":625,"column":0},"end":{"line":625,"column":124}},"625":{"start":{"line":626,"column":0},"end":{"line":626,"column":55}},"626":{"start":{"line":627,"column":0},"end":{"line":627,"column":33}},"627":{"start":{"line":628,"column":0},"end":{"line":628,"column":53}},"628":{"start":{"line":629,"column":0},"end":{"line":629,"column":45}},"629":{"start":{"line":630,"column":0},"end":{"line":630,"column":30}},"630":{"start":{"line":631,"column":0},"end":{"line":631,"column":35}},"631":{"start":{"line":632,"column":0},"end":{"line":632,"column":6}},"632":{"start":{"line":633,"column":0},"end":{"line":633,"column":99}},"633":{"start":{"line":634,"column":0},"end":{"line":634,"column":83}},"634":{"start":{"line":635,"column":0},"end":{"line":635,"column":28}},"635":{"start":{"line":636,"column":0},"end":{"line":636,"column":65}},"636":{"start":{"line":637,"column":0},"end":{"line":637,"column":3}},"638":{"start":{"line":639,"column":0},"end":{"line":639,"column":74}},"639":{"start":{"line":640,"column":0},"end":{"line":640,"column":52}},"640":{"start":{"line":641,"column":0},"end":{"line":641,"column":25}},"641":{"start":{"line":642,"column":0},"end":{"line":642,"column":58}},"642":{"start":{"line":643,"column":0},"end":{"line":643,"column":55}},"643":{"start":{"line":644,"column":0},"end":{"line":644,"column":44}},"644":{"start":{"line":645,"column":0},"end":{"line":645,"column":30}},"645":{"start":{"line":646,"column":0},"end":{"line":646,"column":35}},"646":{"start":{"line":647,"column":0},"end":{"line":647,"column":6}},"647":{"start":{"line":648,"column":0},"end":{"line":648,"column":39}},"648":{"start":{"line":649,"column":0},"end":{"line":649,"column":42}},"649":{"start":{"line":650,"column":0},"end":{"line":650,"column":84}},"650":{"start":{"line":651,"column":0},"end":{"line":651,"column":66}},"651":{"start":{"line":652,"column":0},"end":{"line":652,"column":87}},"652":{"start":{"line":653,"column":0},"end":{"line":653,"column":12}},"653":{"start":{"line":654,"column":0},"end":{"line":654,"column":22}},"654":{"start":{"line":655,"column":0},"end":{"line":655,"column":12}},"655":{"start":{"line":656,"column":0},"end":{"line":656,"column":86}},"656":{"start":{"line":657,"column":0},"end":{"line":657,"column":33}},"657":{"start":{"line":658,"column":0},"end":{"line":658,"column":25}},"658":{"start":{"line":659,"column":0},"end":{"line":659,"column":5}},"659":{"start":{"line":660,"column":0},"end":{"line":660,"column":3}},"661":{"start":{"line":662,"column":0},"end":{"line":662,"column":56}},"662":{"start":{"line":663,"column":0},"end":{"line":663,"column":54}},"664":{"start":{"line":665,"column":0},"end":{"line":665,"column":58}},"665":{"start":{"line":666,"column":0},"end":{"line":666,"column":33}},"666":{"start":{"line":667,"column":0},"end":{"line":667,"column":54}},"667":{"start":{"line":668,"column":0},"end":{"line":668,"column":51}},"668":{"start":{"line":669,"column":0},"end":{"line":669,"column":93}},"669":{"start":{"line":670,"column":0},"end":{"line":670,"column":20}},"670":{"start":{"line":671,"column":0},"end":{"line":671,"column":24}},"671":{"start":{"line":672,"column":0},"end":{"line":672,"column":16}},"672":{"start":{"line":673,"column":0},"end":{"line":673,"column":7}},"673":{"start":{"line":674,"column":0},"end":{"line":674,"column":96}},"674":{"start":{"line":675,"column":0},"end":{"line":675,"column":19}},"675":{"start":{"line":676,"column":0},"end":{"line":676,"column":23}},"676":{"start":{"line":677,"column":0},"end":{"line":677,"column":7}},"677":{"start":{"line":678,"column":0},"end":{"line":678,"column":5}},"678":{"start":{"line":679,"column":0},"end":{"line":679,"column":36}},"679":{"start":{"line":680,"column":0},"end":{"line":680,"column":50}},"680":{"start":{"line":681,"column":0},"end":{"line":681,"column":22}},"681":{"start":{"line":682,"column":0},"end":{"line":682,"column":116}},"682":{"start":{"line":683,"column":0},"end":{"line":683,"column":48}},"683":{"start":{"line":684,"column":0},"end":{"line":684,"column":3}},"685":{"start":{"line":686,"column":0},"end":{"line":686,"column":66}},"686":{"start":{"line":687,"column":0},"end":{"line":687,"column":70}},"687":{"start":{"line":688,"column":0},"end":{"line":688,"column":54}},"688":{"start":{"line":689,"column":0},"end":{"line":689,"column":39}},"690":{"start":{"line":691,"column":0},"end":{"line":691,"column":45}},"691":{"start":{"line":692,"column":0},"end":{"line":692,"column":43}},"692":{"start":{"line":693,"column":0},"end":{"line":693,"column":6}},"694":{"start":{"line":695,"column":0},"end":{"line":695,"column":46}},"695":{"start":{"line":696,"column":0},"end":{"line":696,"column":47}},"696":{"start":{"line":697,"column":0},"end":{"line":697,"column":36}},"697":{"start":{"line":698,"column":0},"end":{"line":698,"column":24}},"698":{"start":{"line":699,"column":0},"end":{"line":699,"column":19}},"699":{"start":{"line":700,"column":0},"end":{"line":700,"column":28}},"700":{"start":{"line":701,"column":0},"end":{"line":701,"column":8}},"701":{"start":{"line":702,"column":0},"end":{"line":702,"column":6}},"703":{"start":{"line":704,"column":0},"end":{"line":704,"column":64}},"704":{"start":{"line":705,"column":0},"end":{"line":705,"column":56}},"705":{"start":{"line":706,"column":0},"end":{"line":706,"column":70}},"706":{"start":{"line":707,"column":0},"end":{"line":707,"column":27}},"707":{"start":{"line":708,"column":0},"end":{"line":708,"column":49}},"708":{"start":{"line":709,"column":0},"end":{"line":709,"column":7}},"709":{"start":{"line":710,"column":0},"end":{"line":710,"column":5}},"711":{"start":{"line":712,"column":0},"end":{"line":712,"column":44}},"712":{"start":{"line":713,"column":0},"end":{"line":713,"column":114}},"713":{"start":{"line":714,"column":0},"end":{"line":714,"column":17}},"714":{"start":{"line":715,"column":0},"end":{"line":715,"column":3}},"716":{"start":{"line":717,"column":0},"end":{"line":717,"column":43}},"717":{"start":{"line":718,"column":0},"end":{"line":718,"column":51}},"719":{"start":{"line":720,"column":0},"end":{"line":720,"column":58}},"720":{"start":{"line":721,"column":0},"end":{"line":721,"column":35}},"721":{"start":{"line":722,"column":0},"end":{"line":722,"column":54}},"722":{"start":{"line":723,"column":0},"end":{"line":723,"column":51}},"723":{"start":{"line":724,"column":0},"end":{"line":724,"column":10}},"724":{"start":{"line":725,"column":0},"end":{"line":725,"column":86}},"725":{"start":{"line":726,"column":0},"end":{"line":726,"column":79}},"726":{"start":{"line":727,"column":0},"end":{"line":727,"column":9}},"727":{"start":{"line":728,"column":0},"end":{"line":728,"column":28}},"728":{"start":{"line":729,"column":0},"end":{"line":729,"column":7}},"729":{"start":{"line":730,"column":0},"end":{"line":730,"column":5}},"730":{"start":{"line":731,"column":0},"end":{"line":731,"column":33}},"731":{"start":{"line":732,"column":0},"end":{"line":732,"column":34}},"732":{"start":{"line":733,"column":0},"end":{"line":733,"column":6}},"733":{"start":{"line":734,"column":0},"end":{"line":734,"column":3}},"735":{"start":{"line":736,"column":0},"end":{"line":736,"column":49}},"736":{"start":{"line":737,"column":0},"end":{"line":737,"column":78}},"737":{"start":{"line":738,"column":0},"end":{"line":738,"column":3}},"739":{"start":{"line":740,"column":0},"end":{"line":740,"column":27}},"740":{"start":{"line":741,"column":0},"end":{"line":741,"column":35}},"741":{"start":{"line":742,"column":0},"end":{"line":742,"column":127}},"742":{"start":{"line":743,"column":0},"end":{"line":743,"column":47}},"743":{"start":{"line":744,"column":0},"end":{"line":744,"column":27}},"745":{"start":{"line":746,"column":0},"end":{"line":746,"column":65}},"746":{"start":{"line":747,"column":0},"end":{"line":747,"column":47}},"748":{"start":{"line":749,"column":0},"end":{"line":749,"column":37}},"749":{"start":{"line":750,"column":0},"end":{"line":750,"column":6}},"750":{"start":{"line":751,"column":0},"end":{"line":751,"column":53}},"751":{"start":{"line":752,"column":0},"end":{"line":752,"column":66}},"752":{"start":{"line":753,"column":0},"end":{"line":753,"column":5}},"753":{"start":{"line":754,"column":0},"end":{"line":754,"column":3}},"755":{"start":{"line":756,"column":0},"end":{"line":756,"column":125}},"756":{"start":{"line":757,"column":0},"end":{"line":757,"column":26}},"757":{"start":{"line":758,"column":0},"end":{"line":758,"column":68}},"758":{"start":{"line":759,"column":0},"end":{"line":759,"column":21}},"759":{"start":{"line":760,"column":0},"end":{"line":760,"column":30}},"760":{"start":{"line":761,"column":0},"end":{"line":761,"column":23}},"761":{"start":{"line":762,"column":0},"end":{"line":762,"column":29}},"762":{"start":{"line":763,"column":0},"end":{"line":763,"column":27}},"763":{"start":{"line":764,"column":0},"end":{"line":764,"column":31}},"764":{"start":{"line":765,"column":0},"end":{"line":765,"column":43}},"765":{"start":{"line":766,"column":0},"end":{"line":766,"column":35}},"766":{"start":{"line":767,"column":0},"end":{"line":767,"column":29}},"767":{"start":{"line":768,"column":0},"end":{"line":768,"column":33}},"768":{"start":{"line":769,"column":0},"end":{"line":769,"column":29}},"769":{"start":{"line":770,"column":0},"end":{"line":770,"column":44}},"770":{"start":{"line":771,"column":0},"end":{"line":771,"column":23}},"771":{"start":{"line":772,"column":0},"end":{"line":772,"column":39}},"772":{"start":{"line":773,"column":0},"end":{"line":773,"column":38}},"773":{"start":{"line":774,"column":0},"end":{"line":774,"column":8}},"774":{"start":{"line":775,"column":0},"end":{"line":775,"column":12}},"775":{"start":{"line":776,"column":0},"end":{"line":776,"column":41}},"776":{"start":{"line":777,"column":0},"end":{"line":777,"column":29}},"777":{"start":{"line":778,"column":0},"end":{"line":778,"column":19}},"778":{"start":{"line":779,"column":0},"end":{"line":779,"column":19}},"779":{"start":{"line":780,"column":0},"end":{"line":780,"column":76}},"780":{"start":{"line":781,"column":0},"end":{"line":781,"column":22}},"781":{"start":{"line":782,"column":0},"end":{"line":782,"column":19}},"782":{"start":{"line":783,"column":0},"end":{"line":783,"column":5}},"783":{"start":{"line":784,"column":0},"end":{"line":784,"column":60}},"784":{"start":{"line":785,"column":0},"end":{"line":785,"column":18}},"785":{"start":{"line":786,"column":0},"end":{"line":786,"column":37}},"786":{"start":{"line":787,"column":0},"end":{"line":787,"column":3}},"788":{"start":{"line":789,"column":0},"end":{"line":789,"column":57}},"789":{"start":{"line":790,"column":0},"end":{"line":790,"column":56}},"790":{"start":{"line":791,"column":0},"end":{"line":791,"column":21}},"791":{"start":{"line":792,"column":0},"end":{"line":792,"column":16}},"792":{"start":{"line":793,"column":0},"end":{"line":793,"column":9}},"793":{"start":{"line":794,"column":0},"end":{"line":794,"column":24}},"794":{"start":{"line":795,"column":0},"end":{"line":795,"column":22}},"795":{"start":{"line":796,"column":0},"end":{"line":796,"column":26}},"796":{"start":{"line":797,"column":0},"end":{"line":797,"column":24}},"797":{"start":{"line":798,"column":0},"end":{"line":798,"column":20}},"798":{"start":{"line":799,"column":0},"end":{"line":799,"column":38}},"799":{"start":{"line":800,"column":0},"end":{"line":800,"column":6}},"800":{"start":{"line":801,"column":0},"end":{"line":801,"column":3}},"802":{"start":{"line":803,"column":0},"end":{"line":803,"column":48}},"803":{"start":{"line":804,"column":0},"end":{"line":804,"column":56}},"804":{"start":{"line":805,"column":0},"end":{"line":805,"column":21}},"805":{"start":{"line":806,"column":0},"end":{"line":806,"column":16}},"806":{"start":{"line":807,"column":0},"end":{"line":807,"column":9}},"807":{"start":{"line":808,"column":0},"end":{"line":808,"column":24}},"808":{"start":{"line":809,"column":0},"end":{"line":809,"column":22}},"809":{"start":{"line":810,"column":0},"end":{"line":810,"column":26}},"810":{"start":{"line":811,"column":0},"end":{"line":811,"column":23}},"811":{"start":{"line":812,"column":0},"end":{"line":812,"column":11}},"812":{"start":{"line":813,"column":0},"end":{"line":813,"column":6}},"813":{"start":{"line":814,"column":0},"end":{"line":814,"column":3}},"815":{"start":{"line":816,"column":0},"end":{"line":816,"column":39}},"816":{"start":{"line":817,"column":0},"end":{"line":817,"column":56}},"817":{"start":{"line":818,"column":0},"end":{"line":818,"column":21}},"818":{"start":{"line":819,"column":0},"end":{"line":819,"column":16}},"819":{"start":{"line":820,"column":0},"end":{"line":820,"column":9}},"820":{"start":{"line":821,"column":0},"end":{"line":821,"column":24}},"821":{"start":{"line":822,"column":0},"end":{"line":822,"column":22}},"822":{"start":{"line":823,"column":0},"end":{"line":823,"column":26}},"823":{"start":{"line":824,"column":0},"end":{"line":824,"column":26}},"824":{"start":{"line":825,"column":0},"end":{"line":825,"column":22}},"825":{"start":{"line":826,"column":0},"end":{"line":826,"column":6}},"826":{"start":{"line":827,"column":0},"end":{"line":827,"column":3}},"828":{"start":{"line":829,"column":0},"end":{"line":829,"column":34}},"829":{"start":{"line":830,"column":0},"end":{"line":830,"column":56}},"830":{"start":{"line":831,"column":0},"end":{"line":831,"column":21}},"831":{"start":{"line":832,"column":0},"end":{"line":832,"column":16}},"832":{"start":{"line":833,"column":0},"end":{"line":833,"column":9}},"833":{"start":{"line":834,"column":0},"end":{"line":834,"column":33}},"834":{"start":{"line":835,"column":0},"end":{"line":835,"column":22}},"835":{"start":{"line":836,"column":0},"end":{"line":836,"column":26}},"836":{"start":{"line":837,"column":0},"end":{"line":837,"column":24}},"837":{"start":{"line":838,"column":0},"end":{"line":838,"column":18}},"838":{"start":{"line":839,"column":0},"end":{"line":839,"column":15}},"839":{"start":{"line":840,"column":0},"end":{"line":840,"column":6}},"840":{"start":{"line":841,"column":0},"end":{"line":841,"column":3}},"842":{"start":{"line":843,"column":0},"end":{"line":843,"column":43}},"843":{"start":{"line":844,"column":0},"end":{"line":844,"column":45}},"844":{"start":{"line":845,"column":0},"end":{"line":845,"column":75}},"845":{"start":{"line":846,"column":0},"end":{"line":846,"column":12}},"846":{"start":{"line":847,"column":0},"end":{"line":847,"column":60}},"847":{"start":{"line":848,"column":0},"end":{"line":848,"column":5}},"848":{"start":{"line":849,"column":0},"end":{"line":849,"column":3}},"851":{"start":{"line":852,"column":0},"end":{"line":852,"column":46}},"852":{"start":{"line":853,"column":0},"end":{"line":853,"column":47}},"853":{"start":{"line":854,"column":0},"end":{"line":854,"column":50}},"854":{"start":{"line":855,"column":0},"end":{"line":855,"column":54}},"855":{"start":{"line":856,"column":0},"end":{"line":856,"column":34}},"856":{"start":{"line":857,"column":0},"end":{"line":857,"column":44}},"857":{"start":{"line":858,"column":0},"end":{"line":858,"column":56}},"858":{"start":{"line":859,"column":0},"end":{"line":859,"column":36}},"859":{"start":{"line":860,"column":0},"end":{"line":860,"column":30}},"860":{"start":{"line":861,"column":0},"end":{"line":861,"column":38}},"861":{"start":{"line":862,"column":0},"end":{"line":862,"column":62}},"862":{"start":{"line":863,"column":0},"end":{"line":863,"column":55}},"863":{"start":{"line":864,"column":0},"end":{"line":864,"column":36}},"864":{"start":{"line":865,"column":0},"end":{"line":865,"column":51}},"865":{"start":{"line":866,"column":0},"end":{"line":866,"column":46}},"866":{"start":{"line":867,"column":0},"end":{"line":867,"column":50}},"867":{"start":{"line":868,"column":0},"end":{"line":868,"column":50}},"868":{"start":{"line":869,"column":0},"end":{"line":869,"column":16}},"869":{"start":{"line":870,"column":0},"end":{"line":870,"column":17}},"870":{"start":{"line":871,"column":0},"end":{"line":871,"column":28}},"871":{"start":{"line":872,"column":0},"end":{"line":872,"column":23}},"872":{"start":{"line":873,"column":0},"end":{"line":873,"column":12}},"873":{"start":{"line":874,"column":0},"end":{"line":874,"column":24}},"874":{"start":{"line":875,"column":0},"end":{"line":875,"column":20}},"875":{"start":{"line":876,"column":0},"end":{"line":876,"column":71}},"876":{"start":{"line":877,"column":0},"end":{"line":877,"column":32}},"877":{"start":{"line":878,"column":0},"end":{"line":878,"column":23}},"878":{"start":{"line":879,"column":0},"end":{"line":879,"column":6}},"880":{"start":{"line":881,"column":0},"end":{"line":881,"column":77}},"881":{"start":{"line":882,"column":0},"end":{"line":882,"column":13}},"882":{"start":{"line":883,"column":0},"end":{"line":883,"column":70}},"883":{"start":{"line":884,"column":0},"end":{"line":884,"column":97}},"884":{"start":{"line":885,"column":0},"end":{"line":885,"column":30}},"885":{"start":{"line":886,"column":0},"end":{"line":886,"column":22}},"886":{"start":{"line":887,"column":0},"end":{"line":887,"column":13}},"887":{"start":{"line":888,"column":0},"end":{"line":888,"column":8}},"888":{"start":{"line":889,"column":0},"end":{"line":889,"column":48}},"889":{"start":{"line":890,"column":0},"end":{"line":890,"column":21}},"890":{"start":{"line":891,"column":0},"end":{"line":891,"column":25}},"891":{"start":{"line":892,"column":0},"end":{"line":892,"column":15}},"892":{"start":{"line":893,"column":0},"end":{"line":893,"column":10}},"893":{"start":{"line":894,"column":0},"end":{"line":894,"column":8}},"894":{"start":{"line":895,"column":0},"end":{"line":895,"column":5}},"895":{"start":{"line":896,"column":0},"end":{"line":896,"column":3}},"898":{"start":{"line":899,"column":0},"end":{"line":899,"column":73}},"900":{"start":{"line":901,"column":0},"end":{"line":901,"column":103}},"901":{"start":{"line":902,"column":0},"end":{"line":902,"column":65}},"902":{"start":{"line":903,"column":0},"end":{"line":903,"column":32}},"903":{"start":{"line":904,"column":0},"end":{"line":904,"column":3}},"906":{"start":{"line":907,"column":0},"end":{"line":907,"column":46}},"907":{"start":{"line":908,"column":0},"end":{"line":908,"column":58}},"908":{"start":{"line":909,"column":0},"end":{"line":909,"column":33}},"909":{"start":{"line":910,"column":0},"end":{"line":910,"column":51}},"910":{"start":{"line":911,"column":0},"end":{"line":911,"column":21}},"911":{"start":{"line":912,"column":0},"end":{"line":912,"column":77}},"912":{"start":{"line":913,"column":0},"end":{"line":913,"column":52}},"913":{"start":{"line":914,"column":0},"end":{"line":914,"column":59}},"914":{"start":{"line":915,"column":0},"end":{"line":915,"column":33}},"915":{"start":{"line":916,"column":0},"end":{"line":916,"column":38}},"916":{"start":{"line":917,"column":0},"end":{"line":917,"column":56}},"917":{"start":{"line":918,"column":0},"end":{"line":918,"column":7}},"918":{"start":{"line":919,"column":0},"end":{"line":919,"column":5}},"919":{"start":{"line":920,"column":0},"end":{"line":920,"column":3}},"1020":{"start":{"line":1021,"column":0},"end":{"line":1021,"column":107}},"1021":{"start":{"line":1022,"column":0},"end":{"line":1022,"column":34}},"1022":{"start":{"line":1023,"column":0},"end":{"line":1023,"column":103}},"1023":{"start":{"line":1024,"column":0},"end":{"line":1024,"column":85}},"1024":{"start":{"line":1025,"column":0},"end":{"line":1025,"column":89}},"1025":{"start":{"line":1026,"column":0},"end":{"line":1026,"column":81}},"1026":{"start":{"line":1027,"column":0},"end":{"line":1027,"column":57}},"1027":{"start":{"line":1028,"column":0},"end":{"line":1028,"column":65}},"1028":{"start":{"line":1029,"column":0},"end":{"line":1029,"column":65}},"1029":{"start":{"line":1030,"column":0},"end":{"line":1030,"column":16}},"1030":{"start":{"line":1031,"column":0},"end":{"line":1031,"column":3}},"1033":{"start":{"line":1034,"column":0},"end":{"line":1034,"column":75}},"1034":{"start":{"line":1035,"column":0},"end":{"line":1035,"column":39}},"1035":{"start":{"line":1036,"column":0},"end":{"line":1036,"column":21}},"1036":{"start":{"line":1037,"column":0},"end":{"line":1037,"column":41}},"1037":{"start":{"line":1038,"column":0},"end":{"line":1038,"column":67}},"1038":{"start":{"line":1039,"column":0},"end":{"line":1039,"column":66}},"1039":{"start":{"line":1040,"column":0},"end":{"line":1040,"column":34}},"1040":{"start":{"line":1041,"column":0},"end":{"line":1041,"column":5}},"1041":{"start":{"line":1042,"column":0},"end":{"line":1042,"column":22}},"1042":{"start":{"line":1043,"column":0},"end":{"line":1043,"column":3}},"1045":{"start":{"line":1046,"column":0},"end":{"line":1046,"column":78}},"1046":{"start":{"line":1047,"column":0},"end":{"line":1047,"column":41}},"1047":{"start":{"line":1048,"column":0},"end":{"line":1048,"column":22}},"1048":{"start":{"line":1049,"column":0},"end":{"line":1049,"column":41}},"1049":{"start":{"line":1050,"column":0},"end":{"line":1050,"column":44}},"1050":{"start":{"line":1051,"column":0},"end":{"line":1051,"column":5}},"1051":{"start":{"line":1052,"column":0},"end":{"line":1052,"column":22}},"1052":{"start":{"line":1053,"column":0},"end":{"line":1053,"column":3}},"1054":{"start":{"line":1055,"column":0},"end":{"line":1055,"column":72}},"1055":{"start":{"line":1056,"column":0},"end":{"line":1056,"column":39}},"1056":{"start":{"line":1057,"column":0},"end":{"line":1057,"column":32}},"1057":{"start":{"line":1058,"column":0},"end":{"line":1058,"column":41}},"1058":{"start":{"line":1059,"column":0},"end":{"line":1059,"column":81}},"1059":{"start":{"line":1060,"column":0},"end":{"line":1060,"column":50}},"1060":{"start":{"line":1061,"column":0},"end":{"line":1061,"column":40}},"1061":{"start":{"line":1062,"column":0},"end":{"line":1062,"column":5}},"1062":{"start":{"line":1063,"column":0},"end":{"line":1063,"column":22}},"1063":{"start":{"line":1064,"column":0},"end":{"line":1064,"column":3}},"1065":{"start":{"line":1066,"column":0},"end":{"line":1066,"column":75}},"1066":{"start":{"line":1067,"column":0},"end":{"line":1067,"column":41}},"1067":{"start":{"line":1068,"column":0},"end":{"line":1068,"column":41}},"1068":{"start":{"line":1069,"column":0},"end":{"line":1069,"column":33}},"1069":{"start":{"line":1070,"column":0},"end":{"line":1070,"column":57}},"1070":{"start":{"line":1071,"column":0},"end":{"line":1071,"column":5}},"1071":{"start":{"line":1072,"column":0},"end":{"line":1072,"column":29}},"1072":{"start":{"line":1073,"column":0},"end":{"line":1073,"column":3}},"1074":{"start":{"line":1075,"column":0},"end":{"line":1075,"column":78}},"1075":{"start":{"line":1076,"column":0},"end":{"line":1076,"column":39}},"1076":{"start":{"line":1077,"column":0},"end":{"line":1077,"column":21}},"1077":{"start":{"line":1078,"column":0},"end":{"line":1078,"column":41}},"1078":{"start":{"line":1079,"column":0},"end":{"line":1079,"column":48}},"1079":{"start":{"line":1080,"column":0},"end":{"line":1080,"column":40}},"1080":{"start":{"line":1081,"column":0},"end":{"line":1081,"column":5}},"1081":{"start":{"line":1082,"column":0},"end":{"line":1082,"column":22}},"1082":{"start":{"line":1083,"column":0},"end":{"line":1083,"column":3}},"1084":{"start":{"line":1085,"column":0},"end":{"line":1085,"column":34}},"1085":{"start":{"line":1086,"column":0},"end":{"line":1086,"column":71}},"1087":{"start":{"line":1088,"column":0},"end":{"line":1088,"column":64}},"1089":{"start":{"line":1090,"column":0},"end":{"line":1090,"column":75}},"1090":{"start":{"line":1091,"column":0},"end":{"line":1091,"column":69}},"1091":{"start":{"line":1092,"column":0},"end":{"line":1092,"column":3}},"1093":{"start":{"line":1094,"column":0},"end":{"line":1094,"column":70}},"1094":{"start":{"line":1095,"column":0},"end":{"line":1095,"column":49}},"1095":{"start":{"line":1096,"column":0},"end":{"line":1096,"column":41}},"1096":{"start":{"line":1097,"column":0},"end":{"line":1097,"column":46}},"1097":{"start":{"line":1098,"column":0},"end":{"line":1098,"column":3}},"1100":{"start":{"line":1101,"column":0},"end":{"line":1101,"column":51}},"1101":{"start":{"line":1102,"column":0},"end":{"line":1102,"column":52}},"1102":{"start":{"line":1103,"column":0},"end":{"line":1103,"column":28}},"1103":{"start":{"line":1104,"column":0},"end":{"line":1104,"column":73}},"1104":{"start":{"line":1105,"column":0},"end":{"line":1105,"column":84}},"1105":{"start":{"line":1106,"column":0},"end":{"line":1106,"column":5}},"1106":{"start":{"line":1107,"column":0},"end":{"line":1107,"column":14}},"1107":{"start":{"line":1108,"column":0},"end":{"line":1108,"column":3}},"1110":{"start":{"line":1111,"column":0},"end":{"line":1111,"column":56}},"1111":{"start":{"line":1112,"column":0},"end":{"line":1112,"column":67}},"1112":{"start":{"line":1113,"column":0},"end":{"line":1113,"column":12}},"1113":{"start":{"line":1114,"column":0},"end":{"line":1114,"column":52}},"1114":{"start":{"line":1115,"column":0},"end":{"line":1115,"column":21}},"1115":{"start":{"line":1116,"column":0},"end":{"line":1116,"column":5}},"1116":{"start":{"line":1117,"column":0},"end":{"line":1117,"column":13}},"1117":{"start":{"line":1118,"column":0},"end":{"line":1118,"column":3}},"1120":{"start":{"line":1121,"column":0},"end":{"line":1121,"column":71}},"1121":{"start":{"line":1122,"column":0},"end":{"line":1122,"column":64}},"1122":{"start":{"line":1123,"column":0},"end":{"line":1123,"column":21}},"1123":{"start":{"line":1124,"column":0},"end":{"line":1124,"column":51}},"1124":{"start":{"line":1125,"column":0},"end":{"line":1125,"column":9}},"1125":{"start":{"line":1126,"column":0},"end":{"line":1126,"column":63}},"1126":{"start":{"line":1127,"column":0},"end":{"line":1127,"column":23}},"1127":{"start":{"line":1128,"column":0},"end":{"line":1128,"column":56}},"1128":{"start":{"line":1129,"column":0},"end":{"line":1129,"column":46}},"1129":{"start":{"line":1130,"column":0},"end":{"line":1130,"column":8}},"1130":{"start":{"line":1131,"column":0},"end":{"line":1131,"column":35}},"1131":{"start":{"line":1132,"column":0},"end":{"line":1132,"column":76}},"1132":{"start":{"line":1133,"column":0},"end":{"line":1133,"column":11}},"1133":{"start":{"line":1134,"column":0},"end":{"line":1134,"column":58}},"1134":{"start":{"line":1135,"column":0},"end":{"line":1135,"column":15}},"1135":{"start":{"line":1136,"column":0},"end":{"line":1136,"column":17}},"1136":{"start":{"line":1137,"column":0},"end":{"line":1137,"column":7}},"1137":{"start":{"line":1138,"column":0},"end":{"line":1138,"column":26}},"1138":{"start":{"line":1139,"column":0},"end":{"line":1139,"column":19}},"1139":{"start":{"line":1140,"column":0},"end":{"line":1140,"column":70}},"1140":{"start":{"line":1141,"column":0},"end":{"line":1141,"column":66}},"1141":{"start":{"line":1142,"column":0},"end":{"line":1142,"column":52}},"1142":{"start":{"line":1143,"column":0},"end":{"line":1143,"column":73}},"1143":{"start":{"line":1144,"column":0},"end":{"line":1144,"column":92}},"1144":{"start":{"line":1145,"column":0},"end":{"line":1145,"column":7}},"1145":{"start":{"line":1146,"column":0},"end":{"line":1146,"column":17}},"1146":{"start":{"line":1147,"column":0},"end":{"line":1147,"column":58}},"1147":{"start":{"line":1148,"column":0},"end":{"line":1148,"column":5}},"1148":{"start":{"line":1149,"column":0},"end":{"line":1149,"column":3}},"1150":{"start":{"line":1151,"column":0},"end":{"line":1151,"column":96}},"1151":{"start":{"line":1152,"column":0},"end":{"line":1152,"column":64}},"1152":{"start":{"line":1153,"column":0},"end":{"line":1153,"column":35}},"1153":{"start":{"line":1154,"column":0},"end":{"line":1154,"column":16}},"1154":{"start":{"line":1155,"column":0},"end":{"line":1155,"column":84}},"1155":{"start":{"line":1156,"column":0},"end":{"line":1156,"column":5}},"1156":{"start":{"line":1157,"column":0},"end":{"line":1157,"column":51}},"1157":{"start":{"line":1158,"column":0},"end":{"line":1158,"column":9}},"1158":{"start":{"line":1159,"column":0},"end":{"line":1159,"column":59}},"1159":{"start":{"line":1160,"column":0},"end":{"line":1160,"column":48}},"1160":{"start":{"line":1161,"column":0},"end":{"line":1161,"column":64}},"1161":{"start":{"line":1162,"column":0},"end":{"line":1162,"column":69}},"1162":{"start":{"line":1163,"column":0},"end":{"line":1163,"column":7}},"1163":{"start":{"line":1164,"column":0},"end":{"line":1164,"column":17}},"1164":{"start":{"line":1165,"column":0},"end":{"line":1165,"column":58}},"1165":{"start":{"line":1166,"column":0},"end":{"line":1166,"column":28}},"1166":{"start":{"line":1167,"column":0},"end":{"line":1167,"column":17}},"1167":{"start":{"line":1168,"column":0},"end":{"line":1168,"column":30}},"1168":{"start":{"line":1169,"column":0},"end":{"line":1169,"column":66}},"1169":{"start":{"line":1170,"column":0},"end":{"line":1170,"column":34}},"1170":{"start":{"line":1171,"column":0},"end":{"line":1171,"column":25}},"1171":{"start":{"line":1172,"column":0},"end":{"line":1172,"column":62}},"1172":{"start":{"line":1173,"column":0},"end":{"line":1173,"column":17}},"1173":{"start":{"line":1174,"column":0},"end":{"line":1174,"column":60}},"1174":{"start":{"line":1175,"column":0},"end":{"line":1175,"column":62}},"1175":{"start":{"line":1176,"column":0},"end":{"line":1176,"column":5}},"1176":{"start":{"line":1177,"column":0},"end":{"line":1177,"column":3}},"1178":{"start":{"line":1179,"column":0},"end":{"line":1179,"column":39}},"1179":{"start":{"line":1180,"column":0},"end":{"line":1180,"column":30}},"1180":{"start":{"line":1181,"column":0},"end":{"line":1181,"column":47}},"1181":{"start":{"line":1182,"column":0},"end":{"line":1182,"column":32}},"1182":{"start":{"line":1183,"column":0},"end":{"line":1183,"column":5}},"1183":{"start":{"line":1184,"column":0},"end":{"line":1184,"column":3}},"1185":{"start":{"line":1186,"column":0},"end":{"line":1186,"column":75}},"1186":{"start":{"line":1187,"column":0},"end":{"line":1187,"column":44}},"1187":{"start":{"line":1188,"column":0},"end":{"line":1188,"column":27}},"1188":{"start":{"line":1189,"column":0},"end":{"line":1189,"column":32}},"1189":{"start":{"line":1190,"column":0},"end":{"line":1190,"column":12}},"1190":{"start":{"line":1191,"column":0},"end":{"line":1191,"column":5}},"1191":{"start":{"line":1192,"column":0},"end":{"line":1192,"column":52}},"1192":{"start":{"line":1193,"column":0},"end":{"line":1193,"column":30}},"1193":{"start":{"line":1194,"column":0},"end":{"line":1194,"column":35}},"1194":{"start":{"line":1195,"column":0},"end":{"line":1195,"column":41}},"1195":{"start":{"line":1196,"column":0},"end":{"line":1196,"column":56}},"1196":{"start":{"line":1197,"column":0},"end":{"line":1197,"column":42}},"1197":{"start":{"line":1198,"column":0},"end":{"line":1198,"column":43}},"1198":{"start":{"line":1199,"column":0},"end":{"line":1199,"column":54}},"1199":{"start":{"line":1200,"column":0},"end":{"line":1200,"column":7}},"1200":{"start":{"line":1201,"column":0},"end":{"line":1201,"column":60}},"1201":{"start":{"line":1202,"column":0},"end":{"line":1202,"column":5}},"1202":{"start":{"line":1203,"column":0},"end":{"line":1203,"column":3}},"1204":{"start":{"line":1205,"column":0},"end":{"line":1205,"column":40}},"1205":{"start":{"line":1206,"column":0},"end":{"line":1206,"column":30}},"1206":{"start":{"line":1207,"column":0},"end":{"line":1207,"column":50}},"1207":{"start":{"line":1208,"column":0},"end":{"line":1208,"column":52}},"1208":{"start":{"line":1209,"column":0},"end":{"line":1209,"column":52}},"1209":{"start":{"line":1210,"column":0},"end":{"line":1210,"column":27}},"1210":{"start":{"line":1211,"column":0},"end":{"line":1211,"column":3}},"1212":{"start":{"line":1213,"column":0},"end":{"line":1213,"column":36}},"1213":{"start":{"line":1214,"column":0},"end":{"line":1214,"column":18}},"1214":{"start":{"line":1215,"column":0},"end":{"line":1215,"column":29}},"1215":{"start":{"line":1216,"column":0},"end":{"line":1216,"column":37}},"1216":{"start":{"line":1217,"column":0},"end":{"line":1217,"column":46}},"1217":{"start":{"line":1218,"column":0},"end":{"line":1218,"column":50}},"1218":{"start":{"line":1219,"column":0},"end":{"line":1219,"column":70}},"1219":{"start":{"line":1220,"column":0},"end":{"line":1220,"column":72}},"1220":{"start":{"line":1221,"column":0},"end":{"line":1221,"column":41}},"1221":{"start":{"line":1222,"column":0},"end":{"line":1222,"column":13}},"1222":{"start":{"line":1223,"column":0},"end":{"line":1223,"column":42}},"1223":{"start":{"line":1224,"column":0},"end":{"line":1224,"column":59}},"1224":{"start":{"line":1225,"column":0},"end":{"line":1225,"column":19}},"1225":{"start":{"line":1226,"column":0},"end":{"line":1226,"column":23}},"1226":{"start":{"line":1227,"column":0},"end":{"line":1227,"column":26}},"1227":{"start":{"line":1228,"column":0},"end":{"line":1228,"column":28}},"1228":{"start":{"line":1229,"column":0},"end":{"line":1229,"column":8}},"1229":{"start":{"line":1230,"column":0},"end":{"line":1230,"column":5}},"1230":{"start":{"line":1231,"column":0},"end":{"line":1231,"column":60}},"1231":{"start":{"line":1232,"column":0},"end":{"line":1232,"column":28}},"1232":{"start":{"line":1233,"column":0},"end":{"line":1233,"column":71}},"1233":{"start":{"line":1234,"column":0},"end":{"line":1234,"column":16}},"1234":{"start":{"line":1235,"column":0},"end":{"line":1235,"column":25}},"1235":{"start":{"line":1236,"column":0},"end":{"line":1236,"column":49}},"1236":{"start":{"line":1237,"column":0},"end":{"line":1237,"column":9}},"1237":{"start":{"line":1238,"column":0},"end":{"line":1238,"column":25}},"1238":{"start":{"line":1239,"column":0},"end":{"line":1239,"column":7}},"1239":{"start":{"line":1240,"column":0},"end":{"line":1240,"column":26}},"1240":{"start":{"line":1241,"column":0},"end":{"line":1241,"column":25}},"1241":{"start":{"line":1242,"column":0},"end":{"line":1242,"column":52}},"1242":{"start":{"line":1243,"column":0},"end":{"line":1243,"column":9}},"1243":{"start":{"line":1244,"column":0},"end":{"line":1244,"column":42}},"1244":{"start":{"line":1245,"column":0},"end":{"line":1245,"column":7}},"1245":{"start":{"line":1246,"column":0},"end":{"line":1246,"column":45}},"1246":{"start":{"line":1247,"column":0},"end":{"line":1247,"column":93}},"1247":{"start":{"line":1248,"column":0},"end":{"line":1248,"column":7}},"1248":{"start":{"line":1249,"column":0},"end":{"line":1249,"column":47}},"1249":{"start":{"line":1250,"column":0},"end":{"line":1250,"column":85}},"1250":{"start":{"line":1251,"column":0},"end":{"line":1251,"column":7}},"1251":{"start":{"line":1252,"column":0},"end":{"line":1252,"column":47}},"1252":{"start":{"line":1253,"column":0},"end":{"line":1253,"column":117}},"1253":{"start":{"line":1254,"column":0},"end":{"line":1254,"column":7}},"1254":{"start":{"line":1255,"column":0},"end":{"line":1255,"column":75}},"1255":{"start":{"line":1256,"column":0},"end":{"line":1256,"column":28}},"1256":{"start":{"line":1257,"column":0},"end":{"line":1257,"column":27}},"1257":{"start":{"line":1258,"column":0},"end":{"line":1258,"column":18}},"1258":{"start":{"line":1259,"column":0},"end":{"line":1259,"column":76}},"1259":{"start":{"line":1260,"column":0},"end":{"line":1260,"column":22}},"1260":{"start":{"line":1261,"column":0},"end":{"line":1261,"column":76}},"1261":{"start":{"line":1262,"column":0},"end":{"line":1262,"column":48}},"1262":{"start":{"line":1263,"column":0},"end":{"line":1263,"column":13}},"1263":{"start":{"line":1264,"column":0},"end":{"line":1264,"column":36}},"1264":{"start":{"line":1265,"column":0},"end":{"line":1265,"column":14}},"1265":{"start":{"line":1266,"column":0},"end":{"line":1266,"column":44}},"1266":{"start":{"line":1267,"column":0},"end":{"line":1267,"column":18}},"1267":{"start":{"line":1268,"column":0},"end":{"line":1268,"column":46}},"1268":{"start":{"line":1269,"column":0},"end":{"line":1269,"column":35}},"1269":{"start":{"line":1270,"column":0},"end":{"line":1270,"column":21}},"1270":{"start":{"line":1271,"column":0},"end":{"line":1271,"column":17}},"1271":{"start":{"line":1272,"column":0},"end":{"line":1272,"column":61}},"1272":{"start":{"line":1273,"column":0},"end":{"line":1273,"column":32}},"1273":{"start":{"line":1274,"column":0},"end":{"line":1274,"column":58}},"1274":{"start":{"line":1275,"column":0},"end":{"line":1275,"column":30}},"1275":{"start":{"line":1276,"column":0},"end":{"line":1276,"column":52}},"1276":{"start":{"line":1277,"column":0},"end":{"line":1277,"column":31}},"1277":{"start":{"line":1278,"column":0},"end":{"line":1278,"column":51}},"1278":{"start":{"line":1279,"column":0},"end":{"line":1279,"column":32}},"1279":{"start":{"line":1280,"column":0},"end":{"line":1280,"column":20}},"1280":{"start":{"line":1281,"column":0},"end":{"line":1281,"column":42}},"1281":{"start":{"line":1282,"column":0},"end":{"line":1282,"column":21}},"1282":{"start":{"line":1283,"column":0},"end":{"line":1283,"column":71}},"1283":{"start":{"line":1284,"column":0},"end":{"line":1284,"column":66}},"1284":{"start":{"line":1285,"column":0},"end":{"line":1285,"column":77}},"1285":{"start":{"line":1286,"column":0},"end":{"line":1286,"column":14}},"1286":{"start":{"line":1287,"column":0},"end":{"line":1287,"column":14}},"1287":{"start":{"line":1288,"column":0},"end":{"line":1288,"column":77}},"1288":{"start":{"line":1289,"column":0},"end":{"line":1289,"column":22}},"1289":{"start":{"line":1290,"column":0},"end":{"line":1290,"column":54}},"1290":{"start":{"line":1291,"column":0},"end":{"line":1291,"column":38}},"1291":{"start":{"line":1292,"column":0},"end":{"line":1292,"column":66}},"1292":{"start":{"line":1293,"column":0},"end":{"line":1293,"column":48}},"1293":{"start":{"line":1294,"column":0},"end":{"line":1294,"column":18}},"1294":{"start":{"line":1295,"column":0},"end":{"line":1295,"column":111}},"1295":{"start":{"line":1296,"column":0},"end":{"line":1296,"column":131}},"1296":{"start":{"line":1297,"column":0},"end":{"line":1297,"column":64}},"1297":{"start":{"line":1298,"column":0},"end":{"line":1298,"column":22}},"1298":{"start":{"line":1299,"column":0},"end":{"line":1299,"column":40}},"1299":{"start":{"line":1300,"column":0},"end":{"line":1300,"column":96}},"1300":{"start":{"line":1301,"column":0},"end":{"line":1301,"column":24}},"1301":{"start":{"line":1302,"column":0},"end":{"line":1302,"column":69}},"1302":{"start":{"line":1303,"column":0},"end":{"line":1303,"column":14}},"1303":{"start":{"line":1304,"column":0},"end":{"line":1304,"column":92}},"1304":{"start":{"line":1305,"column":0},"end":{"line":1305,"column":23}},"1305":{"start":{"line":1306,"column":0},"end":{"line":1306,"column":47}},"1306":{"start":{"line":1307,"column":0},"end":{"line":1307,"column":55}},"1307":{"start":{"line":1308,"column":0},"end":{"line":1308,"column":52}},"1308":{"start":{"line":1309,"column":0},"end":{"line":1309,"column":48}},"1309":{"start":{"line":1310,"column":0},"end":{"line":1310,"column":149}},"1310":{"start":{"line":1311,"column":0},"end":{"line":1311,"column":19}},"1311":{"start":{"line":1312,"column":0},"end":{"line":1312,"column":49}},"1312":{"start":{"line":1313,"column":0},"end":{"line":1313,"column":49}},"1313":{"start":{"line":1314,"column":0},"end":{"line":1314,"column":31}},"1314":{"start":{"line":1315,"column":0},"end":{"line":1315,"column":77}},"1315":{"start":{"line":1316,"column":0},"end":{"line":1316,"column":44}},"1316":{"start":{"line":1317,"column":0},"end":{"line":1317,"column":62}},"1317":{"start":{"line":1318,"column":0},"end":{"line":1318,"column":18}},"1318":{"start":{"line":1319,"column":0},"end":{"line":1319,"column":114}},"1319":{"start":{"line":1320,"column":0},"end":{"line":1320,"column":65}},"1320":{"start":{"line":1321,"column":0},"end":{"line":1321,"column":62}},"1321":{"start":{"line":1322,"column":0},"end":{"line":1322,"column":109}},"1322":{"start":{"line":1323,"column":0},"end":{"line":1323,"column":29}},"1323":{"start":{"line":1324,"column":0},"end":{"line":1324,"column":54}},"1324":{"start":{"line":1325,"column":0},"end":{"line":1325,"column":7}},"1325":{"start":{"line":1326,"column":0},"end":{"line":1326,"column":86}},"1326":{"start":{"line":1327,"column":0},"end":{"line":1327,"column":16}},"1327":{"start":{"line":1328,"column":0},"end":{"line":1328,"column":92}},"1328":{"start":{"line":1329,"column":0},"end":{"line":1329,"column":48}},"1329":{"start":{"line":1330,"column":0},"end":{"line":1330,"column":15}},"1330":{"start":{"line":1331,"column":0},"end":{"line":1331,"column":19}},"1331":{"start":{"line":1332,"column":0},"end":{"line":1332,"column":44}},"1332":{"start":{"line":1333,"column":0},"end":{"line":1333,"column":78}},"1333":{"start":{"line":1334,"column":0},"end":{"line":1334,"column":69}},"1334":{"start":{"line":1335,"column":0},"end":{"line":1335,"column":81}},"1335":{"start":{"line":1336,"column":0},"end":{"line":1336,"column":81}},"1336":{"start":{"line":1337,"column":0},"end":{"line":1337,"column":47}},"1337":{"start":{"line":1338,"column":0},"end":{"line":1338,"column":57}},"1338":{"start":{"line":1339,"column":0},"end":{"line":1339,"column":97}},"1339":{"start":{"line":1340,"column":0},"end":{"line":1340,"column":85}},"1340":{"start":{"line":1341,"column":0},"end":{"line":1341,"column":41}},"1341":{"start":{"line":1342,"column":0},"end":{"line":1342,"column":7}},"1342":{"start":{"line":1343,"column":0},"end":{"line":1343,"column":18}},"1343":{"start":{"line":1344,"column":0},"end":{"line":1344,"column":54}},"1344":{"start":{"line":1345,"column":0},"end":{"line":1345,"column":28}},"1345":{"start":{"line":1346,"column":0},"end":{"line":1346,"column":50}},"1346":{"start":{"line":1347,"column":0},"end":{"line":1347,"column":29}},"1347":{"start":{"line":1348,"column":0},"end":{"line":1348,"column":23}},"1348":{"start":{"line":1349,"column":0},"end":{"line":1349,"column":31}},"1349":{"start":{"line":1350,"column":0},"end":{"line":1350,"column":46}},"1350":{"start":{"line":1351,"column":0},"end":{"line":1351,"column":94}},"1351":{"start":{"line":1352,"column":0},"end":{"line":1352,"column":14}},"1352":{"start":{"line":1353,"column":0},"end":{"line":1353,"column":164}},"1353":{"start":{"line":1354,"column":0},"end":{"line":1354,"column":73}},"1354":{"start":{"line":1355,"column":0},"end":{"line":1355,"column":78}},"1355":{"start":{"line":1356,"column":0},"end":{"line":1356,"column":38}},"1356":{"start":{"line":1357,"column":0},"end":{"line":1357,"column":84}},"1357":{"start":{"line":1358,"column":0},"end":{"line":1358,"column":36}},"1358":{"start":{"line":1359,"column":0},"end":{"line":1359,"column":11}},"1359":{"start":{"line":1360,"column":0},"end":{"line":1360,"column":7}},"1360":{"start":{"line":1361,"column":0},"end":{"line":1361,"column":50}},"1361":{"start":{"line":1362,"column":0},"end":{"line":1362,"column":77}},"1362":{"start":{"line":1363,"column":0},"end":{"line":1363,"column":80}},"1363":{"start":{"line":1364,"column":0},"end":{"line":1364,"column":59}},"1364":{"start":{"line":1365,"column":0},"end":{"line":1365,"column":56}},"1365":{"start":{"line":1366,"column":0},"end":{"line":1366,"column":82}},"1366":{"start":{"line":1367,"column":0},"end":{"line":1367,"column":82}},"1367":{"start":{"line":1368,"column":0},"end":{"line":1368,"column":36}},"1368":{"start":{"line":1369,"column":0},"end":{"line":1369,"column":20}},"1369":{"start":{"line":1370,"column":0},"end":{"line":1370,"column":17}},"1370":{"start":{"line":1371,"column":0},"end":{"line":1371,"column":48}},"1371":{"start":{"line":1372,"column":0},"end":{"line":1372,"column":36}},"1372":{"start":{"line":1373,"column":0},"end":{"line":1373,"column":39}},"1373":{"start":{"line":1374,"column":0},"end":{"line":1374,"column":9}},"1374":{"start":{"line":1375,"column":0},"end":{"line":1375,"column":81}},"1375":{"start":{"line":1376,"column":0},"end":{"line":1376,"column":36}},"1376":{"start":{"line":1377,"column":0},"end":{"line":1377,"column":7}},"1377":{"start":{"line":1378,"column":0},"end":{"line":1378,"column":19}},"1378":{"start":{"line":1379,"column":0},"end":{"line":1379,"column":82}},"1379":{"start":{"line":1380,"column":0},"end":{"line":1380,"column":93}},"1380":{"start":{"line":1381,"column":0},"end":{"line":1381,"column":38}},"1381":{"start":{"line":1382,"column":0},"end":{"line":1382,"column":28}},"1382":{"start":{"line":1383,"column":0},"end":{"line":1383,"column":14}},"1383":{"start":{"line":1384,"column":0},"end":{"line":1384,"column":72}},"1384":{"start":{"line":1385,"column":0},"end":{"line":1385,"column":25}},"1385":{"start":{"line":1386,"column":0},"end":{"line":1386,"column":97}},"1386":{"start":{"line":1387,"column":0},"end":{"line":1387,"column":73}},"1387":{"start":{"line":1388,"column":0},"end":{"line":1388,"column":24}},"1388":{"start":{"line":1389,"column":0},"end":{"line":1389,"column":88}},"1389":{"start":{"line":1390,"column":0},"end":{"line":1390,"column":111}},"1390":{"start":{"line":1391,"column":0},"end":{"line":1391,"column":16}},"1391":{"start":{"line":1392,"column":0},"end":{"line":1392,"column":7}},"1392":{"start":{"line":1393,"column":0},"end":{"line":1393,"column":32}},"1393":{"start":{"line":1394,"column":0},"end":{"line":1394,"column":48}},"1394":{"start":{"line":1395,"column":0},"end":{"line":1395,"column":7}},"1395":{"start":{"line":1396,"column":0},"end":{"line":1396,"column":22}},"1396":{"start":{"line":1397,"column":0},"end":{"line":1397,"column":33}},"1397":{"start":{"line":1398,"column":0},"end":{"line":1398,"column":49}},"1398":{"start":{"line":1399,"column":0},"end":{"line":1399,"column":35}},"1399":{"start":{"line":1400,"column":0},"end":{"line":1400,"column":21}},"1400":{"start":{"line":1401,"column":0},"end":{"line":1401,"column":29}},"1401":{"start":{"line":1402,"column":0},"end":{"line":1402,"column":14}},"1402":{"start":{"line":1403,"column":0},"end":{"line":1403,"column":57}},"1403":{"start":{"line":1404,"column":0},"end":{"line":1404,"column":5}},"1404":{"start":{"line":1405,"column":0},"end":{"line":1405,"column":57}},"1405":{"start":{"line":1406,"column":0},"end":{"line":1406,"column":56}},"1406":{"start":{"line":1407,"column":0},"end":{"line":1407,"column":71}},"1407":{"start":{"line":1408,"column":0},"end":{"line":1408,"column":63}},"1408":{"start":{"line":1409,"column":0},"end":{"line":1409,"column":63}},"1409":{"start":{"line":1410,"column":0},"end":{"line":1410,"column":5}},"1410":{"start":{"line":1411,"column":0},"end":{"line":1411,"column":54}},"1411":{"start":{"line":1412,"column":0},"end":{"line":1412,"column":61}},"1412":{"start":{"line":1413,"column":0},"e
[...]
mn":2},"end":{"line":1064,"column":3}},"line":1055},"49":{"name":"formatCallEndReason","decl":{"start":{"line":1066,"column":2},"end":{"line":1073,"column":3}},"loc":{"start":{"line":1066,"column":2},"end":{"line":1073,"column":3}},"line":1066},"50":{"name":"formatPhonePipelineError","decl":{"start":{"line":1075,"column":2},"end":{"line":1083,"column":3}},"loc":{"start":{"line":1075,"column":2},"end":{"line":1083,"column":3}},"line":1075},"51":{"name":"resolvePhoneChannelByEmployee","decl":{"start":{"line":1090,"column":2},"end":{"line":1092,"column":3}},"loc":{"start":{"line":1090,"column":2},"end":{"line":1092,"column":3}},"line":1090},"52":{"name":"getEffectiveWorkflowEnabledMap","decl":{"start":{"line":1094,"column":2},"end":{"line":1098,"column":3}},"loc":{"start":{"line":1094,"column":2},"end":{"line":1098,"column":3}},"line":1094},"53":{"name":"getEnabledPhoneEmployeeIds","decl":{"start":{"line":1101,"column":2},"end":{"line":1108,"column":3}},"loc":{"start":{"line":1101,"column":2},"end":{"line":1108,"column":3}},"line":1101},"54":{"name":"getPhoneAgentApiBase","decl":{"start":{"line":1111,"column":2},"end":{"line":1118,"column":3}},"loc":{"start":{"line":1111,"column":2},"end":{"line":1118,"column":3}},"line":1111},"55":{"name":"requestPhoneAgentStart","decl":{"start":{"line":1121,"column":2},"end":{"line":1149,"column":3}},"loc":{"start":{"line":1121,"column":2},"end":{"line":1149,"column":3}},"line":1121},"56":{"name":"fetchPhoneAgentStatusPayload","decl":{"start":{"line":1151,"column":2},"end":{"line":1177,"column":3}},"loc":{"start":{"line":1151,"column":2},"end":{"line":1177,"column":3}},"line":1151},"57":{"name":"stopPhoneAgentStatusPoll","decl":{"start":{"line":1179,"column":2},"end":{"line":1184,"column":3}},"loc":{"start":{"line":1179,"column":2},"end":{"line":1184,"column":3}},"line":1179},"58":{"name":"pollPhoneAgentStatusForEnabledEmployees","decl":{"start":{"line":1186,"column":2},"end":{"line":1203,"column":3}},"loc":{"start":{"line":1186,"column":2},"end":{"line":1203,"column":3}},"line":1186},"59":{"name":"startPhoneAgentStatusPoll","decl":{"start":{"line":1205,"column":2},"end":{"line":1211,"column":3}},"loc":{"start":{"line":1205,"column":2},"end":{"line":1211,"column":3}},"line":1205},"60":{"name":"buildWorkflowMonitorLine","decl":{"start":{"line":1213,"column":2},"end":{"line":1414,"column":3}},"loc":{"start":{"line":1213,"column":2},"end":{"line":1414,"column":3}},"line":1213},"61":{"name":"buildWorkflowStepsForEmployee","decl":{"start":{"line":1416,"column":2},"end":{"line":1563,"column":3}},"loc":{"start":{"line":1416,"column":2},"end":{"line":1563,"column":3}},"line":1416},"62":{"name":"computeWorkflowCurrentHint","decl":{"start":{"line":1565,"column":2},"end":{"line":1652,"column":3}},"loc":{"start":{"line":1565,"column":2},"end":{"line":1652,"column":3}},"line":1565},"63":{"name":"computeWorkflowStageLine","decl":{"start":{"line":1654,"column":2},"end":{"line":1705,"column":3}},"loc":{"start":{"line":1654,"column":2},"end":{"line":1705,"column":3}},"line":1654},"64":{"name":"readWorkflowEmployeeEnabledMap","decl":{"start":{"line":1707,"column":2},"end":{"line":1709,"column":3}},"loc":{"start":{"line":1707,"column":2},"end":{"line":1709,"column":3}},"line":1707},"65":{"name":"upsertWorkflowEmployeeTask","decl":{"start":{"line":1711,"column":2},"end":{"line":1930,"column":3}},"loc":{"start":{"line":1711,"column":2},"end":{"line":1930,"column":3}},"line":1711},"66":{"name":"onWechatStarFeedPolled","decl":{"start":{"line":1932,"column":2},"end":{"line":1938,"column":3}},"loc":{"start":{"line":1932,"column":2},"end":{"line":1938,"column":3}},"line":1932},"67":{"name":"syncWorkflowEmployeePanelTasks","decl":{"start":{"line":1940,"column":2},"end":{"line":1968,"column":3}},"loc":{"start":{"line":1940,"column":2},"end":{"line":1968,"column":3}},"line":1940},"68":{"name":"resyncEnabledWorkflowEmployeeTasks","decl":{"start":{"line":1970,"column":2},"end":{"line":1981,"column":3}},"loc":{"start":{"line":1970,"column":2},"end":{"line":1981,"column":3}},"line":1970},"69":{"name":"onWorkflowAiEmployeesChanged","decl":{"start":{"line":1983,"column":2},"end":{"line":1991,"column":3}},"loc":{"start":{"line":1983,"column":2},"end":{"line":1991,"column":3}},"line":1983},"70":{"name":"onWorkflowEmployeesStorage","decl":{"start":{"line":1993,"column":2},"end":{"line":1998,"column":3}},"loc":{"start":{"line":1993,"column":2},"end":{"line":1998,"column":3}},"line":1993},"71":{"name":"onStarRefreshOrIntentChangedForWorkflow","decl":{"start":{"line":2000,"column":2},"end":{"line":2002,"column":3}},"loc":{"start":{"line":2000,"column":2},"end":{"line":2002,"column":3}},"line":2000},"72":{"name":"ensureWorkflowEmployeePanelTasksFromStorage","decl":{"start":{"line":2008,"column":2},"end":{"line":2012,"column":3}},"loc":{"start":{"line":2008,"column":2},"end":{"line":2012,"column":3}},"line":2008},"73":{"name":"onWindowFocusForWorkflowTasks","decl":{"start":{"line":2014,"column":2},"end":{"line":2016,"column":3}},"loc":{"start":{"line":2014,"column":2},"end":{"line":2016,"column":3}},"line":2014},"74":{"name":"onVisibilityChangeForWorkflowTasks","decl":{"start":{"line":2018,"column":2},"end":{"line":2022,"column":3}},"loc":{"start":{"line":2018,"column":2},"end":{"line":2022,"column":3}},"line":2018},"75":{"name":"__vite_ssr_import_0__.watch.deep","decl":{"start":{"line":2047,"column":4},"end":{"line":2049,"column":6}},"loc":{"start":{"line":2047,"column":4},"end":{"line":2049,"column":6}},"line":2047},"76":{"name":"__vite_ssr_import_0__.watch.deep","decl":{"start":{"line":2055,"column":4},"end":{"line":2059,"column":6}},"loc":{"start":{"line":2055,"column":4},"end":{"line":2059,"column":6}},"line":2055},"77":{"name":"__vite_ssr_import_0__.watch.deep","decl":{"start":{"line":2065,"column":4},"end":{"line":2067,"column":6}},"loc":{"start":{"line":2065,"column":4},"end":{"line":2067,"column":6}},"line":2065},"78":{"name":"setTaskFilter","decl":{"start":{"line":2071,"column":2},"end":{"line":2073,"column":3}},"loc":{"start":{"line":2071,"column":2},"end":{"line":2073,"column":3}},"line":2071},"79":{"name":"clearTaskHistory","decl":{"start":{"line":2075,"column":2},"end":{"line":2079,"column":3}},"loc":{"start":{"line":2075,"column":2},"end":{"line":2079,"column":3}},"line":2075},"80":{"name":"isProModeActiveFromDom","decl":{"start":{"line":2081,"column":2},"end":{"line":2087,"column":3}},"loc":{"start":{"line":2081,"column":2},"end":{"line":2087,"column":3}},"line":2081},"81":{"name":"resolveEffectiveProModeState","decl":{"start":{"line":2089,"column":2},"end":{"line":2104,"column":3}},"loc":{"start":{"line":2089,"column":2},"end":{"line":2104,"column":3}},"line":2089},"82":{"name":"syncProModeState","decl":{"start":{"line":2106,"column":2},"end":{"line":2108,"column":3}},"loc":{"start":{"line":2106,"column":2},"end":{"line":2108,"column":3}},"line":2106},"83":{"name":"getModeScopedUserId","decl":{"start":{"line":2110,"column":2},"end":{"line":2113,"column":3}},"loc":{"start":{"line":2110,"column":2},"end":{"line":2113,"column":3}},"line":2110},"84":{"name":"resolveChatDbTokensForPayload","decl":{"start":{"line":2115,"column":2},"end":{"line":2126,"column":3}},"loc":{"start":{"line":2115,"column":2},"end":{"line":2126,"column":3}},"line":2115},"85":{"name":"handleChatRequiresToken","decl":{"start":{"line":2128,"column":2},"end":{"line":2155,"column":3}},"loc":{"start":{"line":2128,"column":2},"end":{"line":2155,"column":3}},"line":2128},"86":{"name":"onDbWriteUnlockedForChatRetry","decl":{"start":{"line":2157,"column":2},"end":{"line":2163,"column":3}},"loc":{"start":{"line":2157,"column":2},"end":{"line":2163,"column":3}},"line":2157},"87":{"name":"resolveExcelAnalysisContextForRequest","decl":{"start":{"line":2165,"column":2},"end":{"line":2176,"column":3}},"loc":{"start":{"line":2165,"column":2},"end":{"line":2176,"column":3}},"line":2165},"88":{"name":"injectExcelContextPayload","decl":{"start":{"line":2178,"column":2},"end":{"line":2219,"column":3}},"loc":{"start":{"line":2178,"column":2},"end":{"line":2219,"column":3}},"line":2178},"89":{"name":"consumeMultimodalIntoPlannerContext","decl":{"start":{"line":2221,"column":2},"end":{"line":2230,"column":3}},"loc":{"start":{"line":2221,"column":2},"end":{"line":2230,"column":3}},"line":2221},"90":{"name":"onMultimodalFileChange","decl":{"start":{"line":2232,"column":2},"end":{"line":2247,"column":3}},"loc":{"start":{"line":2232,"column":2},"end":{"line":2247,"column":3}},"line":2232},"91":{"name":"buildPlannerChatRequestPayload","decl":{"start":{"line":2250,"column":2},"end":{"line":2320,"column":3}},"loc":{"start":{"line":2250,"column":2},"end":{"line":2320,"column":3}},"line":2250},"92":{"name":"requestChatByMode","decl":{"start":{"line":2322,"column":2},"end":{"line":2333,"column":3}},"loc":{"start":{"line":2322,"column":2},"end":{"line":2333,"column":3}},"line":2322},"93":{"name":"requestChatByModeBatch","decl":{"start":{"line":2336,"column":2},"end":{"line":2378,"column":3}},"loc":{"start":{"line":2336,"column":2},"end":{"line":2378,"column":3}},"line":2336},"94":{"name":"getChatBatchDebounceMs","decl":{"start":{"line":2380,"column":2},"end":{"line":2388,"column":3}},"loc":{"start":{"line":2380,"column":2},"end":{"line":2388,"column":3}},"line":2380},"95":{"name":"setLoadingProgress","decl":{"start":{"line":2393,"column":2},"end":{"line":2395,"column":3}},"loc":{"start":{"line":2393,"column":2},"end":{"line":2395,"column":3}},"line":2393},"96":{"name":"startWaitProgressTimer","decl":{"start":{"line":2397,"column":2},"end":{"line":2410,"column":3}},"loc":{"start":{"line":2397,"column":2},"end":{"line":2410,"column":3}},"line":2397},"97":{"name":"stopLoadingProgress","decl":{"start":{"line":2412,"column":2},"end":{"line":2418,"column":3}},"loc":{"start":{"line":2412,"column":2},"end":{"line":2418,"column":3}},"line":2412},"98":{"name":"requestChatByModeWithTimeout","decl":{"start":{"line":2420,"column":2},"end":{"line":2436,"column":3}},"loc":{"start":{"line":2420,"column":2},"end":{"line":2436,"column":3}},"line":2420},"99":{"name":"requestChatByModeBatchWithTimeout","decl":{"start":{"line":2438,"column":2},"end":{"line":2450,"column":3}},"loc":{"start":{"line":2438,"column":2},"end":{"line":2450,"column":3}},"line":2438},"100":{"name":"resolveChatTimeoutMs","decl":{"start":{"line":2452,"column":2},"end":{"line":2456,"column":3}},"loc":{"start":{"line":2452,"column":2},"end":{"line":2456,"column":3}},"line":2452},"101":{"name":"runShipmentMgmtAfterPrintSuccess","decl":{"start":{"line":2502,"column":2},"end":{"line":2565,"column":3}},"loc":{"start":{"line":2502,"column":2},"end":{"line":2565,"column":3}},"line":2502},"102":{"name":"handleStartPrintCommand","decl":{"start":{"line":2567,"column":2},"end":{"line":2645,"column":3}},"loc":{"start":{"line":2567,"column":2},"end":{"line":2645,"column":3}},"line":2567},"103":{"name":"applyProRuntimeMode","decl":{"start":{"line":2647,"column":2},"end":{"line":2676,"column":3}},"loc":{"start":{"line":2647,"column":2},"end":{"line":2676,"column":3}},"line":2647},"104":{"name":"tryHandleRuntimeModeCommand","decl":{"start":{"line":2678,"column":2},"end":{"line":2691,"column":3}},"loc":{"start":{"line":2678,"column":2},"end":{"line":2691,"column":3}},"line":2678},"105":{"name":"refetchTaskOrderNumber","decl":{"start":{"line":2693,"column":2},"end":{"line":2702,"column":3}},"loc":{"start":{"line":2693,"column":2},"end":{"line":2702,"column":3}},"line":2693},"106":{"name":"shouldAutoRunTask","decl":{"start":{"line":2704,"column":2},"end":{"line":2719,"column":3}},"loc":{"start":{"line":2704,"column":2},"end":{"line":2719,"column":3}},"line":2704},"107":{"name":"scheduleAutoConfirmTask","decl":{"start":{"line":2721,"column":2},"end":{"line":2732,"column":3}},"loc":{"start":{"line":2721,"column":2},"end":{"line":2732,"column":3}},"line":2721},"108":{"name":"showTaskConfirm","decl":{"start":{"line":2734,"column":2},"end":{"line":2759,"column":3}},"loc":{"start":{"line":2734,"column":2},"end":{"line":2759,"column":3}},"line":2734},"109":{"name":"emitAssistantPush","decl":{"start":{"line":2761,"column":2},"end":{"line":2770,"column":3}},"loc":{"start":{"line":2761,"column":2},"end":{"line":2770,"column":3}},"line":2761},"110":{"name":"maybeCloseAssistantFloatForShipmentTask","decl":{"start":{"line":2773,"column":2},"end":{"line":2790,"column":3}},"loc":{"start":{"line":2773,"column":2},"end":{"line":2790,"column":3}},"line":2773},"111":{"name":"onWechatShipmentPreviewTask","decl":{"start":{"line":2793,"column":2},"end":{"line":2822,"column":3}},"loc":{"start":{"line":2793,"column":2},"end":{"line":2822,"column":3}},"line":2793},"112":{"name":"onWorkflowLabelPrintSignal","decl":{"start":{"line":2824,"column":2},"end":{"line":2833,"column":3}},"loc":{"start":{"line":2824,"column":2},"end":{"line":2833,"column":3}},"line":2824},"113":{"name":"onWorkflowReceiptFeedbackSignal","decl":{"start":{"line":2836,"column":2},"end":{"line":2854,"column":3}},"loc":{"start":{"line":2836,"column":2},"end":{"line":2854,"column":3}},"line":2836},"114":{"name":"buildTaskCompletedDescription","decl":{"start":{"line":2856,"column":2},"end":{"line":2869,"column":3}},"loc":{"start":{"line":2856,"column":2},"end":{"line":2869,"column":3}},"line":2856},"115":{"name":"buildShipmentDownloadUrl","decl":{"start":{"line":2871,"column":2},"end":{"line":2879,"column":3}},"loc":{"start":{"line":2871,"column":2},"end":{"line":2879,"column":3}},"line":2871},"116":{"name":"normalizeRecordId","decl":{"start":{"line":2881,"column":2},"end":{"line":2887,"column":3}},"loc":{"start":{"line":2881,"column":2},"end":{"line":2887,"column":3}},"line":2881},"117":{"name":"extractShipmentExecutionContext","decl":{"start":{"line":2889,"column":2},"end":{"line":2936,"column":3}},"loc":{"start":{"line":2889,"column":2},"end":{"line":2936,"column":3}},"line":2889},"118":{"name":"confirmTask","decl":{"start":{"line":2938,"column":2},"end":{"line":3063,"column":3}},"loc":{"start":{"line":2938,"column":2},"end":{"line":3063,"column":3}},"line":2938},"119":{"name":"cancelTask","decl":{"start":{"line":3065,"column":2},"end":{"line":3068,"column":3}},"loc":{"start":{"line":3065,"column":2},"end":{"line":3068,"column":3}},"line":3065},"120":{"name":"handleAutoAction","decl":{"start":{"line":3070,"column":2},"end":{"line":3142,"column":3}},"loc":{"start":{"line":3070,"column":2},"end":{"line":3142,"column":3}},"line":3070},"121":{"name":"attachThinkingStepsToLastAiMessage","decl":{"start":{"line":3144,"column":2},"end":{"line":3160,"column":3}},"loc":{"start":{"line":3144,"column":2},"end":{"line":3160,"column":3}},"line":3144},"122":{"name":"getLastAiMessageRef","decl":{"start":{"line":3162,"column":2},"end":{"line":3170,"column":3}},"loc":{"start":{"line":3162,"column":2},"end":{"line":3170,"column":3}},"line":3162},"123":{"name":"jumpToTaskMessage","decl":{"start":{"line":3172,"column":2},"end":{"line":3181,"column":3}},"loc":{"start":{"line":3172,"column":2},"end":{"line":3181,"column":3}},"line":3172},"124":{"name":"attachTodoStepsToLastAiMessage","decl":{"start":{"line":3183,"column":2},"end":{"line":3196,"column":3}},"loc":{"start":{"line":3183,"column":2},"end":{"line":3196,"column":3}},"line":3183},"125":{"name":"attachWorkflowTraceToLastAiMessage","decl":{"start":{"line":3198,"column":2},"end":{"line":3222,"column":3}},"loc":{"start":{"line":3198,"column":2},"end":{"line":3222,"column":3}},"line":3198},"126":{"name":"attachContextSummaryToLastAiMessage","decl":{"start":{"line":3224,"column":2},"end":{"line":3234,"column":3}},"loc":{"start":{"line":3224,"column":2},"end":{"line":3234,"column":3}},"line":3224},"127":{"name":"syncTaskFromChatResponse","decl":{"start":{"line":3236,"column":2},"end":{"line":3299,"column":3}},"loc":{"start":{"line":3236,"column":2},"end":{"line":3299,"column":3}},"line":3236},"128":{"name":"maybePrefetchProductAssistantFloat","decl":{"start":{"line":3301,"column":2},"end":{"line":3311,"column":3}},"loc":{"start":{"line":3301,"column":2},"end":{"line":3311,"column":3}},"line":3301},"129":{"name":"executeRemoteChatRound","decl":{"start":{"line":3313,"column":2},"end":{"line":3674,"column":3}},"loc":{"start":{"line":3313,"column":2},"end":{"line":3674,"column":3}},"line":3313},"130":{"name":"flushTtsFromStream","decl":{"start":{"line":3425,"column":33},"end":{"line":3446,"column":7}},"loc":{"start":{"line":3425,"column":33},"end":{"line":3446,"column":7}},"line":3425},"131":{"name":"sendMessage","decl":{"start":{"line":3676,"column":2},"end":{"line":3724,"column":3}},"loc":{"start":{"line":3676,"column":2},"end":{"line":3724,"column":3}},"line":3676},"132":{"name":"showHistoryPanel","decl":{"start":{"line":3726,"column":2},"end":{"line":3751,"column":3}},"loc":{"start":{"line":3726,"column":2},"end":{"line":3751,"column":3}},"line":3726},"133":{"name":"loadSession","decl":{"start":{"line":3753,"column":2},"end":{"line":3811,"column":3}},"loc":{"start":{"line":3753,"column":2},"end":{"line":3811,"column":3}},"line":3753},"134":{"name":"clearHistorySessions","decl":{"start":{"line":3813,"column":2},"end":{"line":3832,"column":3}},"loc":{"start":{"line":3813,"column":2},"end":{"line":3832,"column":3}},"line":3813},"135":{"name":"newConversation","decl":{"start":{"line":3834,"column":2},"end":{"line":3851,"column":3}},"loc":{"start":{"line":3834,"column":2},"end":{"line":3851,"column":3}},"line":3834},"136":{"name":"handleShipmentDownloadClick","decl":{"start":{"line":3853,"column":2},"end":{"line":3855,"column":3}},"loc":{"start":{"line":3853,"column":2},"end":{"line":3855,"column":3}},"line":3853},"137":{"name":"startPrintFromTaskCard","decl":{"start":{"line":3857,"column":2},"end":{"line":3859,"column":3}},"loc":{"start":{"line":3857,"column":2},"end":{"line":3859,"column":3}},"line":3857},"138":{"name":"copyAssistantPushContent","decl":{"start":{"line":3861,"column":2},"end":{"line":3874,"column":3}},"loc":{"start":{"line":3861,"column":2},"end":{"line":3874,"column":3}},"line":3861},"139":{"name":"openAssistantFloatFromTaskPanel","decl":{"start":{"line":3876,"column":2},"end":{"line":3879,"column":3}},"loc":{"start":{"line":3876,"column":2},"end":{"line":3879,"column":3}},"line":3876},"140":{"name":"syncSessionMessages","decl":{"start":{"line":3881,"column":2},"end":{"line":3887,"column":3}},"loc":{"start":{"line":3881,"column":2},"end":{"line":3887,"column":3}},"line":3881},"141":{"name":"bindExcelSheetToChat","decl":{"start":{"line":3889,"column":2},"end":{"line":3911,"column":3}},"loc":{"start":{"line":3889,"column":2},"end":{"line":3911,"column":3}},"line":3889},"142":{"name":"bindAllExcelSheetsToChat","decl":{"start":{"line":3913,"column":2},"end":{"line":3935,"column":3}},"loc":{"start":{"line":3913,"column":2},"end":{"line":3935,"column":3}},"line":3913}},"f":{"0":425,"1":4,"2":4,"3":176,"4":3,"5":89,"6":13,"7":9399,"8":2,"9":169,"10":3,"11":160,"12":9399,"13":13,"14":2,"15":2,"16":1,"17":2,"18":169,"19":5,"20":1,"21":6,"22":6,"23":2,"24":0,"25":8,"26":17,"27":1,"28":1,"29":8,"30":8,"31":8,"32":2,"33":46,"34":8900,"35":6512,"36":3910,"37":0,"38":3,"39":1,"40":1,"41":1,"42":27,"43":13553,"44":4985,"45":438,"46":172,"47":172,"48":172,"49":172,"50":172,"51":30070,"52":7219,"53":6024,"54":7572,"55":1444,"56":1444,"57":4098,"58":1195,"59":1194,"60":3841,"61":3841,"62":3841,"63":3841,"64":15926,"65":3841,"66":45,"67":4829,"68":156,"69":1621,"70":130,"71":156,"72":278,"73":68,"74":46,"75":5475,"76":2686,"77":0,"78":4,"79":1,"80":143,"81":146,"82":0,"83":51,"84":51,"85":8,"86":143,"87":270,"88":51,"89":51,"90":3,"91":39,"92":24,"93":12,"94":65,"95":139,"96":59,"97":59,"98":24,"99":12,"100":51,"101":3,"102":73,"103":8,"104":76,"105":1,"106":52,"107":11,"108":52,"109":55,"110":44,"111":38,"112":242,"113":169,"114":20,"115":10,"116":5,"117":5,"118":22,"119":1,"120":21,"121":46,"122":63,"123":1,"124":46,"125":46,"126":46,"127":50,"128":48,"129":56,"130":15,"131":77,"132":7,"133":9,"134":3,"135":2,"136":1,"137":2,"138":3,"139":1,"140":3,"141":4,"142":3}}
}
