{"total": {"lines":{"total":27340,"covered":9739,"skipped":0,"pct":35.62},"statements":{"total":30907,"covered":10415,"skipped":0,"pct":33.69},"functions":{"total":6325,"covered":2012,"skipped":0,"pct":31.81},"branches":{"total":28196,"covered":6280,"skipped":0,"pct":22.27},"branchesTrue":{"total":0,"covered":0,"skipped":0,"pct":100}}
,"/Users/a4243342/Desktop/XCMAX/成都修茈科技有限公司/MODstore_deploy/market/src/App.vue": {"lines":{"total":330,"covered":0,"skipped":0,"pct":0},"functions":{"total":102,"covered":0,"skipped":0,"pct":0},"statements":{"total":373,"covered":0,"skipped":0,"pct":0},"branches":{"total":355,"covered":0,"skipped":0,"pct":0}}
,"/Users/a4243342/Desktop/XCMAX/成都修茈科技有限公司/MODstore_deploy/market/src/api.ts": {"lines":{"total":1,"covered":0,"skipped":0,"pct":0},"functions":{"total":0,"covered":0,"skipped":0,"pct":100},"statements":{"total":1,"covered":0,"skipped":0,"pct":0},"branches":{"total":0,"covered":0,"skipped":0,"pct":100}}
,"/Users/a4243342/Desktop/XCMAX/成都修茈科技有限公司/MODstore_deploy/market/src/authPaths.ts": {"lines":{"total":13,"covered":1,"skipped":0,"pct":7.69},"functions":{"total":2,"covered":0,"skipped":0,"pct":0},"statements":{"total":17,"covered":1,"skipped":0,"pct":5.88},"branches":{"total":22,"covered":0,"skipped":0,"pct":0}}
,"/Users/a4243342/Desktop/XCMAX/成都修茈科技有限公司/MODstore_deploy/market/src/byokEnvImport.ts": {"lines":{"total":72,"covered":3,"skipped":0,"pct":4.16},"functions":{"total":5,"covered":0,"skipped":0,"pct":0},"statements":{"total":82,"covered":3,"skipped":0,"pct":3.65},"branches":{"total":78,"covered":0,"skipped":0,"pct":0}}
,"/Users/a4243342/Desktop/XCMAX/成都修茈科技有限公司/MODstore_deploy/market/src/employeeConfigV2.ts": {"lines":{"total":59,"covered":24,"skipped":0,"pct":40.67},"functions":{"total":5,"covered":3,"skipped":0,"pct":60},"statements":{"total":68,"covered":24,"skipped":0,"pct":35.29},"branches":{"total":134,"covered":37,"skipped":0,"pct":27.61}}
,"/Users/a4243342/Desktop/XCMAX/成都修茈科技有限公司/MODstore_deploy/market/src/employeePackClientExport.ts": {"lines":{"total":105,"covered":0,"skipped":0,"pct":0},"functions":{"total":15,"covered":0,"skipped":0,"pct":0},"statements":{"total":132,"covered":0,"skipped":0,"pct":0},"branches":{"total":229,"covered":0,"skipped":0,"pct":0}}
,"/Users/a4243342/Desktop/XCMAX/成都修茈科技有限公司/MODstore_deploy/market/src/i18n.ts": {"lines":{"total":23,"covered":14,"skipped":0,"pct":60.86},"functions":{"total":9,"covered":6,"skipped":0,"pct":66.66},"statements":{"total":25,"covered":14,"skipped":0,"pct":56},"branches":{"total":20,"covered":11,"skipped":0,"pct":55}}
,"/Users/a4243342/Desktop/XCMAX/成都修茈科技有限公司/MODstore_deploy/market/src/llmIconUrls.ts": {"lines":{"total":9,"covered":5,"skipped":0,"pct":55.55},"functions":{"total":1,"covered":0,"skipped":0,"pct":0},"statements":{"total":11,"covered":5,"skipped":0,"pct":45.45},"branches":{"total":4,"covered":0,"skipped":0,"pct":0}}
,"/Users/a4243342/Desktop/XCMAX/成都修茈科技有限公司/MODstore_deploy/market/src/llmMedia.ts": {"lines":{"total":53,"covered":3,"skipped":0,"pct":5.66},"functions":{"total":16,"covered":0,"skipped":0,"pct":0},"statements":{"total":72,"covered":3,"skipped":0,"pct":4.16},"branches":{"total":64,"covered":0,"skipped":0,"pct":0}}
,"/Users/a4243342/Desktop/XCMAX/成都修茈科技有限公司/MODstore_deploy/market/src/llmModels.ts": {"lines":{"total":3,"covered":2,"skipped":0,"pct":66.66},"functions":{"total":1,"covered":0,"skipped":0,"pct":0},"statements":{"total":3,"covered":2,"skipped":0,"pct":66.66},"branches":{"total":2,"covered":0,"skipped":0,"pct":0}}
,"/Users/a4243342/Desktop/XCMAX/成都修茈科技有限公司/MODstore_deploy/market/src/llmProviderHealth.ts": {"lines":{"total":28,"covered":3,"skipped":0,"pct":10.71},"functions":{"total":4,"covered":0,"skipped":0,"pct":0},"statements":{"total":41,"covered":3,"skipped":0,"pct":7.31},"branches":{"total":44,"covered":0,"skipped":0,"pct":0}}
,"/Users/a4243342/Desktop/XCMAX/成都修茈科技有限公司/MODstore_deploy/market/src/realtimeClient.ts": {"lines":{"total":68,"covered":0,"skipped":0,"pct":0},"functions":{"total":9,"covered":0,"skipped":0,"pct":0},"statements":{"total":71,"covered":0,"skipped":0,"pct":0},"branches":{"total":35,"covered":0,"skipped":0,"pct":0}}
,"/Users/a4243342/Desktop/XCMAX/成都修茈科技有限公司/MODstore_deploy/market/src/refundStatus.ts": {"lines":{"total":15,"covered":9,"skipped":0,"pct":60},"functions":{"total":4,"covered":2,"skipped":0,"pct":50},"statements":{"total":20,"covered":12,"skipped":0,"pct":60},"branches":{"total":20,"covered":9,"skipped":0,"pct":45}}
,"/Users/a4243342/Desktop/XCMAX/成都修茈科技有限公司/MODstore_deploy/market/src/workflowMermaid.ts": {"lines":{"total":61,"covered":20,"skipped":0,"pct":32.78},"functions":{"total":12,"covered":4,"skipped":0,"pct":33.33},"statements":{"total":76,"covered":22,"skipped":0,"pct":28.94},"branches":{"total":57,"covered":5,"skipped":0,"pct":8.77}}
,"/Users/a4243342/Desktop/XCMAX/成都修茈科技有限公司/MODstore_deploy/market/src/workflowSandboxPresets.ts": {"lines":{"total":2,"covered":1,"skipped":0,"pct":50},"functions":{"total":2,"covered":0,"skipped":0,"pct":0},"statements":{"total":3,"covered":1,"skipped":0,"pct":33.33},"branches":{"total":2,"covered":0,"skipped":0,"pct":0}}
,"/Users/a4243342/Desktop/XCMAX/成都修茈科技有限公司/MODstore_deploy/market/src/api/admin.ts": {"lines":{"total":112,"covered":0,"skipped":0,"pct":0},"functions":{"total":65,"covered":0,"skipped":0,"pct":0},"statements":{"total":138,"covered":0,"skipped":0,"pct":0},"branches":{"total":120,"covered":0,"skipped":0,"pct":0}}
,"/Users/a4243342/Desktop/XCMAX/成都修茈科技有限公司/MODstore_deploy/market/src/api/auth.ts": {"lines":{"total":29,"covered":0,"skipped":0,"pct":0},"functions":{"total":17,"covered":0,"skipped":0,"pct":0},"statements":{"total":29,"covered":0,"skipped":0,"pct":0},"branches":{"total":15,"covered":0,"skipped":0,"pct":0}}
,"/Users/a4243342/Desktop/XCMAX/成都修茈科技有限公司/MODstore_deploy/market/src/api/catalog.ts": {"lines":{"total":65,"covered":0,"skipped":0,"pct":0},"functions":{"total":18,"covered":0,"skipped":0,"pct":0},"statements":{"total":79,"covered":0,"skipped":0,"pct":0},"branches":{"total":39,"covered":0,"skipped":0,"pct":0}}
,"/Users/a4243342/Desktop/XCMAX/成都修茈科技有限公司/MODstore_deploy/market/src/api/developer.ts": {"lines":{"total":39,"covered":0,"skipped":0,"pct":0},"functions":{"total":22,"covered":0,"skipped":0,"pct":0},"statements":{"total":49,"covered":0,"skipped":0,"pct":0},"branches":{"total":34,"covered":0,"skipped":0,"pct":0}}
,"/Users/a4243342/Desktop/XCMAX/成都修茈科技有限公司/MODstore_deploy/market/src/api/employees.ts": {"lines":{"total":19,"covered":0,"skipped":0,"pct":0},"functions":{"total":7,"covered":0,"skipped":0,"pct":0},"statements":{"total":20,"covered":0,"skipped":0,"pct":0},"branches":{"total":15,"covered":0,"skipped":0,"pct":0}}
,"/Users/a4243342/Desktop/XCMAX/成都修茈科技有限公司/MODstore_deploy/market/src/api/http.ts": {"lines":{"total":9,"covered":9,"skipped":0,"pct":100},"functions":{"total":3,"covered":3,"skipped":0,"pct":100},"statements":{"total":11,"covered":9,"skipped":0,"pct":81.81},"branches":{"total":11,"covered":7,"skipped":0,"pct":63.63}}
,"/Users/a4243342/Desktop/XCMAX/成都修茈科技有限公司/MODstore_deploy/market/src/api/index.ts": {"lines":{"total":1,"covered":0,"skipped":0,"pct":0},"functions":{"total":0,"covered":0,"skipped":0,"pct":100},"statements":{"total":1,"covered":0,"skipped":0,"pct":0},"branches":{"total":0,"covered":0,"skipped":0,"pct":100}}
,"/Users/a4243342/Desktop/XCMAX/成都修茈科技有限公司/MODstore_deploy/market/src/api/legacyMonolith.ts": {"lines":{"total":538,"covered":492,"skipped":0,"pct":91.44},"functions":{"total":309,"covered":302,"skipped":0,"pct":97.73},"statements":{"total":616,"covered":513,"skipped":0,"pct":83.27},"branches":{"total":541,"covered":343,"skipped":0,"pct":63.4}}
,"/Users/a4243342/Desktop/XCMAX/成都修茈科技有限公司/MODstore_deploy/market/src/api/llm.ts": {"lines":{"total":54,"covered":0,"skipped":0,"pct":0},"functions":{"total":25,"covered":0,"skipped":0,"pct":0},"statements":{"total":62,"covered":0,"skipped":0,"pct":0},"branches":{"total":60,"covered":0,"skipped":0,"pct":0}}
,"/Users/a4243342/Desktop/XCMAX/成都修茈科技有限公司/MODstore_deploy/market/src/api/mods.ts": {"lines":{"total":76,"covered":0,"skipped":0,"pct":0},"functions":{"total":36,"covered":0,"skipped":0,"pct":0},"statements":{"total":88,"covered":0,"skipped":0,"pct":0},"branches":{"total":83,"covered":0,"skipped":0,"pct":0}}
,"/Users/a4243342/Desktop/XCMAX/成都修茈科技有限公司/MODstore_deploy/market/src/api/shared.ts": {"lines":{"total":7,"covered":1,"skipped":0,"pct":14.28},"functions":{"total":4,"covered":0,"skipped":0,"pct":0},"statements":{"total":7,"covered":1,"skipped":0,"pct":14.28},"branches":{"total":7,"covered":0,"skipped":0,"pct":0}}
,"/Users/a4243342/Desktop/XCMAX/成都修茈科技有限公司/MODstore_deploy/market/src/api/wallet.ts": {"lines":{"total":46,"covered":0,"skipped":0,"pct":0},"functions":{"total":18,"covered":0,"skipped":0,"pct":0},"statements":{"total":50,"covered":0,"skipped":0,"pct":0},"branches":{"total":66,"covered":0,"skipped":0,"pct":0}}
,"/Users/a4243342/Desktop/XCMAX/成都修茈科技有限公司/MODstore_deploy/market/src/api/workbench-employee.ts": {"lines":{"total":12,"covered":0,"skipped":0,"pct":0},"functions":{"total":6,"covered":0,"skipped":0,"pct":0},"statements":{"total":13,"covered":0,"skipped":0,"pct":0},"branches":{"total":27,"covered":0,"skipped":0,"pct":0}}
,"/Users/a4243342/Desktop/XCMAX/成都修茈科技有限公司/MODstore_deploy/market/src/api/workbench.ts": {"lines":{"total":96,"covered":0,"skipped":0,"pct":0},"functions":{"total":65,"covered":0,"skipped":0,"pct":0},"statements":{"total":107,"covered":0,"skipped":0,"pct":0},"branches":{"total":77,"covered":0,"skipped":0,"pct":0}}
,"/Users/a4243342/Desktop/XCMAX/成都修茈科技有限公司/MODstore_deploy/market/src/api/workflow.ts": {"lines":{"total":49,"covered":0,"skipped":0,"pct":0},"functions":{"total":43,"covered":0,"skipped":0,"pct":0},"statements":{"total":52,"covered":0,"skipped":0,"pct":0},"branches":{"total":26,"covered":0,"skipped":0,"pct":0}}
,"/Users/a4243342/Desktop/XCMAX/成都修茈科技有限公司/MODstore_deploy/market/src/application/analyticsApi.ts": {"lines":{"total":1,"covered":0,"skipped":0,"pct":0},"functions":{"total":1,"covered":0,"skipped":0,"pct":0},"statements":{"total":1,"covered":0,"skipped":0,"pct":0},"branches":{"total":0,"covered":0,"skipped":0,"pct":100}}
,"/Users/a4243342/Desktop/XCMAX/成都修茈科技有限公司/MODstore_deploy/market/src/application/authApi.ts": {"lines":{"total":4,"covered":0,"skipped":0,"pct":0},"functions":{"total":2,"covered":0,"skipped":0,"pct":0},"statements":{"total":4,"covered":0,"skipped":0,"pct":0},"branches":{"total":0,"covered":0,"skipped":0,"pct":100}}
,"/Users/a4243342/Desktop/XCMAX/成都修茈科技有限公司/MODstore_deploy/market/src/application/catalogApi.ts": {"lines":{"total":2,"covered":0,"skipped":0,"pct":0},"functions":{"total":2,"covered":0,"skipped":0,"pct":0},"statements":{"total":2,"covered":0,"skipped":0,"pct":0},"branches":{"total":2,"covered":0,"skipped":0,"pct":0}}
,"/Users/a4243342/Desktop/XCMAX/成都修茈科技有限公司/MODstore_deploy/market/src/application/index.ts": {"lines":{"total":0,"covered":0,"skipped":0,"pct":100},"functions":{"total":0,"covered":0,"skipped":0,"pct":100},"statements":{"total":0,"covered":0,"skipped":0,"pct":100},"branches":{"total":0,"covered":0,"skipped":0,"pct":100}}
,"/Users/a4243342/Desktop/XCMAX/成都修茈科技有限公司/MODstore_deploy/market/src/application/openApiConnectorsApi.ts": {"lines":{"total":10,"covered":1,"skipped":0,"pct":10},"functions":{"total":10,"covered":1,"skipped":0,"pct":10},"statements":{"total":10,"covered":1,"skipped":0,"pct":10},"branches":{"total":11,"covered":0,"skipped":0,"pct":0}}
,"/Users/a4243342/Desktop/XCMAX/成都修茈科技有限公司/MODstore_deploy/market/src/application/paymentApi.ts": {"lines":{"total":5,"covered":0,"skipped":0,"pct":0},"functions":{"total":5,"covered":0,"skipped":0,"pct":0},"statements":{"total":5,"covered":0,"skipped":0,"pct":0},"branches":{"total":2,"covered":0,"skipped":0,"pct":0}}
,"/Users/a4243342/Desktop/XCMAX/成都修茈科技有限公司/MODstore_deploy/market/src/application/sandboxApi.ts": {"lines":{"total":4,"covered":2,"skipped":0,"pct":50},"functions":{"total":3,"covered":1,"skipped":0,"pct":33.33},"statements":{"total":4,"covered":2,"skipped":0,"pct":50},"branches":{"total":0,"covered":0,"skipped":0,"pct":100}}
,"/Users/a4243342/Desktop/XCMAX/成都修茈科技有限公司/MODstore_deploy/market/src/components/AppConfirmDialog.vue": {"lines":{"total":7,"covered":4,"skipped":0,"pct":57.14},"functions":{"total":3,"covered":0,"skipped":0,"pct":0},"statements":{"total":7,"covered":4,"skipped":0,"pct":57.14},"branches":{"total":13,"covered":12,"skipped":0,"pct":92.3}}
,"/Users/a4243342/Desktop/XCMAX/成都修茈科技有限公司/MODstore_deploy/market/src/components/AppToastHost.vue": {"lines":{"total":4,"covered":2,"skipped":0,"pct":50},"functions":{"total":2,"covered":0,"skipped":0,"pct":0},"statements":{"total":4,"covered":2,"skipped":0,"pct":50},"branches":{"total":0,"covered":0,"skipped":0,"pct":100}}
,"/Users/a4243342/Desktop/XCMAX/成都修茈科技有限公司/MODstore_deploy/market/src/components/admin/AdminDigestUnlockModal.vue": {"lines":{"total":10,"covered":5,"skipped":0,"pct":50},"functions":{"total":6,"covered":0,"skipped":0,"pct":0},"statements":{"total":10,"covered":5,"skipped":0,"pct":50},"branches":{"total":30,"covered":25,"skipped":0,"pct":83.33}}
,"/Users/a4243342/Desktop/XCMAX/成都修茈科技有限公司/MODstore_deploy/market/src/components/admin/AdminDutyEmployeeGraph.vue": {"lines":{"total":1109,"covered":607,"skipped":0,"pct":54.73},"functions":{"total":247,"covered":122,"skipped":0,"pct":49.39},"statements":{"total":1240,"covered":665,"skipped":0,"pct":53.62},"branches":{"total":1418,"covered":350,"skipped":0,"pct":24.68}}
,"/Users/a4243342/Desktop/XCMAX/成都修茈科技有限公司/MODstore_deploy/market/src/components/catalog/CatalogCreatorProfile.vue": {"lines":{"total":28,"covered":24,"skipped":0,"pct":85.71},"functions":{"total":8,"covered":5,"skipped":0,"pct":62.5},"statements":{"total":31,"covered":25,"skipped":0,"pct":80.64},"branches":{"total":49,"covered":32,"skipped":0,"pct":65.3}}
,"/Users/a4243342/Desktop/XCMAX/成都修茈科技有限公司/MODstore_deploy/market/src/components/customer-service/CustomerServiceActionCard.vue": {"lines":{"total":16,"covered":10,"skipped":0,"pct":62.5},"functions":{"total":5,"covered":1,"skipped":0,"pct":20},"statements":{"total":22,"covered":11,"skipped":0,"pct":50},"branches":{"total":57,"covered":1,"skipped":0,"pct":1.75}}
,"/Users/a4243342/Desktop/XCMAX/成都修茈科技有限公司/MODstore_deploy/market/src/components/floating-agent/AdminAgentSkillMarket.vue": {"lines":{"total":24,"covered":21,"skipped":0,"pct":87.5},"functions":{"total":4,"covered":2,"skipped":0,"pct":50},"statements":{"total":25,"covered":22,"skipped":0,"pct":88},"branches":{"total":26,"covered":9,"skipped":0,"pct":34.61}}
,"/Users/a4243342/Desktop/XCMAX/成都修茈科技有限公司/MODstore_deploy/market/src/components/floating-agent/AgentActionPreview.vue": {"lines":{"total":11,"covered":6,"skipped":0,"pct":54.54},"functions":{"total":3,"covered":0,"skipped":0,"pct":0},"statements":{"total":13,"covered":6,"skipped":0,"pct":46.15},"branches":{"total":14,"covered":3,"skipped":0,"pct":21.42}}
,"/Users/a4243342/Desktop/XCMAX/成都修茈科技有限公司/MODstore_deploy/market/src/components/floating-agent/AgentChatHistory.vue": {"lines":{"total":53,"covered":30,"skipped":0,"pct":56.6},"functions":{"total":17,"covered":9,"skipped":0,"pct":52.94},"statements":{"total":61,"covered":33,"skipped":0,"pct":54.09},"branches":{"total":58,"covered":20,"skipped":0,"pct":34.48}}
,"/Users/a4243342/Desktop/XCMAX/成都修茈科技有限公司/MODstore_deploy/market/src/components/floating-agent/AgentMessageBubble.vue": {"lines":{"total":13,"covered":4,"skipped":0,"pct":30.76},"functions":{"total":5,"covered":0,"skipped":0,"pct":0},"statements":{"total":16,"covered":4,"skipped":0,"pct":25},"branches":{"total":21,"covered":0,"skipped":0,"pct":0}}
,"/Users/a4243342/Desktop/XCMAX/成都修茈科技有限公司/MODstore_deploy/market/src/components/floating-agent/AgentPermissionDialog.vue": {"lines":{"total":6,"covered":3,"skipped":0,"pct":50},"functions":{"total":3,"covered":0,"skipped":0,"pct":0},"statements":{"total":6,"covered":3,"skipped":0,"pct":50},"branches":{"total":8,"covered":8,"skipped":0,"pct":100}}
,"/Users/a4243342/Desktop/XCMAX/成都修茈科技有限公司/MODstore_deploy/market/src/components/floating-agent/AgentStatusBar.vue": {"lines":{"total":14,"covered":7,"skipped":0,"pct":50},"functions":{"total":3,"covered":2,"skipped":0,"pct":66.66},"statements":{"total":14,"covered":7,"skipped":0,"pct":50},"branches":{"total":18,"covered":9,"skipped":0,"pct":50}}
,"/Users/a4243342/Desktop/XCMAX/成都修茈科技有限公司/MODstore_deploy/market/src/components/floating-agent/AgentSuggestionToast.vue": {"lines":{"total":16,"covered":8,"skipped":0,"pct":50},"functions":{"total":3,"covered":1,"skipped":0,"pct":33.33},"statements":{"total":17,"covered":8,"skipped":0,"pct":47.05},"branches":{"total":11,"covered":0,"skipped":0,"pct":0}}
,"/Users/a4243342/Desktop/XCMAX/成都修茈科技有限公司/MODstore_deploy/market/src/components/floating-agent/AgentVoiceInput.vue": {"lines":{"total":13,"covered":10,"skipped":0,"pct":76.92},"functions":{"total":3,"covered":3,"skipped":0,"pct":100},"statements":{"total":20,"covered":13,"skipped":0,"pct":65},"branches":{"total":23,"covered":5,"skipped":0,"pct":21.73}}
,"/Users/a4243342/Desktop/XCMAX/成都修茈科技有限公司/MODstore_deploy/market/src/components/floating-agent/ButlerFilesDrawer.vue": {"lines":{"total":41,"covered":19,"skipped":0,"pct":46.34},"functions":{"total":14,"covered":2,"skipped":0,"pct":14.28},"statements":{"total":44,"covered":20,"skipped":0,"pct":45.45},"branches":{"total":26,"covered":6,"skipped":0,"pct":23.07}}
,"/Users/a4243342/Desktop/XCMAX/成都修茈科技有限公司/MODstore_deploy/market/src/components/floating-agent/ButlerProgressOverlay.vue": {"lines":{"total":62,"covered":30,"skipped":0,"pct":48.38},"functions":{"total":21,"covered":10,"skipped":0,"pct":47.61},"statements":{"total":82,"covered":40,"skipped":0,"pct":48.78},"branches":{"total":88,"covered":24,"skipped":0,"pct":27.27}}
,"/Users/a4243342/Desktop/XCMAX/成都修茈科技有限公司/MODstore_deploy/market/src/components/floating-agent/CorpContactIntakeModal.vue": {"lines":{"total":72,"covered":38,"skipped":0,"pct":52.77},"functions":{"total":22,"covered":9,"skipped":0,"pct":40.9},"statements":{"total":81,"covered":41,"skipped":0,"pct":50.61},"branches":{"total":60,"covered":11,"skipped":0,"pct":18.33}}
,"/Users/a4243342/Desktop/XCMAX/成都修茈科技有限公司/MODstore_deploy/market/src/components/floating-agent/CorpWelcomeBoard.vue": {"lines":{"total":15,"covered":8,"skipped":0,"pct":53.33},"functions":{"total":5,"covered":0,"skipped":0,"pct":0},"statements":{"total":16,"covered":8,"skipped":0,"pct":50},"branches":{"total":18,"covered":3,"skipped":0,"pct":16.66}}
,"/Users/a4243342/Desktop/XCMAX/成都修茈科技有限公司/MODstore_deploy/market/src/components/floating-agent/FloatingAgentBall.vue": {"lines":{"total":69,"covered":26,"skipped":0,"pct":37.68},"functions":{"total":10,"covered":5,"skipped":0,"pct":50},"statements":{"total":75,"covered":29,"skipped":0,"pct":38.66},"branches":{"total":44,"covered":13,"skipped":0,"pct":29.54}}
,"/Users/a4243342/Desktop/XCMAX/成都修茈科技有限公司/MODstore_deploy/market/src/components/floating-agent/FloatingAgentPanel.vue": {"lines":{"total":105,"covered":45,"skipped":0,"pct":42.85},"functions":{"total":27,"covered":4,"skipped":0,"pct":14.81},"statements":{"total":115,"covered":46,"skipped":0,"pct":40},"branches":{"total":98,"covered":43,"skipped":0,"pct":43.87}}
,"/Users/a4243342/Desktop/XCMAX/成都修茈科技有限公司/MODstore_deploy/market/src/components/floating-agent/FloatingAgentRoot.vue": {"lines":{"total":35,"covered":19,"skipped":0,"pct":54.28},"functions":{"total":13,"covered":3,"skipped":0,"pct":23.07},"statements":{"total":38,"covered":20,"skipped":0,"pct":52.63},"branches":{"total":22,"covered":6,"skipped":0,"pct":27.27}}
,"/Users/a4243342/Desktop/XCMAX/成都修茈科技有限公司/MODstore_deploy/market/src/components/llm/LlmPricingAdminPanel.vue": {"lines":{"total":160,"covered":75,"skipped":0,"pct":46.87},"functions":{"total":35,"covered":6,"skipped":0,"pct":17.14},"statements":{"total":172,"covered":82,"skipped":0,"pct":47.67},"branches":{"total":181,"covered":101,"skipped":0,"pct":55.8}}
,"/Users/a4243342/Desktop/XCMAX/成都修茈科技有限公司/MODstore_deploy/market/src/components/store/EmployeePackTypeIcon.vue": {"lines":{"total":5,"covered":5,"skipped":0,"pct":100},"functions":{"total":2,"covered":2,"skipped":0,"pct":100},"statements":{"total":7,"covered":7,"skipped":0,"pct":100},"branches":{"total":34,"covered":12,"skipped":0,"pct":35.29}}
,"/Users/a4243342/Desktop/XCMAX/成都修茈科技有限公司/MODstore_deploy/market/src/components/workbench/AgentMarket.vue": {"lines":{"total":84,"covered":34,"skipped":0,"pct":40.47},"functions":{"total":33,"covered":2,"skipped":0,"pct":6.06},"statements":{"total":98,"covered":34,"skipped":0,"pct":34.69},"branches":{"total":104,"covered":11,"skipped":0,"pct":10.57}}
,"/Users/a4243342/Desktop/XCMAX/成都修茈科技有限公司/MODstore_deploy/market/src/components/workbench/BalanceBadge.vue": {"lines":{"total":30,"covered":22,"skipped":0,"pct":73.33},"functions":{"total":9,"covered":5,"skipped":0,"pct":55.55},"statements":{"total":40,"covered":24,"skipped":0,"pct":60},"branches":{"total":58,"covered":38,"skipped":0,"pct":65.51}}
,"/Users/a4243342/Desktop/XCMAX/成都修茈科技有限公司/MODstore_deploy/market/src/components/workbench/ChatSidebar.vue": {"lines":{"total":35,"covered":19,"skipped":0,"pct":54.28},"functions":{"total":15,"covered":2,"skipped":0,"pct":13.33},"statements":{"total":38,"covered":21,"skipped":0,"pct":55.26},"branches":{"total":42,"covered":16,"skipped":0,"pct":38.09}}
,"/Users/a4243342/Desktop/XCMAX/成都修茈科技有限公司/MODstore_deploy/market/src/components/workbench/ConsumptionTierControl.vue": {"lines":{"total":63,"covered":21,"skipped":0,"pct":33.33},"functions":{"total":14,"covered":8,"skipped":0,"pct":57.14},"statements":{"total":72,"covered":24,"skipped":0,"pct":33.33},"branches":{"total":31,"covered":10,"skipped":0,"pct":32.25}}
,"/Users/a4243342/Desktop/XCMAX/成都修茈科技有限公司/MODstore_deploy/market/src/components/workbench/EmployeeAiDraftReview.vue": {"lines":{"total":213,"covered":86,"skipped":0,"pct":40.37},"functions":{"total":55,"covered":18,"skipped":0,"pct":32.72},"statements":{"total":239,"covered":95,"skipped":0,"pct":39.74},"branches":{"total":292,"covered":27,"skipped":0,"pct":9.24}}
,"/Users/a4243342/Desktop/XCMAX/成都修茈科技有限公司/MODstore_deploy/market/src/components/workbench/EmployeePanel.vue": {"lines":{"total":1,"covered":1,"skipped":0,"pct":100},"functions":{"total":0,"covered":0,"skipped":0,"pct":100},"statements":{"total":2,"covered":2,"skipped":0,"pct":100},"branches":{"total":0,"covered":0,"skipped":0,"pct":100}}
,"/Users/a4243342/Desktop/XCMAX/成都修茈科技有限公司/MODstore_deploy/market/src/components/workbench/EmployeeSixDimModal.vue": {"lines":{"total":9,"covered":6,"skipped":0,"pct":66.66},"functions":{"total":3,"covered":0,"skipped":0,"pct":0},"statements":{"total":9,"covered":6,"skipped":0,"pct":66.66},"branches":{"total":11,"covered":2,"skipped":0,"pct":18.18}}
,"/Users/a4243342/Desktop/XCMAX/成都修茈科技有限公司/MODstore_deploy/market/src/components/workbench/EmployeeSixDimPanel.vue": {"lines":{"total":63,"covered":55,"skipped":0,"pct":87.3},"functions":{"total":28,"covered":21,"skipped":0,"pct":75},"statements":{"total":76,"covered":68,"skipped":0,"pct":89.47},"branches":{"total":76,"covered":26,"skipped":0,"pct":34.21}}
,"/Users/a4243342/Desktop/XCMAX/成都修茈科技有限公司/MODstore_deploy/market/src/components/workbench/GlobalSidebar.vue": {"lines":{"total":7,"covered":4,"skipped":0,"pct":57.14},"functions":{"total":3,"covered":0,"skipped":0,"pct":0},"statements":{"total":7,"covered":4,"skipped":0,"pct":57.14},"branches":{"total":16,"covered":13,"skipped":0,"pct":81.25}}
,"/Users/a4243342/Desktop/XCMAX/成都修茈科技有限公司/MODstore_deploy/market/src/components/workbench/JarvisCore.vue": {"lines":{"total":18,"covered":18,"skipped":0,"pct":100},"functions":{"total":6,"covered":6,"skipped":0,"pct":100},"statements":{"total":19,"covered":19,"skipped":0,"pct":100},"branches":{"total":5,"covered":4,"skipped":0,"pct":80}}
,"/Users/a4243342/Desktop/XCMAX/成都修茈科技有限公司/MODstore_deploy/market/src/components/workbench/MediaGenPanel.vue": {"lines":{"total":127,"covered":62,"skipped":0,"pct":48.81},"functions":{"total":33,"covered":7,"skipped":0,"pct":21.21},"statements":{"total":142,"covered":65,"skipped":0,"pct":45.77},"branches":{"total":163,"covered":56,"skipped":0,"pct":34.35}}
,"/Users/a4243342/Desktop/XCMAX/成都修茈科技有限公司/MODstore_deploy/market/src/components/workbench/MessageActions.vue": {"lines":{"total":15,"covered":4,"skipped":0,"pct":26.66},"functions":{"total":8,"covered":1,"skipped":0,"pct":12.5},"statements":{"total":16,"covered":5,"skipped":0,"pct":31.25},"branches":{"total":32,"covered":8,"skipped":0,"pct":25}}
,"/Users/a4243342/Desktop/XCMAX/成都修茈科技有限公司/MODstore_deploy/market/src/components/workbench/MessageBody.vue": {"lines":{"total":103,"covered":38,"skipped":0,"pct":36.89},"functions":{"total":18,"covered":9,"skipped":0,"pct":50},"statements":{"total":116,"covered":40,"skipped":0,"pct":34.48},"branches":{"total":52,"covered":10,"skipped":0,"pct":19.23}}
,"/Users/a4243342/Desktop/XCMAX/成都修茈科技有限公司/MODstore_deploy/market/src/components/workbench/OpenApiConnectorsPanel.vue": {"lines":{"total":181,"covered":65,"skipped":0,"pct":35.91},"functions":{"total":51,"covered":3,"skipped":0,"pct":5.88},"statements":{"total":197,"covered":67,"skipped":0,"pct":34.01},"branches":{"total":229,"covered":37,"skipped":0,"pct":16.15}}
,"/Users/a4243342/Desktop/XCMAX/成都修茈科技有限公司/MODstore_deploy/market/src/components/workbench/OrbitRings.vue": {"lines":{"total":11,"covered":11,"skipped":0,"pct":100},"functions":{"total":3,"covered":3,"skipped":0,"pct":100},"statements":{"total":12,"covered":11,"skipped":0,"pct":91.66},"branches":{"total":4,"covered":3,"skipped":0,"pct":75}}
,"/Users/a4243342/Desktop/XCMAX/成都修茈科技有限公司/MODstore_deploy/market/src/components/workbench/PersonalSettings.vue": {"lines":{"total":112,"covered":69,"skipped":0,"pct":61.6},"functions":{"total":42,"covered":12,"skipped":0,"pct":28.57},"statements":{"total":117,"covered":70,"skipped":0,"pct":59.82},"branches":{"total":150,"covered":115,"skipped":0,"pct":76.66}}
,"/Users/a4243342/Desktop/XCMAX/成都修茈科技有限公司/MODstore_deploy/market/src/components/workbench/RepositoryPanel.vue": {"lines":{"total":1,"covered":1,"skipped":0,"pct":100},"functions":{"total":0,"covered":0,"skipped":0,"pct":100},"statements":{"total":2,"covered":2,"skipped":0,"pct":100},"branches":{"total":0,"covered":0,"skipped":0,"pct":100}}
,"/Users/a4243342/Desktop/XCMAX/成都修茈科技有限公司/MODstore_deploy/market/src/components/workbench/RightPanel.vue": {"lines":{"total":43,"covered":26,"skipped":0,"pct":60.46},"functions":{"total":12,"covered":2,"skipped":0,"pct":16.66},"statements":{"total":47,"covered":26,"skipped":0,"pct":55.31},"branches":{"total":30,"covered":10,"skipped":0,"pct":33.33}}
,"/Users/a4243342/Desktop/XCMAX/成都修茈科技有限公司/MODstore_deploy/market/src/components/workbench/SidebarUserMenu.vue": {"lines":{"total":29,"covered":10,"skipped":0,"pct":34.48},"functions":{"total":18,"covered":4,"skipped":0,"pct":22.22},"statements":{"total":34,"covered":13,"skipped":0,"pct":38.23},"branches":{"total":46,"covered":12,"skipped":0,"pct":26.08}}
,"/Users/a4243342/Desktop/XCMAX/成都修茈科技有限公司/MODstore_deploy/market/src/components/workbench/SiriOrb.vue": {"lines":{"total":28,"covered":26,"skipped":0,"pct":92.85},"functions":{"total":9,"covered":8,"skipped":0,"pct":88.88},"statements":{"total":34,"covered":30,"skipped":0,"pct":88.23},"branches":{"total":18,"covered":8,"skipped":0,"pct":44.44}}
,"/Users/a4243342/Desktop/XCMAX/成都修茈科技有限公司/MODstore_deploy/market/src/components/workbench/SkillToolbar.vue": {"lines":{"total":12,"covered":6,"skipped":0,"pct":50},"functions":{"total":4,"covered":2,"skipped":0,"pct":50},"statements":{"total":14,"covered":7,"skipped":0,"pct":50},"branches":{"total":4,"covered":0,"skipped":0,"pct":0}}
,"/Users/a4243342/Desktop/XCMAX/成都修茈科技有限公司/MODstore_deploy/market/src/components/workbench/ThinkingRow.vue": {"lines":{"total":2,"covered":2,"skipped":0,"pct":100},"functions":{"total":0,"covered":0,"skipped":0,"pct":100},"statements":{"total":2,"covered":2,"skipped":0,"pct":100},"branches":{"total":2,"covered":2,"skipped":0,"pct":100}}
,"/Users/a4243342/Desktop/XCMAX/成都修茈科技有限公司/MODstore_deploy/market/src/components/workbench/VibeCodeSkillPanel.vue": {"lines":{"total":71,"covered":47,"skipped":0,"pct":66.19},"functions":{"total":14,"covered":3,"skipped":0,"pct":21.42},"statements":{"total":77,"covered":50,"skipped":0,"pct":64.93},"branches":{"total":112,"covered":42,"skipped":0,"pct":37.5}}
,"/Users/a4243342/Desktop/XCMAX/成都修茈科技有限公司/MODstore_deploy/market/src/components/workbench/VoicePhoneModal.vue": {"lines":{"total":132,"covered":36,"skipped":0,"pct":27.27},"functions":{"total":31,"covered":5,"skipped":0,"pct":16.12},"statements":{"total":152,"covered":37,"skipped":0,"pct":24.34},"branches":{"total":100,"covered":28,"skipped":0,"pct":28}}
,"/Users/a4243342/Desktop/XCMAX/成都修茈科技有限公司/MODstore_deploy/market/src/components/workbench/VoiceWorkPanel.vue": {"lines":{"total":4,"covered":3,"skipped":0,"pct":75},"functions":{"total":1,"covered":0,"skipped":0,"pct":0},"statements":{"total":5,"covered":4,"skipped":0,"pct":80},"branches":{"total":10,"covered":0,"skipped":0,"pct":0}}
,"/Users/a4243342/Desktop/XCMAX/成都修茈科技有限公司/MODstore_deploy/market/src/components/workbench/WorkbenchStarterProgress.vue": {"lines":{"total":9,"covered":5,"skipped":0,"pct":55.55},"functions":{"total":2,"covered":0,"skipped":0,"pct":0},"statements":{"total":10,"covered":5,"skipped":0,"pct":50},"branches":{"total":6,"covered":0,"skipped":0,"pct":0}}
,"/Users/a4243342/Desktop/XCMAX/成都修茈科技有限公司/MODstore_deploy/market/src/components/workbench/WorkflowPanel.vue": {"lines":{"total":1,"covered":1,"skipped":0,"pct":100},"functions":{"total":0,"covered":0,"skipped":0,"pct":100},"statements":{"total":2,"covered":2,"skipped":0,"pct":100},"branches":{"total":0,"covered":0,"skipped":0,"pct":100}}
,"/Users/a4243342/Desktop/XCMAX/成都修茈科技有限公司/MODstore_deploy/market/src/components/workbench/direct/DirectChatView.vue": {"lines":{"total":40,"covered":18,"skipped":0,"pct":45},"functions":{"total":12,"covered":2,"skipped":0,"pct":16.66},"statements":{"total":45,"covered":20,"skipped":0,"pct":44.44},"branches":{"total":28,"covered":19,"skipped":0,"pct":67.85}}
,"/Users/a4243342/Desktop/XCMAX/成都修茈科技有限公司/MODstore_deploy/market/src/components/workbench/direct/DirectFlowPanel.vue": {"lines":{"total":39,"covered":22,"skipped":0,"pct":56.41},"functions":{"total":20,"covered":5,"skipped":0,"pct":25},"statements":{"total":43,"covered":22,"skipped":0,"pct":51.16},"branches":{"total":38,"covered":4,"skipped":0,"pct":10.52}}
,"/Users/a4243342/Desktop/XCMAX/成都修茈科技有限公司/MODstore_deploy/market/src/components/workbench/direct/DirectGeneratedFileStack.vue": {"lines":{"total":36,"covered":13,"skipped":0,"pct":36.11},"functions":{"total":19,"covered":0,"skipped":0,"pct":0},"statements":{"total":42,"covered":13,"skipped":0,"pct":30.95},"branches":{"total":43,"covered":0,"skipped":0,"pct":0}}
,"/Users/a4243342/Desktop/XCMAX/成都修茈科技有限公司/MODstore_deploy/market/src/components/workbench/direct/DirectMediaSettingsRail.vue": {"lines":{"total":18,"covered":13,"skipped":0,"pct":72.22},"functions":{"total":5,"covered":0,"skipped":0,"pct":0},"statements":{"total":18,"covered":13,"skipped":0,"pct":72.22},"branches":{"total":28,"covered":13,"skipped":0,"pct":46.42}}
,"/Users/a4243342/Desktop/XCMAX/成都修茈科技有限公司/MODstore_deploy/market/src/components/workbench/make/MakeFlowView.vue": {"lines":{"total":31,"covered":20,"skipped":0,"pct":64.51},"functions":{"total":10,"covered":5,"skipped":0,"pct":50},"statements":{"total":36,"covered":23,"skipped":0,"pct":63.88},"branches":{"total":22,"covered":15,"skipped":0,"pct":68.18}}
,"/Users/a4243342/Desktop/XCMAX/成都修茈科技有限公司/MODstore_deploy/market/src/components/workbench/sidebar/WorkbenchSidebar.vue": {"lines":{"total":17,"covered":8,"skipped":0,"pct":47.05},"functions":{"total":7,"covered":0,"skipped":0,"pct":0},"statements":{"total":17,"covered":8,"skipped":0,"pct":47.05},"branches":{"total":34,"covered":21,"skipped":0,"pct":61.76}}
,"/Users/a4243342/Desktop/XCMAX/成都修茈科技有限公司/MODstore_deploy/market/src/components/workbench/voice/VoiceDock.vue": {"lines":{"total":21,"covered":7,"skipped":0,"pct":33.33},"functions":{"total":7,"covered":1,"skipped":0,"pct":14.28},"statements":{"total":30,"covered":8,"skipped":0,"pct":26.66},"branches":{"total":71,"covered":17,"skipped":0,"pct":23.94}}
,"/Users/a4243342/Desktop/XCMAX/成都修茈科技有限公司/MODstore_deploy/market/src/components/workbench/voice/VoiceFlowPanel.vue": {"lines":{"total":48,"covered":28,"skipped":0,"pct":58.33},"functions":{"total":18,"covered":6,"skipped":0,"pct":33.33},"statements":{"total":56,"covered":29,"skipped":0,"pct":51.78},"branches":{"total":67,"covered":6,"skipped":0,"pct":8.95}}
,"/Users/a4243342/Desktop/XCMAX/成都修茈科技有限公司/MODstore_deploy/market/src/components/workbench/voice/VoicePlanView.vue": {"lines":{"total":23,"covered":11,"skipped":0,"pct":47.82},"functions":{"total":6,"covered":1,"skipped":0,"pct":16.66},"statements":{"total":24,"covered":12,"skipped":0,"pct":50},"branches":{"total":16,"covered":10,"skipped":0,"pct":62.5}}
,"/Users/a4243342/Desktop/XCMAX/成都修茈科技有限公司/MODstore_deploy/market/src/components/workbench/voice/VoiceTaskPanels.vue": {"lines":{"total":29,"covered":19,"skipped":0,"pct":65.51},"functions":{"total":14,"covered":3,"skipped":0,"pct":21.42},"statements":{"total":32,"covered":21,"skipped":0,"pct":65.62},"branches":{"total":89,"covered":9,"skipped":0,"pct":10.11}}
,"/Users/a4243342/Desktop/XCMAX/成都修茈科技有限公司/MODstore_deploy/market/src/composables/inlineVoiceUi.ts": {"lines":{"total":16,"covered":10,"skipped":0,"pct":62.5},"functions":{"total":4,"covered":3,"skipped":0,"pct":75},"statements":{"total":22,"covered":10,"skipped":0,"pct":45.45},"branches":{"total":31,"covered":9,"skipped":0,"pct":29.03}}
,"/Users/a4243342/Desktop/XCMAX/成都修茈科技有限公司/MODstore_deploy/market/src/composables/llmCatalogModelHelpers.ts": {"lines":{"total":19,"covered":6,"skipped":0,"pct":31.57},"functions":{"total":5,"covered":3,"skipped":0,"pct":60},"statements":{"total":28,"covered":8,"skipped":0,"pct":28.57},"branches":{"total":30,"covered":8,"skipped":0,"pct":26.66}}
,"/Users/a4243342/Desktop/XCMAX/成都修茈科技有限公司/MODstore_deploy/market/src/composables/mergeAsrLiveText.ts": {"lines":{"total":21,"covered":0,"skipped":0,"pct":0},"functions":{"total":1,"covered":0,"skipped":0,"pct":0},"statements":{"total":31,"covered":0,"skipped":0,"pct":0},"branches":{"total":32,"covered":0,"skipped":0,"pct":0}}
,"/Users/a4243342/Desktop/XCMAX/成都修茈科技有限公司/MODstore_deploy/market/src/composables/normalizeVoiceAsrText.ts": {"lines":{"total":4,"covered":4,"skipped":0,"pct":100},"functions":{"total":1,"covered":1,"skipped":0,"pct":100},"statements":{"total":5,"covered":5,"skipped":0,"pct":100},"branches":{"total":4,"covered":4,"skipped":0,"pct":100}}
,"/Users/a4243342/Desktop/XCMAX/成都修茈科技有限公司/MODstore_deploy/market/src/composables/s2sMseAudioPlayer.ts": {"lines":{"total":108,"covered":22,"skipped":0,"pct":20.37},"functions":{"total":20,"covered":4,"skipped":0,"pct":20},"statements":{"total":119,"covered":22,"skipped":0,"pct":18.48},"branches":{"total":37,"covered":2,"skipped":0,"pct":5.4}}
,"/Users/a4243342/Desktop/XCMAX/成都修茈科技有限公司/MODstore_deploy/market/src/composables/useAdminDigestUnlock.ts": {"lines":{"total":54,"covered":21,"skipped":0,"pct":38.88},"functions":{"total":10,"covered":4,"skipped":0,"pct":40},"statements":{"total":56,"covered":21,"skipped":0,"pct":37.5},"branches":{"total":30,"covered":6,"skipped":0,"pct":20}}
,"/Users/a4243342/Desktop/XCMAX/成都修茈科技有限公司/MODstore_deploy/market/src/composables/useAgentLoop.ts": {"lines":{"total":104,"covered":4,"skipped":0,"pct":3.84},"functions":{"total":12,"covered":1,"skipped":0,"pct":8.33},"statements":{"total":109,"covered":4,"skipped":0,"pct":3.66},"branches":{"total":69,"covered":0,"skipped":0,"pct":0}}
,"/Users/a4243342/Desktop/XCMAX/成都修茈科技有限公司/MODstore_deploy/market/src/composables/useAppToast.ts": {"lines":{"total":11,"covered":3,"skipped":0,"pct":27.27},"functions":{"total":5,"covered":1,"skipped":0,"pct":20},"statements":{"total":13,"covered":3,"skipped":0,"pct":23.07},"branches":{"total":10,"covered":0,"skipped":0,"pct":0}}
,"/Users/a4243342/Desktop/XCMAX/成都修茈科技有限公司/MODstore_deploy/market/src/composables/useBreakpoint.ts": {"lines":{"total":42,"covered":40,"skipped":0,"pct":95.23},"functions":{"total":7,"covered":7,"skipped":0,"pct":100},"statements":{"total":45,"covered":40,"skipped":0,"pct":88.88},"branches":{"total":22,"covered":15,"skipped":0,"pct":68.18}}
,"/Users/a4243342/Desktop/XCMAX/成都修茈科技有限公司/MODstore_deploy/market/src/composables/useDangerConfirm.ts": {"lines":{"total":13,"covered":8,"skipped":0,"pct":61.53},"functions":{"total":4,"covered":3,"skipped":0,"pct":75},"statements":{"total":13,"covered":8,"skipped":0,"pct":61.53},"branches":{"total":0,"covered":0,"skipped":0,"pct":100}}
,"/Users/a4243342/Desktop/XCMAX/成都修茈科技有限公司/MODstore_deploy/market/src/composables/useEmployeeAiDraft.ts": {"lines":{"total":0,"covered":0,"skipped":0,"pct":100},"functions":{"total":0,"covered":0,"skipped":0,"pct":100},"statements":{"total":0,"covered":0,"skipped":0,"pct":100},"branches":{"total":0,"covered":0,"skipped":0,"pct":100}}
,"/Users/a4243342/Desktop/XCMAX/成都修茈科技有限公司/MODstore_deploy/market/src/composables/useEmployeePublishFlow.ts": {"lines":{"total":74,"covered":0,"skipped":0,"pct":0},"functions":{"total":9,"covered":0,"skipped":0,"pct":0},"statements":{"total":89,"covered":0,"skipped":0,"pct":0},"branches":{"total":65,"covered":0,"skipped":0,"pct":0}}
,"/Users/a4243342/Desktop/XCMAX/成都修茈科技有限公司/MODstore_deploy/market/src/composables/useEmployeeWorkbenchState.ts": {"lines":{"total":83,"covered":0,"skipped":0,"pct":0},"functions":{"total":11,"covered":0,"skipped":0,"pct":0},"statements":{"total":101,"covered":0,"skipped":0,"pct":0},"branches":{"total":69,"covered":0,"skipped":0,"pct":0}}
,"/Users/a4243342/Desktop/XCMAX/成都修茈科技有限公司/MODstore_deploy/market/src/composables/useFieldAi.ts": {"lines":{"total":24,"covered":3,"skipped":0,"pct":12.5},"functions":{"total":3,"covered":1,"skipped":0,"pct":33.33},"statements":{"total":26,"covered":3,"skipped":0,"pct":11.53},"branches":{"total":19,"covered":0,"skipped":0,"pct":0}}
,"/Users/a4243342/Desktop/XCMAX/成都修茈科技有限公司/MODstore_deploy/market/src/composables/useHostConnection.ts": {"lines":{"total":14,"covered":0,"skipped":0,"pct":0},"functions":{"total":5,"covered":0,"skipped":0,"pct":0},"statements":{"total":15,"covered":0,"skipped":0,"pct":0},"branches":{"total":5,"covered":0,"skipped":0,"pct":0}}
,"/Users/a4243342/Desktop/XCMAX/成都修茈科技有限公司/MODstore_deploy/market/src/composables/useLlmPricingDisplay.ts": {"lines":{"total":36,"covered":5,"skipped":0,"pct":13.88},"functions":{"total":6,"covered":2,"skipped":0,"pct":33.33},"statements":{"total":43,"covered":7,"skipped":0,"pct":16.27},"branches":{"total":53,"covered":3,"skipped":0,"pct":5.66}}
,"/Users/a4243342/Desktop/XCMAX/成都修茈科技有限公司/MODstore_deploy/market/src/composables/useManifestDiff.ts": {"lines":{"total":32,"covered":11,"skipped":0,"pct":34.37},"functions":{"total":9,"covered":3,"skipped":0,"pct":33.33},"statements":{"total":41,"covered":13,"skipped":0,"pct":31.7},"branches":{"total":20,"covered":1,"skipped":0,"pct":5}}
,"/Users/a4243342/Desktop/XCMAX/成都修茈科技有限公司/MODstore_deploy/market/src/composables/useSpeechRecognition.ts": {"lines":{"total":314,"covered":45,"skipped":0,"pct":14.33},"functions":{"total":37,"covered":6,"skipped":0,"pct":16.21},"statements":{"total":352,"covered":48,"skipped":0,"pct":13.63},"branches":{"total":228,"covered":7,"skipped":0,"pct":3.07}}
,"/Users/a4243342/Desktop/XCMAX/成都修茈科技有限公司/MODstore_deploy/market/src/composables/useStreamingTts.ts": {"lines":{"total":321,"covered":52,"skipped":0,"pct":16.19},"functions":{"total":62,"covered":13,"skipped":0,"pct":20.96},"statements":{"total":366,"covered":54,"skipped":0,"pct":14.75},"branches":{"total":190,"covered":19,"skipped":0,"pct":10}}
,"/Users/a4243342/Desktop/XCMAX/成都修茈科技有限公司/MODstore_deploy/market/src/composables/useVisualViewportInset.ts": {"lines":{"total":17,"covered":0,"skipped":0,"pct":0},"functions":{"total":4,"covered":0,"skipped":0,"pct":0},"statements":{"total":18,"covered":0,"skipped":0,"pct":0},"branches":{"total":4,"covered":0,"skipped":0,"pct":0}}
,"/Users/a4243342/Desktop/XCMAX/成都修茈科技有限公司/MODstore_deploy/market/src/composables/useVoiceContinuousChat.ts": {"lines":{"total":422,"covered":121,"skipped":0,"pct":28.67},"functions":{"total":57,"covered":25,"skipped":0,"pct":43.85},"statements":{"total":483,"covered":123,"skipped":0,"pct":25.46},"branches":{"total":382,"covered":46,"skipped":0,"pct":12.04}}
,"/Users/a4243342/Desktop/XCMAX/成都修茈科技有限公司/MODstore_deploy/market/src/composables/useVoiceS2SSession.ts": {"lines":{"total":188,"covered":54,"skipped":0,"pct":28.72},"functions":{"total":31,"covered":11,"skipped":0,"pct":35.48},"statements":{"total":199,"covered":55,"skipped":0,"pct":27.63},"branches":{"total":119,"covered":19,"skipped":0,"pct":15.96}}
,"/Users/a4243342/Desktop/XCMAX/成都修茈科技有限公司/MODstore_deploy/market/src/composables/useVoiceUnifiedSession.ts": {"lines":{"total":195,"covered":70,"skipped":0,"pct":35.89},"functions":{"total":34,"covered":20,"skipped":0,"pct":58.82},"statements":{"total":205,"covered":73,"skipped":0,"pct":35.6},"branches":{"total":106,"covered":17,"skipped":0,"pct":16.03}}
,"/Users/a4243342/Desktop/XCMAX/成都修茈科技有限公司/MODstore_deploy/market/src/composables/useVoiceWorkbench.ts": {"lines":{"total":21,"covered":11,"skipped":0,"pct":52.38},"functions":{"total":7,"covered":2,"skipped":0,"pct":28.57},"statements":{"total":26,"covered":11,"skipped":0,"pct":42.3},"branches":{"total":18,"covered":6,"skipped":0,"pct":33.33}}
,"/Users/a4243342/Desktop/XCMAX/成都修茈科技有限公司/MODstore_deploy/market/src/composables/useWorkbenchManifest.ts": {"lines":{"total":79,"covered":35,"skipped":0,"pct":44.3},"functions":{"total":13,"covered":10,"skipped":0,"pct":76.92},"statements":{"total":90,"covered":41,"skipped":0,"pct":45.55},"branches":{"total":58,"covered":13,"skipped":0,"pct":22.41}}
,"/Users/a4243342/Desktop/XCMAX/成都修茈科技有限公司/MODstore_deploy/market/src/composables/useWorkbenchTheme.ts": {"lines":{"total":14,"covered":13,"skipped":0,"pct":92.85},"functions":{"total":4,"covered":4,"skipped":0,"pct":100},"statements":{"total":14,"covered":13,"skipped":0,"pct":92.85},"branches":{"total":4,"covered":3,"skipped":0,"pct":75}}
,"/Users/a4243342/Desktop/XCMAX/成都修茈科技有限公司/MODstore_deploy/market/src/composables/voiceBargeIn.ts": {"lines":{"total":9,"covered":2,"skipped":0,"pct":22.22},"functions":{"total":2,"covered":0,"skipped":0,"pct":0},"statements":{"total":10,"covered":2,"skipped":0,"pct":20},"branches":{"total":4,"covered":0,"skipped":0,"pct":0}}
,"/Users/a4243342/Desktop/XCMAX/成都修茈科技有限公司/MODstore_deploy/market/src/composables/voiceDevice.ts": {"lines":{"total":31,"covered":11,"skipped":0,"pct":35.48},"functions":{"total":7,"covered":3,"skipped":0,"pct":42.85},"statements":{"total":39,"covered":13,"skipped":0,"pct":33.33},"branches":{"total":28,"covered":7,"skipped":0,"pct":25}}
,"/Users/a4243342/Desktop/XCMAX/成都修茈科技有限公司/MODstore_deploy/market/src/composables/voiceEndpointLogic.ts": {"lines":{"total":19,"covered":0,"skipped":0,"pct":0},"functions":{"total":3,"covered":0,"skipped":0,"pct":0},"statements":{"total":29,"covered":0,"skipped":0,"pct":0},"branches":{"total":38,"covered":0,"skipped":0,"pct":0}}
,"/Users/a4243342/Desktop/XCMAX/成都修茈科技有限公司/MODstore_deploy/market/src/composables/voiceLatency.ts": {"lines":{"total":15,"covered":1,"skipped":0,"pct":6.66},"functions":{"total":3,"covered":0,"skipped":0,"pct":0},"statements":{"total":16,"covered":1,"skipped":0,"pct":6.25},"branches":{"total":12,"covered":0,"skipped":0,"pct":0}}
,"/Users/a4243342/Desktop/XCMAX/成都修茈科技有限公司/MODstore_deploy/market/src/composables/voiceSessionAgent.ts": {"lines":{"total":201,"covered":21,"skipped":0,"pct":10.44},"functions":{"total":39,"covered":7,"skipped":0,"pct":17.94},"statements":{"total":244,"covered":25,"skipped":0,"pct":10.24},"branches":{"total":305,"covered":25,"skipped":0,"pct":8.19}}
,"/Users/a4243342/Desktop/XCMAX/成都修茈科技有限公司/MODstore_deploy/market/src/composables/voiceSpeculativeFiller.ts": {"lines":{"total":6,"covered":1,"skipped":0,"pct":16.66},"functions":{"total":1,"covered":0,"skipped":0,"pct":0},"statements":{"total":9,"covered":1,"skipped":0,"pct":11.11},"branches":{"total":10,"covered":0,"skipped":0,"pct":0}}
,"/Users/a4243342/Desktop/XCMAX/成都修茈科技有限公司/MODstore_deploy/market/src/composables/voiceSpeculativeMatch.ts": {"lines":{"total":11,"covered":0,"skipped":0,"pct":0},"functions":{"total":1,"covered":0,"skipped":0,"pct":0},"statements":{"total":17,"covered":0,"skipped":0,"pct":0},"branches":{"total":12,"covered":0,"skipped":0,"pct":0}}
,"/Users/a4243342/Desktop/XCMAX/成都修茈科技有限公司/MODstore_deploy/market/src/composables/voiceUserTurnCoalesce.ts": {"lines":{"total":34,"covered":0,"skipped":0,"pct":0},"functions":{"total":5,"covered":0,"skipped":0,"pct":0},"statements":{"total":41,"covered":0,"skipped":0,"pct":0},"branches":{"total":37,"covered":0,"skipped":0,"pct":0}}
,"/Users/a4243342/Desktop/XCMAX/成都修茈科技有限公司/MODstore_deploy/market/src/composables/voiceUtteranceRouter.ts": {"lines":{"total":61,"covered":11,"skipped":0,"pct":18.03},"functions":{"total":15,"covered":2,"skipped":0,"pct":13.33},"statements":{"total":73,"covered":12,"skipped":0,"pct":16.43},"branches":{"total":99,"covered":6,"skipped":0,"pct":6.06}}
,"/Users/a4243342/Desktop/XCMAX/成都修茈科技有限公司/MODstore_deploy/market/src/composables/agent/agentEngineInjection.ts": {"lines":{"total":2,"covered":0,"skipped":0,"pct":0},"functions":{"total":0,"covered":0,"skipped":0,"pct":100},"statements":{"total":2,"covered":0,"skipped":0,"pct":0},"branches":{"total":0,"covered":0,"skipped":0,"pct":100}}
,"/Users/a4243342/Desktop/XCMAX/成都修茈科技有限公司/MODstore_deploy/market/src/composables/agent/useActionExecutor.ts": {"lines":{"total":109,"covered":9,"skipped":0,"pct":8.25},"functions":{"total":12,"covered":2,"skipped":0,"pct":16.66},"statements":{"total":125,"covered":9,"skipped":0,"pct":7.2},"branches":{"total":73,"covered":1,"skipped":0,"pct":1.36}}
,"/Users/a4243342/Desktop/XCMAX/成都修茈科技有限公司/MODstore_deploy/market/src/composables/agent/useAgentEngine.ts": {"lines":{"total":92,"covered":7,"skipped":0,"pct":7.6},"functions":{"total":10,"covered":1,"skipped":0,"pct":10},"statements":{"total":94,"covered":7,"skipped":0,"pct":7.44},"branches":{"total":49,"covered":0,"skipped":0,"pct":0}}
,"/Users/a4243342/Desktop/XCMAX/成都修茈科技有限公司/MODstore_deploy/market/src/composables/agent/useAgentSuggestions.ts": {"lines":{"total":24,"covered":9,"skipped":0,"pct":37.5},"functions":{"total":5,"covered":4,"skipped":0,"pct":80},"statements":{"total":27,"covered":12,"skipped":0,"pct":44.44},"branches":{"total":14,"covered":1,"skipped":0,"pct":7.14}}
,"/Users/a4243342/Desktop/XCMAX/成都修茈科技有限公司/MODstore_deploy/market/src/composables/agent/useButlerOrchestrator.ts": {"lines":{"total":58,"covered":6,"skipped":0,"pct":10.34},"functions":{"total":10,"covered":1,"skipped":0,"pct":10},"statements":{"total":63,"covered":6,"skipped":0,"pct":9.52},"branches":{"total":52,"covered":0,"skipped":0,"pct":0}}
,"/Users/a4243342/Desktop/XCMAX/成都修茈科技有限公司/MODstore_deploy/market/src/composables/agent/useCorpAgentEngine.ts": {"lines":{"total":74,"covered":3,"skipped":0,"pct":4.05},"functions":{"total":11,"covered":1,"skipped":0,"pct":9.09},"statements":{"total":78,"covered":3,"skipped":0,"pct":3.84},"branches":{"total":48,"covered":0,"skipped":0,"pct":0}}
,"/Users/a4243342/Desktop/XCMAX/成都修茈科技有限公司/MODstore_deploy/market/src/composables/agent/useESkillRuntime.ts": {"lines":{"total":22,"covered":12,"skipped":0,"pct":54.54},"functions":{"total":5,"covered":3,"skipped":0,"pct":60},"statements":{"total":22,"covered":12,"skipped":0,"pct":54.54},"branches":{"total":19,"covered":1,"skipped":0,"pct":5.26}}
,"/Users/a4243342/Desktop/XCMAX/成都修茈科技有限公司/MODstore_deploy/market/src/composables/agent/usePageAnalyzer.ts": {"lines":{"total":9,"covered":2,"skipped":0,"pct":22.22},"functions":{"total":3,"covered":1,"skipped":0,"pct":33.33},"statements":{"total":9,"covered":2,"skipped":0,"pct":22.22},"branches":{"total":3,"covered":0,"skipped":0,"pct":0}}
,"/Users/a4243342/Desktop/XCMAX/成都修茈科技有限公司/MODstore_deploy/market/src/composables/agent/usePrivacyManager.ts": {"lines":{"total":12,"covered":4,"skipped":0,"pct":33.33},"functions":{"total":4,"covered":1,"skipped":0,"pct":25},"statements":{"total":13,"covered":4,"skipped":0,"pct":30.76},"branches":{"total":3,"covered":0,"skipped":0,"pct":0}}
,"/Users/a4243342/Desktop/XCMAX/成都修茈科技有限公司/MODstore_deploy/market/src/composables/agent/useVoiceInput.ts": {"lines":{"total":59,"covered":18,"skipped":0,"pct":30.5},"functions":{"total":14,"covered":4,"skipped":0,"pct":28.57},"statements":{"total":71,"covered":20,"skipped":0,"pct":28.16},"branches":{"total":30,"covered":2,"skipped":0,"pct":6.66}}
,"/Users/a4243342/Desktop/XCMAX/成都修茈科技有限公司/MODstore_deploy/market/src/composables/agent/skills/corpIntakeSkill.ts": {"lines":{"total":86,"covered":2,"skipped":0,"pct":2.32},"functions":{"total":8,"covered":0,"skipped":0,"pct":0},"statements":{"total":101,"covered":2,"skipped":0,"pct":1.98},"branches":{"total":94,"covered":0,"skipped":0,"pct":0}}
,"/Users/a4243342/Desktop/XCMAX/成都修茈科技有限公司/MODstore_deploy/market/src/composables/agent/skills/corpSiteSkill.ts": {"lines":{"total":52,"covered":0,"skipped":0,"pct":0},"functions":{"total":3,"covered":0,"skipped":0,"pct":0},"statements":{"total":60,"covered":0,"skipped":0,"pct":0},"branches":{"total":62,"covered":0,"skipped":0,"pct":0}}
,"/Users/a4243342/Desktop/XCMAX/成都修茈科技有限公司/MODstore_deploy/market/src/composables/agent/skills/index.ts": {"lines":{"total":9,"covered":9,"skipped":0,"pct":100},"functions":{"total":1,"covered":1,"skipped":0,"pct":100},"statements":{"total":10,"covered":10,"skipped":0,"pct":100},"branches":{"total":2,"covered":2,"skipped":0,"pct":100}}
,"/Users/a4243342/Desktop/XCMAX/成都修茈科技有限公司/MODstore_deploy/market/src/composables/agent/skills/navigateSkill.ts": {"lines":{"total":13,"covered":1,"skipped":0,"pct":7.69},"functions":{"total":2,"covered":1,"skipped":0,"pct":50},"statements":{"total":13,"covered":1,"skipped":0,"pct":7.69},"branches":{"total":6,"covered":0,"skipped":0,"pct":0}}
,"/Users/a4243342/Desktop/XCMAX/成都修茈科技有限公司/MODstore_deploy/market/src/composables/agent/skills/purchasePlanSkill.ts": {"lines":{"total":5,"covered":1,"skipped":0,"pct":20},"functions":{"total":2,"covered":1,"skipped":0,"pct":50},"statements":{"total":5,"covered":1,"skipped":0,"pct":20},"branches":{"total":2,"covered":0,"skipped":0,"pct":0}}
,"/Users/a4243342/Desktop/XCMAX/成都修茈科技有限公司/MODstore_deploy/market/src/composables/agent/skills/readPageSkill.ts": {"lines":{"total":4,"covered":1,"skipped":0,"pct":25},"functions":{"total":1,"covered":0,"skipped":0,"pct":0},"statements":{"total":4,"covered":1,"skipped":0,"pct":25},"branches":{"total":0,"covered":0,"skipped":0,"pct":100}}
,"/Users/a4243342/Desktop/XCMAX/成都修茈科技有限公司/MODstore_deploy/market/src/composables/agent/skills/searchEmployeeSkill.ts": {"lines":{"total":6,"covered":1,"skipped":0,"pct":16.66},"functions":{"total":2,"covered":1,"skipped":0,"pct":50},"statements":{"total":6,"covered":1,"skipped":0,"pct":16.66},"branches":{"total":4,"covered":0,"skipped":0,"pct":0}}
,"/Users/a4243342/Desktop/XCMAX/成都修茈科技有限公司/MODstore_deploy/market/src/composables/agent/skills/skillAllHandsAsk.ts": {"lines":{"total":43,"covered":3,"skipped":0,"pct":6.97},"functions":{"total":6,"covered":0,"skipped":0,"pct":0},"statements":{"total":49,"covered":3,"skipped":0,"pct":6.12},"branches":{"total":54,"covered":0,"skipped":0,"pct":0}}
,"/Users/a4243342/Desktop/XCMAX/成都修茈科技有限公司/MODstore_deploy/market/src/composables/agent/skills/walletRechargeSkill.ts": {"lines":{"total":5,"covered":1,"skipped":0,"pct":20},"functions":{"total":2,"covered":1,"skipped":0,"pct":50},"statements":{"total":5,"covered":1,"skipped":0,"pct":20},"branches":{"total":2,"covered":0,"skipped":0,"pct":0}}
,"/Users/a4243342/Desktop/XCMAX/成都修茈科技有限公司/MODstore_deploy/market/src/composables/asr/FunASRBackend.ts": {"lines":{"total":270,"covered":43,"skipped":0,"pct":15.92},"functions":{"total":45,"covered":6,"skipped":0,"pct":13.33},"statements":{"total":305,"covered":45,"skipped":0,"pct":14.75},"branches":{"total":178,"covered":9,"skipped":0,"pct":5.05}}
,"/Users/a4243342/Desktop/XCMAX/成都修茈科技有限公司/MODstore_deploy/market/src/composables/asr/VoskBackend.ts": {"lines":{"total":75,"covered":0,"skipped":0,"pct":0},"functions":{"total":11,"covered":0,"skipped":0,"pct":0},"statements":{"total":83,"covered":0,"skipped":0,"pct":0},"branches":{"total":40,"covered":0,"skipped":0,"pct":0}}
,"/Users/a4243342/Desktop/XCMAX/成都修茈科技有限公司/MODstore_deploy/market/src/composables/asr/WebSpeechBackend.ts": {"lines":{"total":125,"covered":30,"skipped":0,"pct":24},"functions":{"total":15,"covered":2,"skipped":0,"pct":13.33},"statements":{"total":137,"covered":30,"skipped":0,"pct":21.89},"branches":{"total":76,"covered":5,"skipped":0,"pct":6.57}}
,"/Users/a4243342/Desktop/XCMAX/成都修茈科技有限公司/MODstore_deploy/market/src/composables/asr/WhisperWebBackend.ts": {"lines":{"total":181,"covered":27,"skipped":0,"pct":14.91},"functions":{"total":26,"covered":3,"skipped":0,"pct":11.53},"statements":{"total":195,"covered":27,"skipped":0,"pct":13.84},"branches":{"total":114,"covered":6,"skipped":0,"pct":5.26}}
,"/Users/a4243342/Desktop/XCMAX/成都修茈科技有限公司/MODstore_deploy/market/src/composables/asr/audioCapture.ts": {"lines":{"total":178,"covered":76,"skipped":0,"pct":42.69},"functions":{"total":25,"covered":5,"skipped":0,"pct":20},"statements":{"total":201,"covered":84,"skipped":0,"pct":41.79},"branches":{"total":66,"covered":13,"skipped":0,"pct":19.69}}
,"/Users/a4243342/Desktop/XCMAX/成都修茈科技有限公司/MODstore_deploy/market/src/composables/asr/hfHub.ts": {"lines":{"total":22,"covered":0,"skipped":0,"pct":0},"functions":{"total":3,"covered":0,"skipped":0,"pct":0},"statements":{"total":23,"covered":0,"skipped":0,"pct":0},"branches":{"total":25,"covered":0,"skipped":0,"pct":0}}
,"/Users/a4243342/Desktop/XCMAX/成都修茈科技有限公司/MODstore_deploy/market/src/composables/asr/index.ts": {"lines":{"total":0,"covered":0,"skipped":0,"pct":100},"functions":{"total":0,"covered":0,"skipped":0,"pct":100},"statements":{"total":0,"covered":0,"skipped":0,"pct":100},"branches":{"total":0,"covered":0,"skipped":0,"pct":100}}
,"/Users/a4243342/Desktop/XCMAX/成都修茈科技有限公司/MODstore_deploy/market/src/composables/asr/micPreflight.ts": {"lines":{"total":14,"covered":1,"skipped":0,"pct":7.14},"functions":{"total":8,"covered":0,"skipped":0,"pct":0},"statements":{"total":18,"covered":1,"skipped":0,"pct":5.55},"branches":{"total":8,"covered":0,"skipped":0,"pct":0}}
,"/Users/a4243342/Desktop/XCMAX/成都修茈科技有限公司/MODstore_deploy/market/src/composables/asr/sharedMicCapture.ts": {"lines":{"total":31,"covered":18,"skipped":0,"pct":58.06},"functions":{"total":12,"covered":5,"skipped":0,"pct":41.66},"statements":{"total":35,"covered":18,"skipped":0,"pct":51.42},"branches":{"total":22,"covered":7,"skipped":0,"pct":31.81}}
,"/Users/a4243342/Desktop/XCMAX/成都修茈科技有限公司/MODstore_deploy/market/src/composables/asr/types.ts": {"lines":{"total":0,"covered":0,"skipped":0,"pct":100},"functions":{"total":0,"covered":0,"skipped":0,"pct":100},"statements":{"total":0,"covered":0,"skipped":0,"pct":100},"branches":{"total":0,"covered":0,"skipped":0,"pct":100}}
,"/Users/a4243342/Desktop/XCMAX/成都修茈科技有限公司/MODstore_deploy/market/src/constants/hostFoundationPack.ts": {"lines":{"total":3,"covered":2,"skipped":0,"pct":66.66},"functions":{"total":1,"covered":0,"skipped":0,"pct":0},"statements":{"total":3,"covered":2,"skipped":0,"pct":66.66},"branches":{"total":2,"covered":0,"skipped":0,"pct":0}}
,"/Users/a4243342/Desktop/XCMAX/成都修茈科技有限公司/MODstore_deploy/market/src/constants/industryPresets.ts": {"lines":{"total":17,"covered":10,"skipped":0,"pct":58.82},"functions":{"total":9,"covered":4,"skipped":0,"pct":44.44},"statements":{"total":21,"covered":11,"skipped":0,"pct":52.38},"branches":{"total":14,"covered":5,"skipped":0,"pct":35.71}}
,"/Users/a4243342/Desktop/XCMAX/成都修茈科技有限公司/MODstore_deploy/market/src/constants/officeEmployeePack.ts": {"lines":{"total":26,"covered":24,"skipped":0,"pct":92.3},"functions":{"total":6,"covered":4,"skipped":0,"pct":66.66},"statements":{"total":41,"covered":26,"skipped":0,"pct":63.41},"branches":{"total":36,"covered":19,"skipped":0,"pct":52.77}}
,"/Users/a4243342/Desktop/XCMAX/成都修茈科技有限公司/MODstore_deploy/market/src/constants/workflowEmployeePack.ts": {"lines":{"total":3,"covered":2,"skipped":0,"pct":66.66},"functions":{"total":1,"covered":0,"skipped":0,"pct":0},"statements":{"total":3,"covered":2,"skipped":0,"pct":66.66},"branches":{"total":2,"covered":0,"skipped":0,"pct":0}}
,"/Users/a4243342/Desktop/XCMAX/成都修茈科技有限公司/MODstore_deploy/market/src/constants/xcagiDashboardEmbed.ts": {"lines":{"total":5,"covered":4,"skipped":0,"pct":80},"functions":{"total":1,"covered":1,"skipped":0,"pct":100},"statements":{"total":5,"covered":4,"skipped":0,"pct":80},"branches":{"total":8,"covered":6,"skipped":0,"pct":75}}
,"/Users/a4243342/Desktop/XCMAX/成都修茈科技有限公司/MODstore_deploy/market/src/content/siteKnowledge.ts": {"lines":{"total":41,"covered":15,"skipped":0,"pct":36.58},"functions":{"total":13,"covered":4,"skipped":0,"pct":30.76},"statements":{"total":47,"covered":15,"skipped":0,"pct":31.91},"branches":{"total":49,"covered":7,"skipped":0,"pct":14.28}}
,"/Users/a4243342/Desktop/XCMAX/成都修茈科技有限公司/MODstore_deploy/market/src/corp-butler/CorpButlerRoot.vue": {"lines":{"total":57,"covered":25,"skipped":0,"pct":43.85},"functions":{"total":13,"covered":6,"skipped":0,"pct":46.15},"statements":{"total":63,"covered":26,"skipped":0,"pct":41.26},"branches":{"total":34,"covered":7,"skipped":0,"pct":20.58}}
,"/Users/a4243342/Desktop/XCMAX/成都修茈科技有限公司/MODstore_deploy/market/src/corp-butler/contactIntakeBridge.ts": {"lines":{"total":61,"covered":4,"skipped":0,"pct":6.55},"functions":{"total":11,"covered":1,"skipped":0,"pct":9.09},"statements":{"total":69,"covered":4,"skipped":0,"pct":5.79},"branches":{"total":59,"covered":3,"skipped":0,"pct":5.08}}
,"/Users/a4243342/Desktop/XCMAX/成都修茈科技有限公司/MODstore_deploy/market/src/corp-butler/corpBallPosition.ts": {"lines":{"total":30,"covered":3,"skipped":0,"pct":10},"functions":{"total":6,"covered":0,"skipped":0,"pct":0},"statements":{"total":32,"covered":3,"skipped":0,"pct":9.37},"branches":{"total":18,"covered":0,"skipped":0,"pct":0}}
,"/Users/a4243342/Desktop/XCMAX/成都修茈科技有限公司/MODstore_deploy/market/src/corp-butler/corpViewport.ts": {"lines":{"total":13,"covered":12,"skipped":0,"pct":92.3},"functions":{"total":6,"covered":5,"skipped":0,"pct":83.33},"statements":{"total":15,"covered":13,"skipped":0,"pct":86.66},"branches":{"total":4,"covered":1,"skipped":0,"pct":25}}
,"/Users/a4243342/Desktop/XCMAX/成都修茈科技有限公司/MODstore_deploy/market/src/corp-butler/main.ts": {"lines":{"total":18,"covered":0,"skipped":0,"pct":0},"functions":{"total":1,"covered":0,"skipped":0,"pct":0},"statements":{"total":18,"covered":0,"skipped":0,"pct":0},"branches":{"total":4,"covered":0,"skipped":0,"pct":0}}
,"/Users/a4243342/Desktop/XCMAX/成都修茈科技有限公司/MODstore_deploy/market/src/corp-butler/useContactCompanyMatch.ts": {"lines":{"total":216,"covered":51,"skipped":0,"pct":23.61},"functions":{"total":24,"covered":5,"skipped":0,"pct":20.83},"statements":{"total":237,"covered":53,"skipped":0,"pct":22.36},"branches":{"total":155,"covered":14,"skipped":0,"pct":9.03}}
,"/Users/a4243342/Desktop/XCMAX/成都修茈科技有限公司/MODstore_deploy/market/src/corp-butler/useContactIntakeModal.ts": {"lines":{"total":4,"covered":3,"skipped":0,"pct":75},"functions":{"total":2,"covered":1,"skipped":0,"pct":50},"statements":{"total":4,"covered":3,"skipped":0,"pct":75},"branches":{"total":0,"covered":0,"skipped":0,"pct":100}}
,"/Users/a4243342/Desktop/XCMAX/成都修茈科技有限公司/MODstore_deploy/market/src/domain/accountLevel.ts": {"lines":{"total":26,"covered":6,"skipped":0,"pct":23.07},"functions":{"total":3,"covered":1,"skipped":0,"pct":33.33},"statements":{"total":28,"covered":6,"skipped":0,"pct":21.42},"branches":{"total":32,"covered":5,"skipped":0,"pct":15.62}}
,"/Users/a4243342/Desktop/XCMAX/成都修茈科技有限公司/MODstore_deploy/market/src/domain/butlerEmployeeProfile.ts": {"lines":{"total":37,"covered":35,"skipped":0,"pct":94.59},"functions":{"total":6,"covered":4,"skipped":0,"pct":66.66},"statements":{"total":42,"covered":37,"skipped":0,"pct":88.09},"branches":{"total":64,"covered":47,"skipped":0,"pct":73.43}}
,"/Users/a4243342/Desktop/XCMAX/成都修茈科技有限公司/MODstore_deploy/market/src/domain/clientWorkshops.ts": {"lines":{"total":21,"covered":10,"skipped":0,"pct":47.61},"functions":{"total":12,"covered":4,"skipped":0,"pct":33.33},"statements":{"total":30,"covered":11,"skipped":0,"pct":36.66},"branches":{"total":23,"covered":7,"skipped":0,"pct":30.43}}
,"/Users/a4243342/Desktop/XCMAX/成都修茈科技有限公司/MODstore_deploy/market/src/domain/employeeDraftPipeline.ts": {"lines":{"total":40,"covered":3,"skipped":0,"pct":7.5},"functions":{"total":5,"covered":3,"skipped":0,"pct":60},"statements":{"total":40,"covered":3,"skipped":0,"pct":7.5},"branches":{"total":37,"covered":0,"skipped":0,"pct":0}}
,"/Users/a4243342/Desktop/XCMAX/成都修茈科技有限公司/MODstore_deploy/market/src/domain/yuangonDutyRoster.ts": {"lines":{"total":8,"covered":8,"skipped":0,"pct":100},"functions":{"total":1,"covered":1,"skipped":0,"pct":100},"statements":{"total":8,"covered":8,"skipped":0,"pct":100},"branches":{"total":0,"covered":0,"skipped":0,"pct":100}}
,"/Users/a4243342/Desktop/XCMAX/成都修茈科技有限公司/MODstore_deploy/market/src/domain/analytics/types.ts": {"lines":{"total":0,"covered":0,"skipped":0,"pct":100},"functions":{"total":0,"covered":0,"skipped":0,"pct":100},"statements":{"total":0,"covered":0,"skipped":0,"pct":100},"branches":{"total":0,"covered":0,"skipped":0,"pct":100}}
,"/Users/a4243342/Desktop/XCMAX/成都修茈科技有限公司/MODstore_deploy/market/src/domain/auth/types.ts": {"lines":{"total":0,"covered":0,"skipped":0,"pct":100},"functions":{"total":0,"covered":0,"skipped":0,"pct":100},"statements":{"total":0,"covered":0,"skipped":0,"pct":100},"branches":{"total":0,"covered":0,"skipped":0,"pct":100}}
,"/Users/a4243342/Desktop/XCMAX/成都修茈科技有限公司/MODstore_deploy/market/src/domain/catalog/types.ts": {"lines":{"total":0,"covered":0,"skipped":0,"pct":100},"functions":{"total":0,"covered":0,"skipped":0,"pct":100},"statements":{"total":0,"covered":0,"skipped":0,"pct":100},"branches":{"total":0,"covered":0,"skipped":0,"pct":100}}
,"/Users/a4243342/Desktop/XCMAX/成都修茈科技有限公司/MODstore_deploy/market/src/domain/employee/types.ts": {"lines":{"total":0,"covered":0,"skipped":0,"pct":100},"functions":{"total":0,"covered":0,"skipped":0,"pct":100},"statements":{"total":0,"covered":0,"skipped":0,"pct":100},"branches":{"total":0,"covered":0,"skipped":0,"pct":100}}
,"/Users/a4243342/Desktop/XCMAX/成都修茈科技有限公司/MODstore_deploy/market/src/domain/llm/defaultEmployeeLlm.ts": {"lines":{"total":24,"covered":8,"skipped":0,"pct":33.33},"functions":{"total":4,"covered":1,"skipped":0,"pct":25},"statements":{"total":25,"covered":8,"skipped":0,"pct":32},"branches":{"total":22,"covered":2,"skipped":0,"pct":9.09}}
,"/Users/a4243342/Desktop/XCMAX/成都修茈科技有限公司/MODstore_deploy/market/src/domain/llm/providerCredential.ts": {"lines":{"total":9,"covered":0,"skipped":0,"pct":0},"functions":{"total":2,"covered":0,"skipped":0,"pct":0},"statements":{"total":13,"covered":0,"skipped":0,"pct":0},"branches":{"total":14,"covered":0,"skipped":0,"pct":0}}
,"/Users/a4243342/Desktop/XCMAX/成都修茈科技有限公司/MODstore_deploy/market/src/domain/llm/types.ts": {"lines":{"total":0,"covered":0,"skipped":0,"pct":100},"functions":{"total":0,"covered":0,"skipped":0,"pct":100},"statements":{"total":0,"covered":0,"skipped":0,"pct":100},"branches":{"total":0,"covered":0,"skipped":0,"pct":100}}
,"/Users/a4243342/Desktop/XCMAX/成都修茈科技有限公司/MODstore_deploy/market/src/domain/payment/types.ts": {"lines":{"total":0,"covered":0,"skipped":0,"pct":100},"functions":{"total":0,"covered":0,"skipped":0,"pct":100},"statements":{"total":0,"covered":0,"skipped":0,"pct":100},"branches":{"total":0,"covered":0,"skipped":0,"pct":100}}
,"/Users/a4243342/Desktop/XCMAX/成都修茈科技有限公司/MODstore_deploy/market/src/domain/wallet/types.ts": {"lines":{"total":0,"covered":0,"skipped":0,"pct":100},"functions":{"total":0,"covered":0,"skipped":0,"pct":100},"statements":{"total":0,"covered":0,"skipped":0,"pct":100},"branches":{"total":0,"covered":0,"skipped":0,"pct":100}}
,"/Users/a4243342/Desktop/XCMAX/成都修茈科技有限公司/MODstore_deploy/market/src/domain/workflow/nodeKinds.ts": {"lines":{"total":0,"covered":0,"skipped":0,"pct":100},"functions":{"total":0,"covered":0,"skipped":0,"pct":100},"statements":{"total":0,"covered":0,"skipped":0,"pct":100},"branches":{"total":0,"covered":0,"skipped":0,"pct":100}}
,"/Users/a4243342/Desktop/XCMAX/成都修茈科技有限公司/MODstore_deploy/market/src/domain/workflow/types.ts": {"lines":{"total":0,"covered":0,"skipped":0,"pct":100},"functions":{"total":0,"covered":0,"skipped":0,"pct":100},"statements":{"total":0,"covered":0,"skipped":0,"pct":100},"branches":{"total":0,"covered":0,"skipped":0,"pct":100}}
,"/Users/a4243342/Desktop/XCMAX/成都修茈科技有限公司/MODstore_deploy/market/src/features/mod-authoring/ModAuthoringHeader.vue": {"lines":{"total":9,"covered":7,"skipped":0,"pct":77.77},"functions":{"total":2,"covered":0,"skipped":0,"pct":0},"statements":{"total":10,"covered":8,"skipped":0,"pct":80},"branches":{"total":14,"covered":10,"skipped":0,"pct":71.42}}
,"/Users/a4243342/Desktop/XCMAX/成都修茈科技有限公司/MODstore_deploy/market/src/features/mod-authoring/ModAuthoringModeToggle.vue": {"lines":{"total":3,"covered":2,"skipped":0,"pct":66.66},"functions":{"total":1,"covered":0,"skipped":0,"pct":0},"statements":{"total":4,"covered":3,"skipped":0,"pct":75},"branches":{"total":4,"covered":4,"skipped":0,"pct":100}}
,"/Users/a4243342/Desktop/XCMAX/成都修茈科技有限公司/MODstore_deploy/market/src/features/mod-authoring/ModAuthoringPage.vue": {"lines":{"total":15,"covered":11,"skipped":0,"pct":73.33},"functions":{"total":5,"covered":3,"skipped":0,"pct":60},"statements":{"total":18,"covered":14,"skipped":0,"pct":77.77},"branches":{"total":23,"covered":7,"skipped":0,"pct":30.43}}
,"/Users/a4243342/Desktop/XCMAX/成都修茈科技有限公司/MODstore_deploy/market/src/features/mod-authoring/types.ts": {"lines":{"total":10,"covered":6,"skipped":0,"pct":60},"functions":{"total":2,"covered":0,"skipped":0,"pct":0},"statements":{"total":11,"covered":6,"skipped":0,"pct":54.54},"branches":{"total":9,"covered":0,"skipped":0,"pct":0}}
,"/Users/a4243342/Desktop/XCMAX/成都修茈科技有限公司/MODstore_deploy/market/src/features/mod-authoring/composables/useModAuthoring.ts": {"lines":{"total":668,"covered":276,"skipped":0,"pct":41.31},"functions":{"total":105,"covered":44,"skipped":0,"pct":41.9},"statements":{"total":740,"covered":284,"skipped":0,"pct":38.37},"branches":{"total":603,"covered":89,"skipped":0,"pct":14.75}}
,"/Users/a4243342/Desktop/XCMAX/成都修茈科技有限公司/MODstore_deploy/market/src/features/mod-authoring/composables/useModAuthoringContext.ts": {"lines":{"total":10,"covered":9,"skipped":0,"pct":90},"functions":{"total":2,"covered":2,"skipped":0,"pct":100},"statements":{"total":10,"covered":9,"skipped":0,"pct":90},"branches":{"total":2,"covered":1,"skipped":0,"pct":50}}
,"/Users/a4243342/Desktop/XCMAX/成都修茈科技有限公司/MODstore_deploy/market/src/features/mod-authoring/composables/useModAuthoringWizard.ts": {"lines":{"total":28,"covered":0,"skipped":0,"pct":0},"functions":{"total":12,"covered":0,"skipped":0,"pct":0},"statements":{"total":35,"covered":0,"skipped":0,"pct":0},"branches":{"total":24,"covered":0,"skipped":0,"pct":0}}
,"/Users/a4243342/Desktop/XCMAX/成都修茈科技有限公司/MODstore_deploy/market/src/features/mod-authoring/expert/ExpertEmployeeModals.vue": {"lines":{"total":24,"covered":10,"skipped":0,"pct":41.66},"functions":{"total":14,"covered":0,"skipped":0,"pct":0},"statements":{"total":24,"covered":10,"skipped":0,"pct":41.66},"branches":{"total":79,"covered":0,"skipped":0,"pct":0}}
,"/Users/a4243342/Desktop/XCMAX/成都修茈科技有限公司/MODstore_deploy/market/src/features/mod-authoring/expert/ExpertTabFiles.vue": {"lines":{"total":9,"covered":3,"skipped":0,"pct":33.33},"functions":{"total":7,"covered":0,"skipped":0,"pct":0},"statements":{"total":11,"covered":4,"skipped":0,"pct":36.36},"branches":{"total":31,"covered":16,"skipped":0,"pct":51.61}}
,"/Users/a4243342/Desktop/XCMAX/成都修茈科技有限公司/MODstore_deploy/market/src/features/mod-authoring/expert/ExpertTabFrontend.vue": {"lines":{"total":7,"covered":5,"skipped":0,"pct":71.42},"functions":{"total":2,"covered":0,"skipped":0,"pct":0},"statements":{"total":8,"covered":6,"skipped":0,"pct":75},"branches":{"total":12,"covered":11,"skipped":0,"pct":91.66}}
,"/Users/a4243342/Desktop/XCMAX/成都修茈科技有限公司/MODstore_deploy/market/src/features/mod-authoring/expert/ExpertTabGuide.vue": {"lines":{"total":8,"covered":6,"skipped":0,"pct":75},"functions":{"total":2,"covered":0,"skipped":0,"pct":0},"statements":{"total":9,"covered":7,"skipped":0,"pct":77.77},"branches":{"total":36,"covered":6,"skipped":0,"pct":16.66}}
,"/Users/a4243342/Desktop/XCMAX/成都修茈科技有限公司/MODstore_deploy/market/src/features/mod-authoring/expert/ExpertTabManifest.vue": {"lines":{"total":7,"covered":3,"skipped":0,"pct":42.85},"functions":{"total":4,"covered":0,"skipped":0,"pct":0},"statements":{"total":8,"covered":4,"skipped":0,"pct":50},"branches":{"total":17,"covered":8,"skipped":0,"pct":47.05}}
,"/Users/a4243342/Desktop/XCMAX/成都修茈科技有限公司/MODstore_deploy/market/src/features/mod-authoring/expert/ExpertTabScan.vue": {"lines":{"total":10,"covered":7,"skipped":0,"pct":70},"functions":{"total":3,"covered":0,"skipped":0,"pct":0},"statements":{"total":11,"covered":8,"skipped":0,"pct":72.72},"branches":{"total":26,"covered":6,"skipped":0,"pct":23.07}}
,"/Users/a4243342/Desktop/XCMAX/成都修茈科技有限公司/MODstore_deploy/market/src/features/mod-authoring/expert/ExpertTabSnapshots.vue": {"lines":{"total":11,"covered":5,"skipped":0,"pct":45.45},"functions":{"total":6,"covered":0,"skipped":0,"pct":0},"statements":{"total":12,"covered":6,"skipped":0,"pct":50},"branches":{"total":18,"covered":12,"skipped":0,"pct":66.66}}
,"/Users/a4243342/Desktop/XCMAX/成都修茈科技有限公司/MODstore_deploy/market/src/features/mod-authoring/expert/ModAuthoringExpert.vue": {"lines":{"total":4,"covered":2,"skipped":0,"pct":50},"functions":{"total":2,"covered":0,"skipped":0,"pct":0},"statements":{"total":4,"covered":2,"skipped":0,"pct":50},"branches":{"total":0,"covered":0,"skipped":0,"pct":100}}
,"/Users/a4243342/Desktop/XCMAX/成都修茈科技有限公司/MODstore_deploy/market/src/features/mod-authoring/shared/EmployeeReadinessBar.vue": {"lines":{"total":9,"covered":5,"skipped":0,"pct":55.55},"functions":{"total":4,"covered":0,"skipped":0,"pct":0},"statements":{"total":9,"covered":5,"skipped":0,"pct":55.55},"branches":{"total":27,"covered":0,"skipped":0,"pct":0}}
,"/Users/a4243342/Desktop/XCMAX/成都修茈科技有限公司/MODstore_deploy/market/src/features/mod-authoring/shared/EmployeeTable.vue": {"lines":{"total":18,"covered":7,"skipped":0,"pct":38.88},"functions":{"total":11,"covered":0,"skipped":0,"pct":0},"statements":{"total":18,"covered":7,"skipped":0,"pct":38.88},"branches":{"total":49,"covered":4,"skipped":0,"pct":8.16}}
,"/Users/a4243342/Desktop/XCMAX/成都修茈科技有限公司/MODstore_deploy/market/src/features/mod-authoring/shared/IndustryPresetField.vue": {"lines":{"total":6,"covered":3,"skipped":0,"pct":50},"functions":{"total":3,"covered":0,"skipped":0,"pct":0},"statements":{"total":7,"covered":4,"skipped":0,"pct":57.14},"branches":{"total":13,"covered":7,"skipped":0,"pct":53.84}}
,"/Users/a4243342/Desktop/XCMAX/成都修茈科技有限公司/MODstore_deploy/market/src/features/mod-authoring/shared/ModChecklist.vue": {"lines":{"total":5,"covered":4,"skipped":0,"pct":80},"functions":{"total":1,"covered":0,"skipped":0,"pct":0},"statements":{"total":5,"covered":4,"skipped":0,"pct":80},"branches":{"total":8,"covered":2,"skipped":0,"pct":25}}
,"/Users/a4243342/Desktop/XCMAX/成都修茈科技有限公司/MODstore_deploy/market/src/features/mod-authoring/wizard/ModAuthoringWizard.vue": {"lines":{"total":9,"covered":5,"skipped":0,"pct":55.55},"functions":{"total":4,"covered":0,"skipped":0,"pct":0},"statements":{"total":9,"covered":5,"skipped":0,"pct":55.55},"branches":{"total":14,"covered":7,"skipped":0,"pct":50}}
,"/Users/a4243342/Desktop/XCMAX/成都修茈科技有限公司/MODstore_deploy/market/src/features/mod-authoring/wizard/WizardStepEmployees.vue": {"lines":{"total":11,"covered":4,"skipped":0,"pct":36.36},"functions":{"total":3,"covered":0,"skipped":0,"pct":0},"statements":{"total":13,"covered":5,"skipped":0,"pct":38.46},"branches":{"total":8,"covered":6,"skipped":0,"pct":75}}
,"/Users/a4243342/Desktop/XCMAX/成都修茈科技有限公司/MODstore_deploy/market/src/features/mod-authoring/wizard/WizardStepFrontend.vue": {"lines":{"total":9,"covered":6,"skipped":0,"pct":66.66},"functions":{"total":3,"covered":0,"skipped":0,"pct":0},"statements":{"total":10,"covered":7,"skipped":0,"pct":70},"branches":{"total":18,"covered":9,"skipped":0,"pct":50}}
,"/Users/a4243342/Desktop/XCMAX/成都修茈科技有限公司/MODstore_deploy/market/src/features/mod-authoring/wizard/WizardStepIntro.vue": {"lines":{"total":9,"covered":6,"skipped":0,"pct":66.66},"functions":{"total":3,"covered":0,"skipped":0,"pct":0},"statements":{"total":10,"covered":7,"skipped":0,"pct":70},"branches":{"total":14,"covered":13,"skipped":0,"pct":92.85}}
,"/Users/a4243342/Desktop/XCMAX/成都修茈科技有限公司/MODstore_deploy/market/src/features/mod-authoring/wizard/WizardStepRelease.vue": {"lines":{"total":7,"covered":4,"skipped":0,"pct":57.14},"functions":{"total":3,"covered":0,"skipped":0,"pct":0},"statements":{"total":8,"covered":5,"skipped":0,"pct":62.5},"branches":{"total":10,"covered":7,"skipped":0,"pct":70}}
,"/Users/a4243342/Desktop/XCMAX/成都修茈科技有限公司/MODstore_deploy/market/src/features/mod-authoring/wizard/WizardStepper.vue": {"lines":{"total":6,"covered":5,"skipped":0,"pct":83.33},"functions":{"total":2,"covered":1,"skipped":0,"pct":50},"statements":{"total":6,"covered":5,"skipped":0,"pct":83.33},"branches":{"total":2,"covered":0,"skipped":0,"pct":0}}
,"/Users/a4243342/Desktop/XCMAX/成都修茈科技有限公司/MODstore_deploy/market/src/infrastructure/http/client.ts": {"lines":{"total":135,"covered":0,"skipped":0,"pct":0},"functions":{"total":20,"covered":0,"skipped":0,"pct":0},"statements":{"total":155,"covered":0,"skipped":0,"pct":0},"branches":{"total":175,"covered":0,"skipped":0,"pct":0}}
,"/Users/a4243342/Desktop/XCMAX/成都修茈科技有限公司/MODstore_deploy/market/src/infrastructure/storage/fhdMarketHandoff.ts": {"lines":{"total":29,"covered":0,"skipped":0,"pct":0},"functions":{"total":4,"covered":0,"skipped":0,"pct":0},"statements":{"total":38,"covered":0,"skipped":0,"pct":0},"branches":{"total":42,"covered":0,"skipped":0,"pct":0}}
,"/Users/a4243342/Desktop/XCMAX/成都修茈科技有限公司/MODstore_deploy/market/src/infrastructure/storage/tokenStore.ts": {"lines":{"total":8,"covered":5,"skipped":0,"pct":62.5},"functions":{"total":4,"covered":2,"skipped":0,"pct":50},"statements":{"total":10,"covered":5,"skipped":0,"pct":50},"branches":{"total":8,"covered":4,"skipped":0,"pct":50}}
,"/Users/a4243342/Desktop/XCMAX/成都修茈科技有限公司/MODstore_deploy/market/src/locales/en-US.ts": {"lines":{"total":0,"covered":0,"skipped":0,"pct":100},"functions":{"total":0,"covered":0,"skipped":0,"pct":100},"statements":{"total":0,"covered":0,"skipped":0,"pct":100},"branches":{"total":0,"covered":0,"skipped":0,"pct":100}}
,"/Users/a4243342/Desktop/XCMAX/成都修茈科技有限公司/MODstore_deploy/market/src/locales/zh-CN.ts": {"lines":{"total":0,"covered":0,"skipped":0,"pct":100},"functions":{"total":0,"covered":0,"skipped":0,"pct":100},"statements":{"total":0,"covered":0,"skipped":0,"pct":100},"branches":{"total":0,"covered":0,"skipped":0,"pct":100}}
,"/Users/a4243342/Desktop/XCMAX/成都修茈科技有限公司/MODstore_deploy/market/src/router/guards.ts": {"lines":{"total":32,"covered":0,"skipped":0,"pct":0},"functions":{"total":4,"covered":0,"skipped":0,"pct":0},"statements":{"total":36,"covered":0,"skipped":0,"pct":0},"branches":{"total":39,"covered":0,"skipped":0,"pct":0}}
,"/Users/a4243342/Desktop/XCMAX/成都修茈科技有限公司/MODstore_deploy/market/src/router/index.ts": {"lines":{"total":100,"covered":0,"skipped":0,"pct":0},"functions":{"total":67,"covered":0,"skipped":0,"pct":0},"statements":{"total":103,"covered":0,"skipped":0,"pct":0},"branches":{"total":40,"covered":0,"skipped":0,"pct":0}}
,"/Users/a4243342/Desktop/XCMAX/成都修茈科技有限公司/MODstore_deploy/market/src/router/topLevelCacheKey.ts": {"lines":{"total":5,"covered":0,"skipped":0,"pct":0},"functions":{"total":1,"covered":0,"skipped":0,"pct":0},"statements":{"total":7,"covered":0,"skipped":0,"pct":0},"branches":{"total":16,"covered":0,"skipped":0,"pct":0}}
,"/Users/a4243342/Desktop/XCMAX/成都修茈科技有限公司/MODstore_deploy/market/src/stores/agent.ts": {"lines":{"total":71,"covered":26,"skipped":0,"pct":36.61},"functions":{"total":19,"covered":5,"skipped":0,"pct":26.31},"statements":{"total":74,"covered":26,"skipped":0,"pct":35.13},"branches":{"total":22,"covered":1,"skipped":0,"pct":4.54}}
,"/Users/a4243342/Desktop/XCMAX/成都修茈科技有限公司/MODstore_deploy/market/src/stores/auth.ts": {"lines":{"total":106,"covered":39,"skipped":0,"pct":36.79},"functions":{"total":18,"covered":11,"skipped":0,"pct":61.11},"statements":{"total":112,"covered":43,"skipped":0,"pct":38.39},"branches":{"total":91,"covered":19,"skipped":0,"pct":20.87}}
,"/Users/a4243342/Desktop/XCMAX/成都修茈科技有限公司/MODstore_deploy/market/src/stores/butlerDownloadHistory.ts": {"lines":{"total":38,"covered":20,"skipped":0,"pct":52.63},"functions":{"total":14,"covered":7,"skipped":0,"pct":50},"statements":{"total":47,"covered":23,"skipped":0,"pct":48.93},"branches":{"total":8,"covered":0,"skipped":0,"pct":0}}
,"/Users/a4243342/Desktop/XCMAX/成都修茈科技有限公司/MODstore_deploy/market/src/stores/butlerWorkbenchTray.ts": {"lines":{"total":26,"covered":23,"skipped":0,"pct":88.46},"functions":{"total":11,"covered":8,"skipped":0,"pct":72.72},"statements":{"total":30,"covered":26,"skipped":0,"pct":86.66},"branches":{"total":9,"covered":3,"skipped":0,"pct":33.33}}
,"/Users/a4243342/Desktop/XCMAX/成都修茈科技有限公司/MODstore_deploy/market/src/stores/hostConfig.ts": {"lines":{"total":20,"covered":4,"skipped":0,"pct":20},"functions":{"total":4,"covered":0,"skipped":0,"pct":0},"statements":{"total":24,"covered":4,"skipped":0,"pct":16.66},"branches":{"total":14,"covered":0,"skipped":0,"pct":0}}
,"/Users/a4243342/Desktop/XCMAX/成都修茈科技有限公司/MODstore_deploy/market/src/stores/notifications.ts": {"lines":{"total":18,"covered":5,"skipped":0,"pct":27.77},"functions":{"total":6,"covered":1,"skipped":0,"pct":16.66},"statements":{"total":19,"covered":5,"skipped":0,"pct":26.31},"branches":{"total":6,"covered":0,"skipped":0,"pct":0}}
,"/Users/a4243342/Desktop/XCMAX/成都修茈科技有限公司/MODstore_deploy/market/src/stores/wallet.ts": {"lines":{"total":37,"covered":17,"skipped":0,"pct":45.94},"functions":{"total":6,"covered":3,"skipped":0,"pct":50},"statements":{"total":39,"covered":19,"skipped":0,"pct":48.71},"branches":{"total":17,"covered":5,"skipped":0,"pct":29.41}}
,"/Users/a4243342/Desktop/XCMAX/成都修茈科技有限公司/MODstore_deploy/market/src/stores/workbench.ts": {"lines":{"total":114,"covered":42,"skipped":0,"pct":36.84},"functions":{"total":29,"covered":6,"skipped":0,"pct":20.68},"statements":{"total":129,"covered":43,"skipped":0,"pct":33.33},"branches":{"total":63,"covered":9,"skipped":0,"pct":14.28}}
,"/Users/a4243342/Desktop/XCMAX/成都修茈科技有限公司/MODstore_deploy/market/src/stores/workbenchNav.ts": {"lines":{"total":17,"covered":10,"skipped":0,"pct":58.82},"functions":{"total":11,"covered":1,"skipped":0,"pct":9.09},"statements":{"total":22,"covered":10,"skipped":0,"pct":45.45},"branches":{"total":4,"covered":0,"skipped":0,"pct":0}}
,"/Users/a4243342/Desktop/XCMAX/成都修茈科技有限公司/MODstore_deploy/market/src/stores/workbenchSidebar.ts": {"lines":{"total":46,"covered":15,"skipped":0,"pct":32.6},"functions":{"total":19,"covered":6,"skipped":0,"pct":31.57},"statements":{"total":50,"covered":15,"skipped":0,"pct":30},"branches":{"total":22,"covered":0,"skipped":0,"pct":0}}
[...]
,"/Users/a4243342/Desktop/XCMAX/成都修茈科技有限公司/MODstore_deploy/market/src/views/CustomerServiceView.vue": {"lines":{"total":66,"covered":41,"skipped":0,"pct":62.12},"functions":{"total":14,"covered":7,"skipped":0,"pct":50},"statements":{"total":73,"covered":42,"skipped":0,"pct":57.53},"branches":{"total":85,"covered":39,"skipped":0,"pct":45.88}}
,"/Users/a4243342/Desktop/XCMAX/成都修茈科技有限公司/MODstore_deploy/market/src/views/EmployeeExamView.vue": {"lines":{"total":455,"covered":208,"skipped":0,"pct":45.71},"functions":{"total":63,"covered":39,"skipped":0,"pct":61.9},"statements":{"total":512,"covered":225,"skipped":0,"pct":43.94},"branches":{"total":423,"covered":125,"skipped":0,"pct":29.55}}
,"/Users/a4243342/Desktop/XCMAX/成都修茈科技有限公司/MODstore_deploy/market/src/views/KnowledgeManagerView.vue": {"lines":{"total":178,"covered":107,"skipped":0,"pct":60.11},"functions":{"total":38,"covered":16,"skipped":0,"pct":42.1},"statements":{"total":191,"covered":112,"skipped":0,"pct":58.63},"branches":{"total":168,"covered":78,"skipped":0,"pct":46.42}}
,"/Users/a4243342/Desktop/XCMAX/成都修茈科技有限公司/MODstore_deploy/market/src/views/ModAuthoringView.vue": {"lines":{"total":1,"covered":1,"skipped":0,"pct":100},"functions":{"total":0,"covered":0,"skipped":0,"pct":100},"statements":{"total":1,"covered":1,"skipped":0,"pct":100},"branches":{"total":0,"covered":0,"skipped":0,"pct":100}}
,"/Users/a4243342/Desktop/XCMAX/成都修茈科技有限公司/MODstore_deploy/market/src/views/MyEmployeesView.vue": {"lines":{"total":86,"covered":37,"skipped":0,"pct":43.02},"functions":{"total":19,"covered":7,"skipped":0,"pct":36.84},"statements":{"total":98,"covered":39,"skipped":0,"pct":39.79},"branches":{"total":82,"covered":18,"skipped":0,"pct":21.95}}
,"/Users/a4243342/Desktop/XCMAX/成都修茈科技有限公司/MODstore_deploy/market/src/views/MyMaterialsView.vue": {"lines":{"total":118,"covered":54,"skipped":0,"pct":45.76},"functions":{"total":31,"covered":6,"skipped":0,"pct":19.35},"statements":{"total":128,"covered":58,"skipped":0,"pct":45.31},"branches":{"total":93,"covered":54,"skipped":0,"pct":58.06}}
,"/Users/a4243342/Desktop/XCMAX/成都修茈科技有限公司/MODstore_deploy/market/src/views/MyStoreView.vue": {"lines":{"total":40,"covered":31,"skipped":0,"pct":77.5},"functions":{"total":12,"covered":7,"skipped":0,"pct":58.33},"statements":{"total":46,"covered":35,"skipped":0,"pct":76.08},"branches":{"total":42,"covered":24,"skipped":0,"pct":57.14}}
,"/Users/a4243342/Desktop/XCMAX/成都修茈科技有限公司/MODstore_deploy/market/src/views/NotFoundView.vue": {"lines":{"total":3,"covered":3,"skipped":0,"pct":100},"functions":{"total":1,"covered":1,"skipped":0,"pct":100},"statements":{"total":4,"covered":4,"skipped":0,"pct":100},"branches":{"total":6,"covered":6,"skipped":0,"pct":100}}
,"/Users/a4243342/Desktop/XCMAX/成都修茈科技有限公司/MODstore_deploy/market/src/views/NotificationCenter.vue": {"lines":{"total":74,"covered":48,"skipped":0,"pct":64.86},"functions":{"total":20,"covered":8,"skipped":0,"pct":40},"statements":{"total":87,"covered":54,"skipped":0,"pct":62.06},"branches":{"total":71,"covered":25,"skipped":0,"pct":35.21}}
,"/Users/a4243342/Desktop/XCMAX/成都修茈科技有限公司/MODstore_deploy/market/src/views/OrderDetailView.vue": {"lines":{"total":49,"covered":46,"skipped":0,"pct":93.87},"functions":{"total":10,"covered":9,"skipped":0,"pct":90},"statements":{"total":52,"covered":49,"skipped":0,"pct":94.23},"branches":{"total":56,"covered":44,"skipped":0,"pct":78.57}}
,"/Users/a4243342/Desktop/XCMAX/成都修茈科技有限公司/MODstore_deploy/market/src/views/OrderListView.vue": {"lines":{"total":58,"covered":34,"skipped":0,"pct":58.62},"functions":{"total":15,"covered":8,"skipped":0,"pct":53.33},"statements":{"total":64,"covered":37,"skipped":0,"pct":57.81},"branches":{"total":44,"covered":19,"skipped":0,"pct":43.18}}
,"/Users/a4243342/Desktop/XCMAX/成都修茈科技有限公司/MODstore_deploy/market/src/views/PaymentCheckoutView.vue": {"lines":{"total":192,"covered":74,"skipped":0,"pct":38.54},"functions":{"total":32,"covered":12,"skipped":0,"pct":37.5},"statements":{"total":205,"covered":78,"skipped":0,"pct":38.04},"branches":{"total":261,"covered":57,"skipped":0,"pct":21.83}}
,"/Users/a4243342/Desktop/XCMAX/成都修茈科技有限公司/MODstore_deploy/market/src/views/RefundApplyView.vue": {"lines":{"total":47,"covered":32,"skipped":0,"pct":68.08},"functions":{"total":8,"covered":5,"skipped":0,"pct":62.5},"statements":{"total":51,"covered":35,"skipped":0,"pct":68.62},"branches":{"total":46,"covered":30,"skipped":0,"pct":65.21}}
,"/Users/a4243342/Desktop/XCMAX/成都修茈科技有限公司/MODstore_deploy/market/src/views/RepositoryView.vue": {"lines":{"total":371,"covered":175,"skipped":0,"pct":47.16},"functions":{"total":83,"covered":34,"skipped":0,"pct":40.96},"statements":{"total":422,"covered":182,"skipped":0,"pct":43.12},"branches":{"total":470,"covered":155,"skipped":0,"pct":32.97}}
,"/Users/a4243342/Desktop/XCMAX/成都修茈科技有限公司/MODstore_deploy/market/src/views/SandboxView.vue": {"lines":{"total":178,"covered":135,"skipped":0,"pct":75.84},"functions":{"total":26,"covered":19,"skipped":0,"pct":73.07},"statements":{"total":202,"covered":144,"skipped":0,"pct":71.28},"branches":{"total":185,"covered":116,"skipped":0,"pct":62.7}}
,"/Users/a4243342/Desktop/XCMAX/成都修茈科技有限公司/MODstore_deploy/market/src/views/ScriptWorkflowComposerView.vue": {"lines":{"total":241,"covered":65,"skipped":0,"pct":26.97},"functions":{"total":58,"covered":14,"skipped":0,"pct":24.13},"statements":{"total":274,"covered":74,"skipped":0,"pct":27},"branches":{"total":286,"covered":51,"skipped":0,"pct":17.83}}
,"/Users/a4243342/Desktop/XCMAX/成都修茈科技有限公司/MODstore_deploy/market/src/views/ScriptWorkflowDetailView.vue": {"lines":{"total":48,"covered":23,"skipped":0,"pct":47.91},"functions":{"total":17,"covered":6,"skipped":0,"pct":35.29},"statements":{"total":53,"covered":25,"skipped":0,"pct":47.16},"branches":{"total":71,"covered":9,"skipped":0,"pct":12.67}}
,"/Users/a4243342/Desktop/XCMAX/成都修茈科技有限公司/MODstore_deploy/market/src/views/ScriptWorkflowListView.vue": {"lines":{"total":32,"covered":28,"skipped":0,"pct":87.5},"functions":{"total":12,"covered":8,"skipped":0,"pct":66.66},"statements":{"total":39,"covered":31,"skipped":0,"pct":79.48},"branches":{"total":24,"covered":15,"skipped":0,"pct":62.5}}
,"/Users/a4243342/Desktop/XCMAX/成都修茈科技有限公司/MODstore_deploy/market/src/views/SoftwareDownloadView.vue": {"lines":{"total":104,"covered":64,"skipped":0,"pct":61.53},"functions":{"total":27,"covered":14,"skipped":0,"pct":51.85},"statements":{"total":118,"covered":69,"skipped":0,"pct":58.47},"branches":{"total":127,"covered":59,"skipped":0,"pct":46.45}}
,"/Users/a4243342/Desktop/XCMAX/成都修茈科技有限公司/MODstore_deploy/market/src/views/UnifiedWorkbenchView.vue": {"lines":{"total":50,"covered":37,"skipped":0,"pct":74},"functions":{"total":13,"covered":10,"skipped":0,"pct":76.92},"statements":{"total":59,"covered":39,"skipped":0,"pct":66.1},"branches":{"total":44,"covered":23,"skipped":0,"pct":52.27}}
,"/Users/a4243342/Desktop/XCMAX/成都修茈科技有限公司/MODstore_deploy/market/src/views/WalletLayoutView.vue": {"lines":{"total":3,"covered":3,"skipped":0,"pct":100},"functions":{"total":2,"covered":2,"skipped":0,"pct":100},"statements":{"total":4,"covered":4,"skipped":0,"pct":100},"branches":{"total":4,"covered":4,"skipped":0,"pct":100}}
,"/Users/a4243342/Desktop/XCMAX/成都修茈科技有限公司/MODstore_deploy/market/src/views/WalletRechargeView.vue": {"lines":{"total":66,"covered":28,"skipped":0,"pct":42.42},"functions":{"total":11,"covered":5,"skipped":0,"pct":45.45},"statements":{"total":74,"covered":31,"skipped":0,"pct":41.89},"branches":{"total":75,"covered":23,"skipped":0,"pct":30.66}}
,"/Users/a4243342/Desktop/XCMAX/成都修茈科技有限公司/MODstore_deploy/market/src/views/WalletView.vue": {"lines":{"total":491,"covered":190,"skipped":0,"pct":38.69},"functions":{"total":119,"covered":35,"skipped":0,"pct":29.41},"statements":{"total":567,"covered":208,"skipped":0,"pct":36.68},"branches":{"total":644,"covered":135,"skipped":0,"pct":20.96}}
,"/Users/a4243342/Desktop/XCMAX/成都修茈科技有限公司/MODstore_deploy/market/src/views/WorkbenchChangeRequestsView.vue": {"lines":{"total":29,"covered":23,"skipped":0,"pct":79.31},"functions":{"total":7,"covered":3,"skipped":0,"pct":42.85},"statements":{"total":31,"covered":25,"skipped":0,"pct":80.64},"branches":{"total":29,"covered":23,"skipped":0,"pct":79.31}}
,"/Users/a4243342/Desktop/XCMAX/成都修茈科技有限公司/MODstore_deploy/market/src/views/WorkbenchHomeView.vue": {"lines":{"total":5036,"covered":1233,"skipped":0,"pct":24.48},"functions":{"total":960,"covered":229,"skipped":0,"pct":23.85},"statements":{"total":5791,"covered":1337,"skipped":0,"pct":23.08},"branches":{"total":5206,"covered":855,"skipped":0,"pct":16.42}}
,"/Users/a4243342/Desktop/XCMAX/成都修茈科技有限公司/MODstore_deploy/market/src/views/WorkbenchView.vue": {"lines":{"total":35,"covered":14,"skipped":0,"pct":40},"functions":{"total":19,"covered":1,"skipped":0,"pct":5.26},"statements":{"total":44,"covered":15,"skipped":0,"pct":34.09},"branches":{"total":73,"covered":17,"skipped":0,"pct":23.28}}
,"/Users/a4243342/Desktop/XCMAX/成都修茈科技有限公司/MODstore_deploy/market/src/views/WorkflowView.vue": {"lines":{"total":921,"covered":313,"skipped":0,"pct":33.98},"functions":{"total":175,"covered":39,"skipped":0,"pct":22.28},"statements":{"total":1002,"covered":329,"skipped":0,"pct":32.83},"branches":{"total":857,"covered":183,"skipped":0,"pct":21.35}}
,"/Users/a4243342/Desktop/XCMAX/成都修茈科技有限公司/MODstore_deploy/market/src/views/developer/DeveloperDocsPanel.vue": {"lines":{"total":19,"covered":19,"skipped":0,"pct":100},"functions":{"total":3,"covered":3,"skipped":0,"pct":100},"statements":{"total":20,"covered":20,"skipped":0,"pct":100},"branches":{"total":16,"covered":16,"skipped":0,"pct":100}}
,"/Users/a4243342/Desktop/XCMAX/成都修茈科技有限公司/MODstore_deploy/market/src/views/developer/DeveloperPortalView.vue": {"lines":{"total":9,"covered":8,"skipped":0,"pct":88.88},"functions":{"total":5,"covered":4,"skipped":0,"pct":80},"statements":{"total":13,"covered":12,"skipped":0,"pct":92.3},"branches":{"total":12,"covered":6,"skipped":0,"pct":50}}
,"/Users/a4243342/Desktop/XCMAX/成都修茈科技有限公司/MODstore_deploy/market/src/views/developer/DeveloperTokensPanel.vue": {"lines":{"total":181,"covered":77,"skipped":0,"pct":42.54},"functions":{"total":43,"covered":15,"skipped":0,"pct":34.88},"statements":{"total":204,"covered":82,"skipped":0,"pct":40.19},"branches":{"total":194,"covered":81,"skipped":0,"pct":41.75}}
,"/Users/a4243342/Desktop/XCMAX/成都修茈科技有限公司/MODstore_deploy/market/src/views/developer/DeveloperWebhooksPanel.vue": {"lines":{"total":154,"covered":93,"skipped":0,"pct":60.38},"functions":{"total":40,"covered":15,"skipped":0,"pct":37.5},"statements":{"total":160,"covered":96,"skipped":0,"pct":60},"branches":{"total":147,"covered":66,"skipped":0,"pct":44.89}}
,"/Users/a4243342/Desktop/XCMAX/成都修茈科技有限公司/MODstore_deploy/market/src/views/public/ForgotPasswordView.vue": {"lines":{"total":59,"covered":27,"skipped":0,"pct":45.76},"functions":{"total":12,"covered":4,"skipped":0,"pct":33.33},"statements":{"total":65,"covered":29,"skipped":0,"pct":44.61},"branches":{"total":59,"covered":18,"skipped":0,"pct":30.5}}
,"/Users/a4243342/Desktop/XCMAX/成都修茈科技有限公司/MODstore_deploy/market/src/views/public/HomeView.vue": {"lines":{"total":220,"covered":148,"skipped":0,"pct":67.27},"functions":{"total":65,"covered":37,"skipped":0,"pct":56.92},"statements":{"total":231,"covered":150,"skipped":0,"pct":64.93},"branches":{"total":273,"covered":147,"skipped":0,"pct":53.84}}
,"/Users/a4243342/Desktop/XCMAX/成都修茈科技有限公司/MODstore_deploy/market/src/views/public/LoginByEmailView.vue": {"lines":{"total":49,"covered":21,"skipped":0,"pct":42.85},"functions":{"total":10,"covered":2,"skipped":0,"pct":20},"statements":{"total":53,"covered":22,"skipped":0,"pct":41.5},"branches":{"total":34,"covered":13,"skipped":0,"pct":38.23}}
,"/Users/a4243342/Desktop/XCMAX/成都修茈科技有限公司/MODstore_deploy/market/src/views/public/LoginView.vue": {"lines":{"total":25,"covered":15,"skipped":0,"pct":60},"functions":{"total":6,"covered":3,"skipped":0,"pct":50},"statements":{"total":26,"covered":16,"skipped":0,"pct":61.53},"branches":{"total":20,"covered":18,"skipped":0,"pct":90}}
,"/Users/a4243342/Desktop/XCMAX/成都修茈科技有限公司/MODstore_deploy/market/src/views/public/PaymentPlansView.vue": {"lines":{"total":122,"covered":52,"skipped":0,"pct":42.62},"functions":{"total":21,"covered":9,"skipped":0,"pct":42.85},"statements":{"total":140,"covered":57,"skipped":0,"pct":40.71},"branches":{"total":145,"covered":28,"skipped":0,"pct":19.31}}
,"/Users/a4243342/Desktop/XCMAX/成都修茈科技有限公司/MODstore_deploy/market/src/views/public/RegisterView.vue": {"lines":{"total":64,"covered":28,"skipped":0,"pct":43.75},"functions":{"total":13,"covered":5,"skipped":0,"pct":38.46},"statements":{"total":70,"covered":30,"skipped":0,"pct":42.85},"branches":{"total":53,"covered":31,"skipped":0,"pct":58.49}}
,"/Users/a4243342/Desktop/XCMAX/成都修茈科技有限公司/MODstore_deploy/market/src/views/templates/TemplateDetailView.vue": {"lines":{"total":46,"covered":26,"skipped":0,"pct":56.52},"functions":{"total":7,"covered":2,"skipped":0,"pct":28.57},"statements":{"total":51,"covered":29,"skipped":0,"pct":56.86},"branches":{"total":56,"covered":8,"skipped":0,"pct":14.28}}
,"/Users/a4243342/Desktop/XCMAX/成都修茈科技有限公司/MODstore_deploy/market/src/views/templates/TemplatesView.vue": {"lines":{"total":70,"covered":44,"skipped":0,"pct":62.85},"functions":{"total":25,"covered":8,"skipped":0,"pct":32},"statements":{"total":74,"covered":46,"skipped":0,"pct":62.16},"branches":{"total":60,"covered":24,"skipped":0,"pct":40}}
,"/Users/a4243342/Desktop/XCMAX/成都修茈科技有限公司/MODstore_deploy/market/src/views/workbench/WorkbenchShell.vue": {"lines":{"total":206,"covered":99,"skipped":0,"pct":48.05},"functions":{"total":45,"covered":17,"skipped":0,"pct":37.77},"statements":{"total":215,"covered":101,"skipped":0,"pct":46.97},"branches":{"total":212,"covered":88,"skipped":0,"pct":41.5}}
,"/Users/a4243342/Desktop/XCMAX/成都修茈科技有限公司/MODstore_deploy/market/src/views/workbench/nodes/EmployeeModuleNode.vue": {"lines":{"total":30,"covered":9,"skipped":0,"pct":30},"functions":{"total":2,"covered":1,"skipped":0,"pct":50},"statements":{"total":32,"covered":10,"skipped":0,"pct":31.25},"branches":{"total":35,"covered":0,"skipped":0,"pct":0}}
,"/Users/a4243342/Desktop/XCMAX/成都修茈科技有限公司/MODstore_deploy/market/src/views/workbench/panels/CanvasStage.vue": {"lines":{"total":75,"covered":45,"skipped":0,"pct":60},"functions":{"total":33,"covered":14,"skipped":0,"pct":42.42},"statements":{"total":88,"covered":50,"skipped":0,"pct":56.81},"branches":{"total":83,"covered":34,"skipped":0,"pct":40.96}}
,"/Users/a4243342/Desktop/XCMAX/成都修茈科技有限公司/MODstore_deploy/market/src/views/workbench/panels/LeftRail.vue": {"lines":{"total":143,"covered":66,"skipped":0,"pct":46.15},"functions":{"total":37,"covered":12,"skipped":0,"pct":32.43},"statements":{"total":158,"covered":69,"skipped":0,"pct":43.67},"branches":{"total":131,"covered":34,"skipped":0,"pct":25.95}}
,"/Users/a4243342/Desktop/XCMAX/成都修茈科技有限公司/MODstore_deploy/market/src/views/workbench/panels/RightRail.vue": {"lines":{"total":418,"covered":173,"skipped":0,"pct":41.38},"functions":{"total":123,"covered":41,"skipped":0,"pct":33.33},"statements":{"total":464,"covered":186,"skipped":0,"pct":40.08},"branches":{"total":557,"covered":60,"skipped":0,"pct":10.77}}
,"/Users/a4243342/Desktop/XCMAX/成都修茈科技有限公司/MODstore_deploy/market/src/views/workflow/v2/WorkflowFlowEditor.vue": {"lines":{"total":164,"covered":41,"skipped":0,"pct":25},"functions":{"total":49,"covered":6,"skipped":0,"pct":12.24},"statements":{"total":185,"covered":43,"skipped":0,"pct":23.24},"branches":{"total":139,"covered":17,"skipped":0,"pct":12.23}}
,"/Users/a4243342/Desktop/XCMAX/成都修茈科技有限公司/MODstore_deploy/market/src/views/workflow/v2/WorkflowFlowEditorPage.vue": {"lines":{"total":8,"covered":8,"skipped":0,"pct":100},"functions":{"total":2,"covered":2,"skipped":0,"pct":100},"statements":{"total":9,"covered":9,"skipped":0,"pct":100},"branches":{"total":10,"covered":6,"skipped":0,"pct":60}}
,"/Users/a4243342/Desktop/XCMAX/成都修茈科技有限公司/MODstore_deploy/market/src/views/workflow/v2/composables/useAutoLayout.ts": {"lines":{"total":15,"covered":15,"skipped":0,"pct":100},"functions":{"total":2,"covered":2,"skipped":0,"pct":100},"statements":{"total":17,"covered":16,"skipped":0,"pct":94.11},"branches":{"total":8,"covered":7,"skipped":0,"pct":87.5}}
,"/Users/a4243342/Desktop/XCMAX/成都修茈科技有限公司/MODstore_deploy/market/src/views/workflow/v2/composables/useNodeRegistry.ts": {"lines":{"total":8,"covered":7,"skipped":0,"pct":87.5},"functions":{"total":5,"covered":5,"skipped":0,"pct":100},"statements":{"total":10,"covered":9,"skipped":0,"pct":90},"branches":{"total":4,"covered":3,"skipped":0,"pct":75}}
,"/Users/a4243342/Desktop/XCMAX/成都修茈科技有限公司/MODstore_deploy/market/src/views/workflow/v2/composables/useWorkflowGraph.ts": {"lines":{"total":106,"covered":15,"skipped":0,"pct":14.15},"functions":{"total":30,"covered":2,"skipped":0,"pct":6.66},"statements":{"total":128,"covered":15,"skipped":0,"pct":11.71},"branches":{"total":71,"covered":6,"skipped":0,"pct":8.45}}
,"/Users/a4243342/Desktop/XCMAX/成都修茈科技有限公司/MODstore_deploy/market/src/views/workflow/v2/nodes/GenericNode.vue": {"lines":{"total":19,"covered":7,"skipped":0,"pct":36.84},"functions":{"total":2,"covered":1,"skipped":0,"pct":50},"statements":{"total":20,"covered":8,"skipped":0,"pct":40},"branches":{"total":39,"covered":1,"skipped":0,"pct":2.56}}
,"/Users/a4243342/Desktop/XCMAX/成都修茈科技有限公司/MODstore_deploy/market/src/views/workflow/v2/panels/ExecutionReplay.vue": {"lines":{"total":53,"covered":34,"skipped":0,"pct":64.15},"functions":{"total":15,"covered":6,"skipped":0,"pct":40},"statements":{"total":62,"covered":37,"skipped":0,"pct":59.67},"branches":{"total":50,"covered":15,"skipped":0,"pct":30}}
,"/Users/a4243342/Desktop/XCMAX/成都修茈科技有限公司/MODstore_deploy/market/src/views/workflow/v2/panels/NodeLibraryPanel.vue": {"lines":{"total":19,"covered":13,"skipped":0,"pct":68.42},"functions":{"total":8,"covered":4,"skipped":0,"pct":50},"statements":{"total":21,"covered":14,"skipped":0,"pct":66.66},"branches":{"total":8,"covered":5,"skipped":0,"pct":62.5}}
,"/Users/a4243342/Desktop/XCMAX/成都修茈科技有限公司/MODstore_deploy/market/src/views/workflow/v2/panels/PropertiesPanel.vue": {"lines":{"total":75,"covered":37,"skipped":0,"pct":49.33},"functions":{"total":28,"covered":7,"skipped":0,"pct":25},"statements":{"total":84,"covered":40,"skipped":0,"pct":47.61},"branches":{"total":98,"covered":17,"skipped":0,"pct":17.34}}
,"/Users/a4243342/Desktop/XCMAX/成都修茈科技有限公司/MODstore_deploy/market/src/views/workflow/v2/panels/ToolbarPanel.vue": {"lines":{"total":13,"covered":4,"skipped":0,"pct":30.76},"functions":{"total":9,"covered":0,"skipped":0,"pct":0},"statements":{"total":14,"covered":5,"skipped":0,"pct":35.71},"branches":{"total":36,"covered":31,"skipped":0,"pct":86.11}}
,"/Users/a4243342/Desktop/XCMAX/成都修茈科技有限公司/MODstore_deploy/market/src/views/workflow/v2/panels/VariablesPanel.vue": {"lines":{"total":32,"covered":13,"skipped":0,"pct":40.62},"functions":{"total":9,"covered":2,"skipped":0,"pct":22.22},"statements":{"total":34,"covered":14,"skipped":0,"pct":41.17},"branches":{"total":28,"covered":2,"skipped":0,"pct":7.14}}
,"/Users/a4243342/Desktop/XCMAX/成都修茈科技有限公司/MODstore_deploy/market/src/views/workflow/v2/panels/VersionsPanel.vue": {"lines":{"total":39,"covered":27,"skipped":0,"pct":69.23},"functions":{"total":7,"covered":3,"skipped":0,"pct":42.85},"statements":{"total":42,"covered":28,"skipped":0,"pct":66.66},"branches":{"total":35,"covered":14,"skipped":0,"pct":40}}
,"/Users/a4243342/Desktop/XCMAX/成都修茈科技有限公司/MODstore_deploy/market/src/workers/whisper-asr-worker.ts": {"lines":{"total":46,"covered":0,"skipped":0,"pct":0},"functions":{"total":5,"covered":0,"skipped":0,"pct":0},"statements":{"total":53,"covered":0,"skipped":0,"pct":0},"branches":{"total":34,"covered":0,"skipped":0,"pct":0}}
}
